[2025-09-02T20:17:50.681511+00:00] [INFO] Загружен конфиг: {'headless': True, 'max_new_tweets': 60, 'parse_mode': 'incremental', 'since_date': '2024-01-01', 'max_stale_scrolls': 5, 'save_every_n_tweets': 50}
[2025-09-02T20:17:50.682245+00:00] [INFO] Загружено аккаунтов: 80 из accounts_PYTHIA.txt
[2025-09-02T20:17:50.682335+00:00] [INFO] Начинаем парсинг @jrdkzn с режимом 'incremental'
[2025-09-02T20:17:57.364421+00:00] [INFO] Страница @jrdkzn успешно загружена.
[2025-09-02T20:17:57.707839+00:00] [INFO] @jrdkzn: Найдено новых твитов: 5/60
[2025-09-02T20:18:01.294000+00:00] [INFO] @jrdkzn: Найдено новых твитов: 21/60
[2025-09-02T20:18:04.880103+00:00] [INFO] @jrdkzn: Найдено новых твитов: 29/60
[2025-09-02T20:18:08.623770+00:00] [INFO] @jrdkzn: Найдено новых твитов: 40/60
[2025-09-02T20:18:10.894817+00:00] [INFO] @jrdkzn: Сохраняем промежуточный результат (50 новых твитов)...
[2025-09-02T20:18:10.962309+00:00] [INFO] @jrdkzn: Найдено новых твитов: 54/60
[2025-09-02T20:18:14.941602+00:00] [INFO] @jrdkzn: Найдено новых твитов: 60/60
[2025-09-02T20:18:18.731899+00:00] [INFO] @jrdkzn: Найдено 60 новых твитов. Сохранение итогового результата...
[2025-09-02T20:18:18.733867+00:00] [INFO] ✅ @jrdkzn: Готово. Всего твитов в файле: 60.
[2025-09-02T20:18:18.733928+00:00] [INFO] --- Перерыв перед следующим аккаунтом ---
[2025-09-02T20:18:26.843330+00:00] [INFO] Начинаем парсинг @Dios0124 с режимом 'incremental'
[2025-09-02T20:18:32.681694+00:00] [INFO] Страница @Dios0124 успешно загружена.
[2025-09-02T20:18:32.797321+00:00] [INFO] @Dios0124: Найдено новых твитов: 3/60
[2025-09-02T20:18:36.670083+00:00] [INFO] @Dios0124: Найдено новых твитов: 11/60
[2025-09-02T20:18:40.439749+00:00] [INFO] @Dios0124: Найдено новых твитов: 13/60
[2025-09-02T20:18:42.564037+00:00] [INFO] @Dios0124: Найдено новых твитов: 16/60
[2025-09-02T20:18:45.942124+00:00] [INFO] @Dios0124: Найдено новых твитов: 22/60
[2025-09-02T20:18:49.750390+00:00] [INFO] @Dios0124: Найдено новых твитов: 27/60
[2025-09-02T20:18:53.251640+00:00] [INFO] @Dios0124: Найдено новых твитов: 32/60
[2025-09-02T20:18:55.818833+00:00] [INFO] @Dios0124: Найдено новых твитов: 35/60
[2025-09-02T20:18:58.156843+00:00] [INFO] @Dios0124: Найдено новых твитов: 41/60
[2025-09-02T20:19:01.399343+00:00] [INFO] @Dios0124: Найдено новых твитов: 47/60
[2025-09-02T20:19:05.014510+00:00] [INFO] @Dios0124: Сохраняем промежуточный результат (50 новых твитов)...
[2025-09-02T20:19:05.077730+00:00] [INFO] @Dios0124: Найдено новых твитов: 54/60
[2025-09-02T20:19:07.403762+00:00] [INFO] @Dios0124: Найдено новых твитов: 60/60
[2025-09-02T20:19:09.631650+00:00] [INFO] @Dios0124: Найдено 60 новых твитов. Сохранение итогового результата...
[2025-09-02T20:19:09.632869+00:00] [INFO] ✅ @Dios0124: Готово. Всего твитов в файле: 60.
[2025-09-02T20:19:09.632940+00:00] [INFO] --- Перерыв перед следующим аккаунтом ---
[2025-09-02T20:19:18.903910+00:00] [INFO] Начинаем парсинг @embervoid123 с режимом 'incremental'
[2025-09-02T20:19:25.446178+00:00] [INFO] Страница @embervoid123 успешно загружена.
[2025-09-02T20:19:30.571982+00:00] [INFO] @embervoid123: Найдено новых твитов: 1/60
[2025-09-02T20:19:43.924628+00:00] [INFO] @embervoid123: Найдено новых твитов: 9/60
[2025-09-02T20:20:07.053154+00:00] [INFO] @embervoid123: Найдено новых твитов: 14/60
[2025-09-02T20:20:25.036706+00:00] [INFO] @embervoid123: Найдено новых твитов: 17/60
[2025-09-02T20:20:37.671241+00:00] [INFO] @embervoid123: Найдено новых твитов: 22/60
[2025-09-02T20:21:01.247808+00:00] [INFO] @embervoid123: Найдено новых твитов: 26/60
[2025-09-02T20:21:25.301773+00:00] [INFO] @embervoid123: Найдено новых твитов: 31/60
[2025-09-02T20:21:39.217830+00:00] [INFO] @embervoid123: Найдено новых твитов: 38/60
[2025-09-02T20:21:51.619823+00:00] [INFO] @embervoid123: Найдено новых твитов: 42/60
[2025-09-02T20:21:54.957814+00:00] [INFO] @embervoid123: Сохраняем промежуточный результат (50 новых твитов)...
[2025-09-02T20:21:54.958867+00:00] [INFO] @embervoid123: Найдено новых твитов: 50/60
[2025-09-02T20:22:02.354688+00:00] [INFO] @embervoid123: Найдено новых твитов: 53/60
[2025-09-02T20:22:36.340531+00:00] [INFO] @embervoid123: Найдено новых твитов: 56/60
[2025-09-02T20:22:53.441016+00:00] [INFO] @embervoid123: Найдено новых твитов: 60/60
[2025-09-02T20:22:56.587647+00:00] [INFO] @embervoid123: Найдено 60 новых твитов. Сохранение итогового результата...
[2025-09-02T20:22:56.589472+00:00] [INFO] ✅ @embervoid123: Готово. Всего твитов в файле: 60.
[2025-09-02T20:22:56.589597+00:00] [INFO] --- Перерыв перед следующим аккаунтом ---
[2025-09-02T20:23:03.312716+00:00] [INFO] Начинаем парсинг @valleygirlq с режимом 'incremental'
[2025-09-02T20:23:09.851569+00:00] [INFO] Страница @valleygirlq успешно загружена.
[2025-09-02T20:23:09.943944+00:00] [INFO] @valleygirlq: Найдено новых твитов: 3/60
[2025-09-02T20:23:12.867269+00:00] [INFO] @valleygirlq: Найдено новых твитов: 10/60
[2025-09-02T20:23:16.579391+00:00] [INFO] @valleygirlq: Найдено новых твитов: 17/60
[2025-09-02T20:23:19.936748+00:00] [INFO] @valleygirlq: Найдено новых твитов: 23/60
[2025-09-02T20:23:22.914238+00:00] [INFO] @valleygirlq: Найдено новых твитов: 36/60
[2025-09-02T20:23:25.705170+00:00] [INFO] @valleygirlq: Сохраняем промежуточный результат (50 новых твитов)...
[2025-09-02T20:23:25.724965+00:00] [INFO] @valleygirlq: Найдено новых твитов: 51/60
[2025-09-02T20:23:29.716695+00:00] [INFO] @valleygirlq: Найдено новых твитов: 60/60
[2025-09-02T20:23:33.293896+00:00] [INFO] @valleygirlq: Найдено 60 новых твитов. Сохранение итогового результата...
[2025-09-02T20:23:33.294882+00:00] [INFO] ✅ @valleygirlq: Готово. Всего твитов в файле: 60.
[2025-09-02T20:23:33.294950+00:00] [INFO] --- Перерыв перед следующим аккаунтом ---
[2025-09-02T20:23:39.160049+00:00] [INFO] Начинаем парсинг @taran_s95 с режимом 'incremental'
[2025-09-02T20:23:45.986666+00:00] [INFO] Страница @taran_s95 успешно загружена.
[2025-09-02T20:23:46.064548+00:00] [INFO] @taran_s95: Найдено новых твитов: 3/60
[2025-09-02T20:23:49.146613+00:00] [INFO] @taran_s95: Найдено новых твитов: 9/60
[2025-09-02T20:23:52.485366+00:00] [INFO] @taran_s95: Найдено новых твитов: 16/60
[2025-09-02T20:23:55.355646+00:00] [INFO] @taran_s95: Найдено новых твитов: 20/60
[2025-09-02T20:23:58.549567+00:00] [INFO] @taran_s95: Найдено новых твитов: 20/60
[2025-09-02T20:23:58.550426+00:00] [INFO] @taran_s95: Прокрутка не дала результатов. Попытка 1/5
[2025-09-02T20:24:02.024290+00:00] [INFO] @taran_s95: Найдено новых твитов: 20/60
[2025-09-02T20:24:02.024793+00:00] [INFO] @taran_s95: Прокрутка не дала результатов. Попытка 2/5
[2025-09-02T20:24:05.001085+00:00] [INFO] @taran_s95: Найдено новых твитов: 20/60
[2025-09-02T20:24:05.002151+00:00] [INFO] @taran_s95: Прокрутка не дала результатов. Попытка 3/5
[2025-09-02T20:24:07.956352+00:00] [INFO] @taran_s95: Найдено новых твитов: 20/60
[2025-09-02T20:24:07.956562+00:00] [INFO] @taran_s95: Прокрутка не дала результатов. Попытка 4/5
[2025-09-02T20:24:11.782267+00:00] [INFO] @taran_s95: Найдено новых твитов: 20/60
[2025-09-02T20:24:11.783252+00:00] [INFO] @taran_s95: Прокрутка не дала результатов. Попытка 5/5
[2025-09-02T20:24:11.855142+00:00] [INFO] @taran_s95: Найдено 20 новых твитов. Сохранение итогового результата...
[2025-09-02T20:24:11.855965+00:00] [INFO] ✅ @taran_s95: Готово. Всего твитов в файле: 20.
[2025-09-02T20:24:11.856044+00:00] [INFO] --- Перерыв перед следующим аккаунтом ---
[2025-09-02T20:24:19.316005+00:00] [INFO] Начинаем парсинг @gem_insider с режимом 'incremental'
[2025-09-02T20:24:43.033626+00:00] [ERROR] Таймаут при загрузке страницы @gem_insider или не найдены твиты.
[2025-09-02T20:24:43.092295+00:00] [INFO] --- Перерыв перед следующим аккаунтом ---
[2025-09-02T20:24:51.910015+00:00] [INFO] Начинаем парсинг @navi9000x с режимом 'incremental'
[2025-09-02T20:25:15.000328+00:00] [ERROR] Таймаут при загрузке страницы @navi9000x или не найдены твиты.
[2025-09-02T20:25:15.071273+00:00] [INFO] --- Перерыв перед следующим аккаунтом ---
[2025-09-02T20:25:23.359424+00:00] [INFO] Начинаем парсинг @beprimal01 с режимом 'incremental'
[2025-09-02T20:25:46.647354+00:00] [ERROR] Таймаут при загрузке страницы @beprimal01 или не найдены твиты.
[2025-09-02T20:25:46.737730+00:00] [INFO] --- Перерыв перед следующим аккаунтом ---
[2025-09-02T20:25:56.533249+00:00] [INFO] Начинаем парсинг @7azelf7 с режимом 'incremental'
[2025-09-02T20:26:19.688396+00:00] [ERROR] Таймаут при загрузке страницы @7azelf7 или не найдены твиты.
[2025-09-02T20:26:19.757120+00:00] [INFO] --- Перерыв перед следующим аккаунтом ---
[2025-09-02T20:26:27.080268+00:00] [INFO] Начинаем парсинг @saifmr20 с режимом 'incremental'
[2025-09-02T20:26:33.869175+00:00] [INFO] Страница @saifmr20 успешно загружена.
[2025-09-02T20:26:33.981006+00:00] [INFO] @saifmr20: Найдено новых твитов: 3/60
[2025-09-02T20:26:36.128687+00:00] [INFO] @saifmr20: Найдено новых твитов: 6/60
[2025-09-02T20:26:38.242149+00:00] [INFO] @saifmr20: Найдено новых твитов: 9/60
[2025-09-02T20:26:40.407212+00:00] [INFO] @saifmr20: Найдено новых твитов: 17/60
[2025-09-02T20:26:43.156512+00:00] [INFO] @saifmr20: Найдено новых твитов: 22/60
[2025-09-02T20:26:45.357323+00:00] [INFO] @saifmr20: Найдено новых твитов: 26/60
[2025-09-02T20:26:48.985918+00:00] [INFO] @saifmr20: Найдено новых твитов: 29/60
[2025-09-02T20:26:51.179357+00:00] [INFO] @saifmr20: Найдено новых твитов: 30/60
[2025-09-02T20:26:54.008462+00:00] [INFO] @saifmr20: Найдено новых твитов: 34/60
[2025-09-02T20:26:56.395997+00:00] [INFO] @saifmr20: Найдено новых твитов: 37/60
[2025-09-02T20:26:59.519039+00:00] [INFO] @saifmr20: Найдено новых твитов: 39/60
[2025-09-02T20:27:02.101938+00:00] [INFO] @saifmr20: Найдено новых твитов: 41/60
[2025-09-02T20:27:05.050409+00:00] [INFO] @saifmr20: Найдено новых твитов: 43/60
[2025-09-02T20:27:12.768702+00:00] [INFO] @saifmr20: Найдено новых твитов: 48/60
[2025-09-02T20:27:16.472227+00:00] [INFO] @saifmr20: Сохраняем промежуточный результат (50 новых твитов)...
[2025-09-02T20:27:16.524496+00:00] [INFO] @saifmr20: Найдено новых твитов: 50/60
[2025-09-02T20:27:20.621588+00:00] [INFO] @saifmr20: Найдено новых твитов: 53/60
[2025-09-02T20:27:23.171636+00:00] [INFO] @saifmr20: Найдено новых твитов: 56/60
[2025-09-02T20:27:26.664845+00:00] [INFO] @saifmr20: Найдено новых твитов: 60/60
[2025-09-02T20:27:30.613381+00:00] [INFO] @saifmr20: Найдено 60 новых твитов. Сохранение итогового результата...
[2025-09-02T20:27:30.615769+00:00] [INFO] ✅ @saifmr20: Готово. Всего твитов в файле: 60.
[2025-09-02T20:27:30.615845+00:00] [INFO] --- Перерыв перед следующим аккаунтом ---
[2025-09-02T20:27:36.354785+00:00] [INFO] Начинаем парсинг @AsteroidLabsX с режимом 'incremental'
[2025-09-02T20:27:42.736336+00:00] [INFO] Страница @AsteroidLabsX успешно загружена.
[2025-09-02T20:27:42.834616+00:00] [INFO] @AsteroidLabsX: Найдено новых твитов: 3/60
[2025-09-02T20:27:45.087318+00:00] [INFO] @AsteroidLabsX: Найдено новых твитов: 9/60
[2025-09-02T20:27:47.743246+00:00] [INFO] @AsteroidLabsX: Найдено новых твитов: 17/60
[2025-09-02T20:27:51.575278+00:00] [INFO] @AsteroidLabsX: Найдено новых твитов: 21/60
[2025-09-02T20:27:54.236455+00:00] [INFO] @AsteroidLabsX: Найдено новых твитов: 26/60
[2025-09-02T20:27:58.199759+00:00] [INFO] @AsteroidLabsX: Найдено новых твитов: 33/60
[2025-09-02T20:28:01.281270+00:00] [INFO] @AsteroidLabsX: Найдено новых твитов: 38/60
[2025-09-02T20:28:04.832942+00:00] [INFO] @AsteroidLabsX: Найдено новых твитов: 45/60
[2025-09-02T20:28:07.599229+00:00] [INFO] @AsteroidLabsX: Сохраняем промежуточный результат (50 новых твитов)...
[2025-09-02T20:28:07.636679+00:00] [INFO] @AsteroidLabsX: Найдено новых твитов: 52/60
[2025-09-02T20:28:11.403171+00:00] [INFO] @AsteroidLabsX: Найдено новых твитов: 59/60
[2025-09-02T20:28:15.007073+00:00] [INFO] @AsteroidLabsX: Найдено новых твитов: 60/60
[2025-09-02T20:28:18.806096+00:00] [INFO] @AsteroidLabsX: Найдено 60 новых твитов. Сохранение итогового результата...
[2025-09-02T20:28:18.807864+00:00] [INFO] ✅ @AsteroidLabsX: Готово. Всего твитов в файле: 60.
[2025-09-02T20:28:18.807958+00:00] [INFO] --- Перерыв перед следующим аккаунтом ---
[2025-09-02T20:28:28.266304+00:00] [INFO] Начинаем парсинг @SolanaGambe с режимом 'incremental'
[2025-09-02T20:28:34.747200+00:00] [INFO] Страница @SolanaGambe успешно загружена.
[2025-09-02T20:28:34.824080+00:00] [INFO] @SolanaGambe: Найдено новых твитов: 4/60
[2025-09-02T20:28:37.080583+00:00] [INFO] @SolanaGambe: Найдено новых твитов: 16/60
[2025-09-02T20:28:40.064139+00:00] [INFO] @SolanaGambe: Найдено новых твитов: 23/60
[2025-09-02T20:28:42.623110+00:00] [INFO] @SolanaGambe: Найдено новых твитов: 35/60
[2025-09-02T20:28:44.831698+00:00] [INFO] @SolanaGambe: Найдено новых твитов: 46/60
[2025-09-02T20:28:47.132057+00:00] [INFO] @SolanaGambe: Сохраняем промежуточный результат (50 новых твитов)...
[2025-09-02T20:28:47.188179+00:00] [INFO] @SolanaGambe: Найдено новых твитов: 53/60
[2025-09-02T20:28:49.667300+00:00] [INFO] @SolanaGambe: Найдено новых твитов: 60/60
[2025-09-02T20:28:53.380593+00:00] [INFO] @SolanaGambe: Найдено 60 новых твитов. Сохранение итогового результата...
[2025-09-02T20:28:53.381629+00:00] [INFO] ✅ @SolanaGambe: Готово. Всего твитов в файле: 60.
[2025-09-02T20:28:53.381712+00:00] [INFO] --- Перерыв перед следующим аккаунтом ---
[2025-09-02T20:28:58.450394+00:00] [INFO] Начинаем парсинг @sleeplessonlife с режимом 'incremental'
[2025-09-02T20:29:05.129616+00:00] [INFO] Страница @sleeplessonlife успешно загружена.
[2025-09-02T20:29:05.243055+00:00] [INFO] @sleeplessonlife: Найдено новых твитов: 4/60
[2025-09-02T20:29:07.972873+00:00] [INFO] @sleeplessonlife: Найдено новых твитов: 9/60
[2025-09-02T20:29:10.989987+00:00] [INFO] @sleeplessonlife: Найдено новых твитов: 17/60
[2025-09-02T20:29:49.444581+00:00] [INFO] @sleeplessonlife: Найдено новых твитов: 26/60
[2025-09-02T20:30:22.627859+00:00] [INFO] @sleeplessonlife: Найдено новых твитов: 38/60
[2025-09-02T20:30:26.580442+00:00] [INFO] @sleeplessonlife: Сохраняем промежуточный результат (50 новых твитов)...
[2025-09-02T20:30:26.581376+00:00] [INFO] @sleeplessonlife: Найдено новых твитов: 50/60
[2025-09-02T20:30:30.117513+00:00] [INFO] @sleeplessonlife: Найдено новых твитов: 60/60
[2025-09-02T20:30:34.167566+00:00] [INFO] @sleeplessonlife: Найдено 60 новых твитов. Сохранение итогового результата...
[2025-09-02T20:30:34.169581+00:00] [INFO] ✅ @sleeplessonlife: Готово. Всего твитов в файле: 60.
[2025-09-02T20:30:34.169683+00:00] [INFO] --- Перерыв перед следующим аккаунтом ---
[2025-09-02T20:30:43.018819+00:00] [INFO] Начинаем парсинг @FireStealer2035 с режимом 'incremental'
[2025-09-02T20:30:49.527427+00:00] [INFO] Страница @FireStealer2035 успешно загружена.
[2025-09-02T20:30:54.712760+00:00] [INFO] @FireStealer2035: Найдено новых твитов: 1/60
[2025-09-02T20:30:56.875361+00:00] [INFO] @FireStealer2035: Найдено новых твитов: 8/60
[2025-09-02T20:31:00.717527+00:00] [INFO] @FireStealer2035: Найдено новых твитов: 14/60
[2025-09-02T20:31:03.597449+00:00] [INFO] @FireStealer2035: Найдено новых твитов: 20/60
[2025-09-02T20:31:06.477118+00:00] [INFO] @FireStealer2035: Найдено новых твитов: 26/60
[2025-09-02T20:31:09.748719+00:00] [INFO] @FireStealer2035: Найдено новых твитов: 32/60
[2025-09-02T20:31:12.868982+00:00] [INFO] @FireStealer2035: Найдено новых твитов: 37/60
[2025-09-02T20:31:15.446805+00:00] [INFO] @FireStealer2035: Найдено новых твитов: 40/60
[2025-09-02T20:31:19.467875+00:00] [INFO] @FireStealer2035: Найдено новых твитов: 47/60
[2025-09-02T20:31:23.501723+00:00] [INFO] @FireStealer2035: Сохраняем промежуточный результат (50 новых твитов)...
[2025-09-02T20:31:23.584521+00:00] [INFO] @FireStealer2035: Найдено новых твитов: 55/60
[2025-09-02T20:31:26.226227+00:00] [INFO] @FireStealer2035: Найдено новых твитов: 58/60
[2025-09-02T20:31:30.115416+00:00] [INFO] @FireStealer2035: Найдено новых твитов: 60/60
[2025-09-02T20:31:32.515192+00:00] [INFO] @FireStealer2035: Найдено 60 новых твитов. Сохранение итогового результата...
[2025-09-02T20:31:32.516622+00:00] [INFO] ✅ @FireStealer2035: Готово. Всего твитов в файле: 60.
[2025-09-02T20:31:32.516695+00:00] [INFO] --- Перерыв перед следующим аккаунтом ---
[2025-09-02T20:31:38.021683+00:00] [INFO] Начинаем парсинг @Ashborn95 с режимом 'incremental'
[2025-09-02T20:31:44.493990+00:00] [INFO] Страница @Ashborn95 успешно загружена.
[2025-09-02T20:31:44.586654+00:00] [INFO] @Ashborn95: Найдено новых твитов: 4/60
[2025-09-02T20:31:48.651106+00:00] [INFO] @Ashborn95: Найдено новых твитов: 13/60
[2025-09-02T20:31:50.970718+00:00] [INFO] @Ashborn95: Найдено новых твитов: 24/60
[2025-09-02T20:31:54.912777+00:00] [INFO] @Ashborn95: Найдено новых твитов: 35/60
[2025-09-02T20:31:58.187216+00:00] [INFO] @Ashborn95: Найдено новых твитов: 43/60
[2025-09-02T20:32:02.019400+00:00] [INFO] @Ashborn95: Найдено новых твитов: 49/60
[2025-09-02T20:32:04.680421+00:00] [INFO] @Ashborn95: Сохраняем промежуточный результат (50 новых твитов)...
[2025-09-02T20:32:04.785786+00:00] [INFO] @Ashborn95: Найдено новых твитов: 57/60
[2025-09-02T20:32:07.155083+00:00] [INFO] @Ashborn95: Найдено новых твитов: 60/60
[2025-09-02T20:32:09.674463+00:00] [INFO] @Ashborn95: Найдено 60 новых твитов. Сохранение итогового результата...
[2025-09-02T20:32:09.675711+00:00] [INFO] ✅ @Ashborn95: Готово. Всего твитов в файле: 60.
[2025-09-02T20:32:09.675777+00:00] [INFO] --- Перерыв перед следующим аккаунтом ---
[2025-09-02T20:32:15.734883+00:00] [INFO] Начинаем парсинг @GlydoAlerts с режимом 'incremental'
[2025-09-02T20:32:21.950153+00:00] [INFO] Страница @GlydoAlerts успешно загружена.
[2025-09-02T20:32:22.029571+00:00] [INFO] @GlydoAlerts: Найдено новых твитов: 3/60
[2025-09-02T20:32:24.375365+00:00] [INFO] @GlydoAlerts: Найдено новых твитов: 10/60
[2025-09-02T20:32:27.800649+00:00] [INFO] @GlydoAlerts: Найдено новых твитов: 18/60
[2025-09-02T20:32:30.757679+00:00] [INFO] @GlydoAlerts: Найдено новых твитов: 23/60
[2025-09-02T20:32:33.994713+00:00] [INFO] @GlydoAlerts: Найдено новых твитов: 30/60
[2025-09-02T20:32:36.432034+00:00] [INFO] @GlydoAlerts: Найдено новых твитов: 37/60
[2025-09-02T20:32:40.471166+00:00] [INFO] @GlydoAlerts: Найдено новых твитов: 43/60
[2025-09-02T20:32:44.025522+00:00] [INFO] @GlydoAlerts: Сохраняем промежуточный результат (50 новых твитов)...
[2025-09-02T20:32:44.026760+00:00] [INFO] @GlydoAlerts: Найдено новых твитов: 50/60
[2025-09-02T20:32:47.159745+00:00] [INFO] @GlydoAlerts: Найдено новых твитов: 56/60
[2025-09-02T20:32:50.367930+00:00] [INFO] @GlydoAlerts: Найдено новых твитов: 60/60
[2025-09-02T20:32:53.216355+00:00] [INFO] @GlydoAlerts: Найдено 60 новых твитов. Сохранение итогового результата...
[2025-09-02T20:32:53.217669+00:00] [INFO] ✅ @GlydoAlerts: Готово. Всего твитов в файле: 60.
[2025-09-02T20:32:53.217745+00:00] [INFO] --- Перерыв перед следующим аккаунтом ---
[2025-09-02T20:33:02.408305+00:00] [INFO] Начинаем парсинг @EasyInvests с режимом 'incremental'
[2025-09-02T20:33:07.718513+00:00] [INFO] Страница @EasyInvests успешно загружена.
[2025-09-02T20:33:07.837162+00:00] [INFO] @EasyInvests: Найдено новых твитов: 5/60
[2025-09-02T20:33:11.620391+00:00] [INFO] @EasyInvests: Найдено новых твитов: 20/60
[2025-09-02T20:33:15.056734+00:00] [INFO] @EasyInvests: Найдено новых твитов: 29/60
[2025-09-02T20:33:18.286235+00:00] [INFO] @EasyInvests: Найдено новых твитов: 44/60
[2025-09-02T20:33:21.899142+00:00] [INFO] @EasyInvests: Сохраняем промежуточный результат (50 новых твитов)...
[2025-09-02T20:33:22.041962+00:00] [INFO] @EasyInvests: Найдено новых твитов: 56/60
[2025-09-02T20:33:25.635191+00:00] [INFO] @EasyInvests: Найдено новых твитов: 60/60
[2025-09-02T20:33:27.838421+00:00] [INFO] @EasyInvests: Найдено 60 новых твитов. Сохранение итогового результата...
[2025-09-02T20:33:27.839488+00:00] [INFO] ✅ @EasyInvests: Готово. Всего твитов в файле: 60.
[2025-09-02T20:33:27.839551+00:00] [INFO] --- Перерыв перед следующим аккаунтом ---
[2025-09-02T20:33:33.439480+00:00] [INFO] Начинаем парсинг @SolanaHub_ с режимом 'incremental'
[2025-09-02T20:33:39.333002+00:00] [INFO] Страница @SolanaHub_ успешно загружена.
[2025-09-02T20:33:39.408647+00:00] [INFO] @SolanaHub_: Найдено новых твитов: 2/60
[2025-09-02T20:33:43.573646+00:00] [INFO] @SolanaHub_: Найдено новых твитов: 10/60
[2025-09-02T20:33:46.234882+00:00] [INFO] @SolanaHub_: Найдено новых твитов: 15/60
[2025-09-02T20:33:49.209969+00:00] [INFO] @SolanaHub_: Найдено новых твитов: 21/60
[2025-09-02T20:33:52.547356+00:00] [INFO] @SolanaHub_: Найдено новых твитов: 27/60
[2025-09-02T20:33:56.421033+00:00] [INFO] @SolanaHub_: Найдено новых твитов: 32/60
[2025-09-02T20:34:00.162868+00:00] [INFO] @SolanaHub_: Найдено новых твитов: 40/60
[2025-09-02T20:34:02.763221+00:00] [INFO] @SolanaHub_: Найдено новых твитов: 44/60
[2025-09-02T20:34:06.161615+00:00] [INFO] @SolanaHub_: Сохраняем промежуточный результат (50 новых твитов)...
[2025-09-02T20:34:06.179321+00:00] [INFO] @SolanaHub_: Найдено новых твитов: 51/60
[2025-09-02T20:34:08.386205+00:00] [INFO] @SolanaHub_: Найдено новых твитов: 58/60
[2025-09-02T20:34:12.193014+00:00] [INFO] @SolanaHub_: Найдено новых твитов: 60/60
[2025-09-02T20:34:16.024233+00:00] [INFO] @SolanaHub_: Найдено 60 новых твитов. Сохранение итогового результата...
[2025-09-02T20:34:16.025624+00:00] [INFO] ✅ @SolanaHub_: Готово. Всего твитов в файле: 60.
[2025-09-02T20:34:16.025714+00:00] [INFO] --- Перерыв перед следующим аккаунтом ---
[2025-09-02T20:34:25.081259+00:00] [INFO] Начинаем парсинг @Orama_Desci с режимом 'incremental'
[2025-09-02T20:34:29.903113+00:00] [INFO] Страница @Orama_Desci успешно загружена.
[2025-09-02T20:34:29.976524+00:00] [INFO] @Orama_Desci: Найдено новых твитов: 2/60
[2025-09-02T20:34:34.003822+00:00] [INFO] @Orama_Desci: Найдено новых твитов: 7/60
[2025-09-02T20:34:37.999113+00:00] [INFO] @Orama_Desci: Найдено новых твитов: 7/60
[2025-09-02T20:34:37.999565+00:00] [INFO] @Orama_Desci: Прокрутка не дала результатов. Попытка 1/5
[2025-09-02T20:34:40.171888+00:00] [INFO] @Orama_Desci: Найдено новых твитов: 7/60
[2025-09-02T20:34:40.172241+00:00] [INFO] @Orama_Desci: Прокрутка не дала результатов. Попытка 2/5
[2025-09-02T20:34:43.507132+00:00] [INFO] @Orama_Desci: Найдено новых твитов: 7/60
[2025-09-02T20:34:43.507330+00:00] [INFO] @Orama_Desci: Прокрутка не дала результатов. Попытка 3/5
[2025-09-02T20:34:46.501383+00:00] [INFO] @Orama_Desci: Найдено новых твитов: 7/60
[2025-09-02T20:34:46.502348+00:00] [INFO] @Orama_Desci: Прокрутка не дала результатов. Попытка 4/5
[2025-09-02T20:34:48.607189+00:00] [INFO] @Orama_Desci: Найдено новых твитов: 7/60
[2025-09-02T20:34:48.607407+00:00] [INFO] @Orama_Desci: Прокрутка не дала результатов. Попытка 5/5
[2025-09-02T20:34:48.668757+00:00] [INFO] @Orama_Desci: Найдено 7 новых твитов. Сохранение итогового результата...
[2025-09-02T20:34:48.669396+00:00] [INFO] ✅ @Orama_Desci: Готово. Всего твитов в файле: 7.
[2025-09-02T20:34:48.669476+00:00] [INFO] --- Перерыв перед следующим аккаунтом ---
[2025-09-02T20:34:55.943113+00:00] [INFO] Начинаем парсинг @Dickson3move с режимом 'incremental'
[2025-09-02T20:35:02.853981+00:00] [INFO] Страница @Dickson3move успешно загружена.
[2025-09-02T20:35:02.931329+00:00] [INFO] @Dickson3move: Найдено новых твитов: 3/60
[2025-09-02T20:35:05.848946+00:00] [INFO] @Dickson3move: Найдено новых твитов: 9/60
[2025-09-02T20:35:09.733459+00:00] [INFO] @Dickson3move: Найдено новых твитов: 17/60
[2025-09-02T20:35:13.759154+00:00] [INFO] @Dickson3move: Найдено новых твитов: 24/60
[2025-09-02T20:35:17.761178+00:00] [INFO] @Dickson3move: Найдено новых твитов: 30/60
[2025-09-02T20:35:20.878848+00:00] [INFO] @Dickson3move: Найдено новых твитов: 35/60
[2025-09-02T20:35:23.554359+00:00] [INFO] @Dickson3move: Найдено новых твитов: 44/60
[2025-09-02T20:35:26.429951+00:00] [INFO] @Dickson3move: Сохраняем промежуточный результат (50 новых твитов)...
[2025-09-02T20:35:26.446400+00:00] [INFO] @Dickson3move: Найдено новых твитов: 51/60
[2025-09-02T20:35:29.318523+00:00] [INFO] @Dickson3move: Найдено новых твитов: 60/60
[2025-09-02T20:35:32.139634+00:00] [INFO] @Dickson3move: Найдено 60 новых твитов. Сохранение итогового результата...
[2025-09-02T20:35:32.141178+00:00] [INFO] ✅ @Dickson3move: Готово. Всего твитов в файле: 60.
[2025-09-02T20:35:32.141255+00:00] [INFO] --- Перерыв перед следующим аккаунтом ---
[2025-09-02T20:35:38.289160+00:00] [INFO] Начинаем парсинг @CryptoDiffer с режимом 'incremental'
[2025-09-02T20:35:44.434709+00:00] [INFO] Страница @CryptoDiffer успешно загружена.
[2025-09-02T20:35:44.520219+00:00] [INFO] @CryptoDiffer: Найдено новых твитов: 3/60
[2025-09-02T20:35:47.494714+00:00] [INFO] @CryptoDiffer: Найдено новых твитов: 9/60
[2025-09-02T20:35:49.836101+00:00] [INFO] @CryptoDiffer: Найдено новых твитов: 16/60
[2025-09-02T20:35:53.117426+00:00] [INFO] @CryptoDiffer: Найдено новых твитов: 21/60
[2025-09-02T20:35:56.420112+00:00] [INFO] @CryptoDiffer: Найдено новых твитов: 26/60
[2025-09-02T20:35:59.939000+00:00] [INFO] @CryptoDiffer: Найдено новых твитов: 33/60
[2025-09-02T20:36:03.440067+00:00] [INFO] @CryptoDiffer: Найдено новых твитов: 39/60
[2025-09-02T20:36:05.917201+00:00] [INFO] @CryptoDiffer: Найдено новых твитов: 45/60
[2025-09-02T20:36:08.775712+00:00] [INFO] @CryptoDiffer: Сохраняем промежуточный результат (50 новых твитов)...
[2025-09-02T20:36:08.887173+00:00] [INFO] @CryptoDiffer: Найдено новых твитов: 53/60
[2025-09-02T20:36:12.020641+00:00] [INFO] @CryptoDiffer: Найдено новых твитов: 58/60
[2025-09-02T20:36:14.360845+00:00] [INFO] @CryptoDiffer: Найдено новых твитов: 60/60
[2025-09-02T20:36:17.918674+00:00] [INFO] @CryptoDiffer: Найдено 60 новых твитов. Сохранение итогового результата...
[2025-09-02T20:36:17.919936+00:00] [INFO] ✅ @CryptoDiffer: Готово. Всего твитов в файле: 60.
[2025-09-02T20:36:17.920026+00:00] [INFO] --- Перерыв перед следующим аккаунтом ---
[2025-09-02T20:36:25.854732+00:00] [INFO] Начинаем парсинг @cryptoniker с режимом 'incremental'
[2025-09-02T20:36:49.188761+00:00] [ERROR] Таймаут при загрузке страницы @cryptoniker или не найдены твиты.
[2025-09-02T20:36:49.244877+00:00] [INFO] --- Перерыв перед следующим аккаунтом ---
[2025-09-02T20:36:56.397047+00:00] [INFO] Начинаем парсинг @_Bitnation_ с режимом 'incremental'
[2025-09-02T20:37:19.280131+00:00] [ERROR] Таймаут при загрузке страницы @_Bitnation_ или не найдены твиты.
[2025-09-02T20:37:19.341154+00:00] [INFO] --- Перерыв перед следующим аккаунтом ---
[2025-09-02T20:37:24.841596+00:00] [INFO] Начинаем парсинг @ProfidamusAI с режимом 'incremental'
[2025-09-02T20:38:25.274270+00:00] [ERROR] Таймаут при загрузке страницы @ProfidamusAI или не найдены твиты.
[2025-09-02T20:38:25.308882+00:00] [INFO] --- Перерыв перед следующим аккаунтом ---
[2025-09-02T20:38:34.707231+00:00] [INFO] Начинаем парсинг @0xJingleMingle с режимом 'incremental'
[2025-09-02T20:39:37.905193+00:00] [ERROR] Таймаут при загрузке страницы @0xJingleMingle или не найдены твиты.
[2025-09-02T20:39:37.975684+00:00] [INFO] --- Перерыв перед следующим аккаунтом ---
[2025-09-02T20:39:43.188800+00:00] [INFO] Начинаем парсинг @Rohail_2002 с режимом 'incremental'
[2025-09-02T20:40:06.494370+00:00] [ERROR] Таймаут при загрузке страницы @Rohail_2002 или не найдены твиты.
[2025-09-02T20:40:06.553882+00:00] [INFO] --- Перерыв перед следующим аккаунтом ---
[2025-09-02T20:40:13.980497+00:00] [INFO] Начинаем парсинг @frikininfluncer с режимом 'incremental'
[2025-09-02T20:40:36.850414+00:00] [ERROR] Таймаут при загрузке страницы @frikininfluncer или не найдены твиты.
[2025-09-02T20:40:36.909787+00:00] [INFO] --- Перерыв перед следующим аккаунтом ---
[2025-09-02T20:40:43.349686+00:00] [INFO] Начинаем парсинг @RXu107 с режимом 'incremental'
[2025-09-02T20:41:06.812551+00:00] [ERROR] Таймаут при загрузке страницы @RXu107 или не найдены твиты.
[2025-09-02T20:41:06.885464+00:00] [INFO] --- Перерыв перед следующим аккаунтом ---
[2025-09-02T20:41:16.633413+00:00] [INFO] Начинаем парсинг @zefirium_crypto с режимом 'incremental'
[2025-09-02T20:41:40.110775+00:00] [ERROR] Таймаут при загрузке страницы @zefirium_crypto или не найдены твиты.
[2025-09-02T20:41:40.185511+00:00] [INFO] --- Перерыв перед следующим аккаунтом ---
[2025-09-02T20:41:48.604700+00:00] [INFO] Начинаем парсинг @Guomin184935 с режимом 'incremental'
[2025-09-02T20:41:54.694099+00:00] [INFO] Страница @Guomin184935 успешно загружена.
[2025-09-02T20:41:54.785396+00:00] [INFO] @Guomin184935: Найдено новых твитов: 3/60
[2025-09-02T20:42:02.856341+00:00] [INFO] @Guomin184935: Найдено новых твитов: 7/60
[2025-09-02T20:42:06.030563+00:00] [INFO] @Guomin184935: Найдено новых твитов: 14/60
[2025-09-02T20:42:09.600886+00:00] [INFO] @Guomin184935: Найдено новых твитов: 18/60
[2025-09-02T20:42:12.665828+00:00] [INFO] @Guomin184935: Найдено новых твитов: 23/60
[2025-09-02T20:42:14.893115+00:00] [INFO] @Guomin184935: Найдено новых твитов: 28/60
[2025-09-02T20:42:17.044305+00:00] [INFO] @Guomin184935: Найдено новых твитов: 34/60
[2025-09-02T20:42:25.637611+00:00] [INFO] @Guomin184935: Найдено новых твитов: 38/60
[2025-09-02T20:42:28.708013+00:00] [INFO] @Guomin184935: Найдено новых твитов: 43/60
[2025-09-02T20:42:31.958138+00:00] [INFO] @Guomin184935: Найдено новых твитов: 48/60
[2025-09-02T20:42:35.430023+00:00] [INFO] @Guomin184935: Сохраняем промежуточный результат (50 новых твитов)...
[2025-09-02T20:42:35.500979+00:00] [INFO] @Guomin184935: Найдено новых твитов: 54/60
[2025-09-02T20:42:38.651983+00:00] [INFO] @Guomin184935: Найдено новых твитов: 58/60
[2025-09-02T20:42:41.877201+00:00] [INFO] @Guomin184935: Найдено новых твитов: 60/60
[2025-09-02T20:42:45.604734+00:00] [INFO] @Guomin184935: Найдено 60 новых твитов. Сохранение итогового результата...
[2025-09-02T20:42:45.607040+00:00] [INFO] ✅ @Guomin184935: Готово. Всего твитов в файле: 60.
[2025-09-02T20:42:45.607137+00:00] [INFO] --- Перерыв перед следующим аккаунтом ---
[2025-09-02T20:42:53.740955+00:00] [INFO] Начинаем парсинг @0xklarck с режимом 'incremental'
[2025-09-02T20:42:59.997720+00:00] [INFO] Страница @0xklarck успешно загружена.
[2025-09-02T20:43:00.074034+00:00] [INFO] @0xklarck: Найдено новых твитов: 3/60
[2025-09-02T20:43:02.412400+00:00] [INFO] @0xklarck: Найдено новых твитов: 8/60
[2025-09-02T20:43:06.118312+00:00] [INFO] @0xklarck: Найдено новых твитов: 13/60
[2025-09-02T20:43:08.419575+00:00] [INFO] @0xklarck: Найдено новых твитов: 17/60
[2025-09-02T20:43:10.960952+00:00] [INFO] @0xklarck: Найдено новых твитов: 20/60
[2025-09-02T20:43:14.798053+00:00] [INFO] @0xklarck: Найдено новых твитов: 24/60
[2025-09-02T20:43:17.024686+00:00] [INFO] @0xklarck: Найдено новых твитов: 28/60
[2025-09-02T20:43:20.536979+00:00] [INFO] @0xklarck: Найдено новых твитов: 35/60
[2025-09-02T20:43:24.529858+00:00] [INFO] @0xklarck: Найдено новых твитов: 42/60
[2025-09-02T20:43:27.624269+00:00] [INFO] @0xklarck: Найдено новых твитов: 47/60
[2025-09-02T20:43:30.725224+00:00] [INFO] @0xklarck: Сохраняем промежуточный результат (50 новых твитов)...
[2025-09-02T20:43:30.726707+00:00] [INFO] @0xklarck: Найдено новых твитов: 50/60
[2025-09-02T20:43:34.683726+00:00] [INFO] @0xklarck: Найдено новых твитов: 57/60
[2025-09-02T20:43:36.858201+00:00] [INFO] @0xklarck: Найдено новых твитов: 60/60
[2025-09-02T20:43:40.090316+00:00] [INFO] @0xklarck: Найдено 60 новых твитов. Сохранение итогового результата...
[2025-09-02T20:43:40.091433+00:00] [INFO] ✅ @0xklarck: Готово. Всего твитов в файле: 60.
[2025-09-02T20:43:40.091494+00:00] [INFO] --- Перерыв перед следующим аккаунтом ---
[2025-09-02T20:43:49.160010+00:00] [INFO] Начинаем парсинг @JoshOla0 с режимом 'incremental'
[2025-09-02T20:43:56.346218+00:00] [INFO] Страница @JoshOla0 успешно загружена.
[2025-09-02T20:43:56.425698+00:00] [INFO] @JoshOla0: Найдено новых твитов: 3/60
[2025-09-02T20:43:58.852717+00:00] [INFO] @JoshOla0: Найдено новых твитов: 9/60
[2025-09-02T20:44:01.964980+00:00] [INFO] @JoshOla0: Найдено новых твитов: 16/60
[2025-09-02T20:44:04.406676+00:00] [INFO] @JoshOla0: Найдено новых твитов: 19/60
[2025-09-02T20:44:06.698923+00:00] [INFO] @JoshOla0: Найдено новых твитов: 22/60
[2025-09-02T20:44:09.245286+00:00] [INFO] @JoshOla0: Найдено новых твитов: 28/60
[2025-09-02T20:44:11.795611+00:00] [INFO] @JoshOla0: Найдено новых твитов: 37/60
[2025-09-02T20:44:14.548160+00:00] [INFO] @JoshOla0: Найдено новых твитов: 41/60
[2025-09-02T20:44:17.360863+00:00] [INFO] @JoshOla0: Найдено новых твитов: 47/60
[2025-09-02T20:44:19.758501+00:00] [INFO] @JoshOla0: Сохраняем промежуточный результат (50 новых твитов)...
[2025-09-02T20:44:19.814411+00:00] [INFO] @JoshOla0: Найдено новых твитов: 50/60
[2025-09-02T20:44:22.586633+00:00] [INFO] @JoshOla0: Найдено новых твитов: 55/60
[2025-09-02T20:44:25.467253+00:00] [INFO] @JoshOla0: Найдено новых твитов: 60/60
[2025-09-02T20:44:28.824994+00:00] [INFO] @JoshOla0: Найдено 60 новых твитов. Сохранение итогового результата...
[2025-09-02T20:44:28.826257+00:00] [INFO] ✅ @JoshOla0: Готово. Всего твитов в файле: 60.
[2025-09-02T20:44:28.826335+00:00] [INFO] --- Перерыв перед следующим аккаунтом ---
[2025-09-02T20:44:36.542871+00:00] [INFO] Начинаем парсинг @iamz3k с режимом 'incremental'
[2025-09-02T20:44:43.278768+00:00] [INFO] Страница @iamz3k успешно загружена.
[2025-09-02T20:44:43.395308+00:00] [INFO] @iamz3k: Найдено новых твитов: 3/60
[2025-09-02T20:44:47.341867+00:00] [INFO] @iamz3k: Найдено новых твитов: 10/60
[2025-09-02T20:44:50.677836+00:00] [INFO] @iamz3k: Найдено новых твитов: 17/60
[2025-09-02T20:44:54.549572+00:00] [INFO] @iamz3k: Найдено новых твитов: 23/60
[2025-09-02T20:45:02.893309+00:00] [INFO] @iamz3k: Найдено новых твитов: 28/60
[2025-09-02T20:45:05.386731+00:00] [INFO] @iamz3k: Найдено новых твитов: 35/60
[2025-09-02T20:45:08.097514+00:00] [INFO] @iamz3k: Найдено новых твитов: 41/60
[2025-09-02T20:45:10.585544+00:00] [INFO] @iamz3k: Найдено новых твитов: 48/60
[2025-09-02T20:45:14.037182+00:00] [INFO] @iamz3k: Сохраняем промежуточный результат (50 новых твитов)...
[2025-09-02T20:45:14.114886+00:00] [INFO] @iamz3k: Найдено новых твитов: 55/60
[2025-09-02T20:45:17.923096+00:00] [INFO] @iamz3k: Найдено новых твитов: 60/60
[2025-09-02T20:45:21.272287+00:00] [INFO] @iamz3k: Найдено 60 новых твитов. Сохранение итогового результата...
[2025-09-02T20:45:21.273337+00:00] [INFO] ✅ @iamz3k: Готово. Всего твитов в файле: 60.
[2025-09-02T20:45:21.273409+00:00] [INFO] --- Перерыв перед следующим аккаунтом ---
[2025-09-02T20:45:26.399565+00:00] [INFO] Начинаем парсинг @RkbhaiCODM с режимом 'incremental'
[2025-09-02T20:45:32.819172+00:00] [INFO] Страница @RkbhaiCODM успешно загружена.
[2025-09-02T20:45:32.899851+00:00] [INFO] @RkbhaiCODM: Найдено новых твитов: 3/60
[2025-09-02T20:45:36.095004+00:00] [INFO] @RkbhaiCODM: Найдено новых твитов: 9/60
[2025-09-02T20:45:39.285933+00:00] [INFO] @RkbhaiCODM: Найдено новых твитов: 15/60
[2025-09-02T20:45:48.114923+00:00] [INFO] @RkbhaiCODM: Найдено новых твитов: 20/60
[2025-09-02T20:45:51.824602+00:00] [INFO] @RkbhaiCODM: Найдено новых твитов: 24/60
[2025-09-02T20:45:54.818966+00:00] [INFO] @RkbhaiCODM: Найдено новых твитов: 30/60
[2025-09-02T20:46:28.081719+00:00] [INFO] @RkbhaiCODM: Найдено новых твитов: 39/60
[2025-09-02T20:46:30.370475+00:00] [INFO] @RkbhaiCODM: Найдено новых твитов: 47/60
[2025-09-02T20:46:32.800801+00:00] [INFO] @RkbhaiCODM: Сохраняем промежуточный результат (50 новых твитов)...
[2025-09-02T20:46:32.872862+00:00] [INFO] @RkbhaiCODM: Найдено новых твитов: 55/60
[2025-09-02T20:46:36.073268+00:00] [INFO] @RkbhaiCODM: Найдено новых твитов: 59/60
[2025-09-02T20:46:38.732360+00:00] [INFO] @RkbhaiCODM: Найдено новых твитов: 60/60
[2025-09-02T20:46:41.931242+00:00] [INFO] @RkbhaiCODM: Найдено 60 новых твитов. Сохранение итогового результата...
[2025-09-02T20:46:41.933405+00:00] [INFO] ✅ @RkbhaiCODM: Готово. Всего твитов в файле: 60.
[2025-09-02T20:46:41.933493+00:00] [INFO] --- Перерыв перед следующим аккаунтом ---
[2025-09-02T20:46:51.485238+00:00] [INFO] Начинаем парсинг @official_Yanke с режимом 'incremental'
[2025-09-02T20:46:58.419923+00:00] [INFO] Страница @official_Yanke успешно загружена.
[2025-09-02T20:47:03.514455+00:00] [INFO] @official_Yanke: Найдено новых твитов: 3/60
[2025-09-02T20:47:07.314984+00:00] [INFO] @official_Yanke: Найдено новых твитов: 9/60
[2025-09-02T20:47:10.278326+00:00] [INFO] @official_Yanke: Найдено новых твитов: 17/60
[2025-09-02T20:47:13.877635+00:00] [INFO] @official_Yanke: Найдено новых твитов: 21/60
[2025-09-02T20:47:16.201470+00:00] [INFO] @official_Yanke: Найдено новых твитов: 27/60
[2025-09-02T20:47:19.967604+00:00] [INFO] @official_Yanke: Найдено новых твитов: 36/60
[2025-09-02T20:47:22.992605+00:00] [INFO] @official_Yanke: Найдено новых твитов: 40/60
[2025-09-02T20:47:26.094685+00:00] [INFO] @official_Yanke: Найдено новых твитов: 46/60
[2025-09-02T20:47:28.914806+00:00] [INFO] @official_Yanke: Сохраняем промежуточный результат (50 новых твитов)...
[2025-09-02T20:47:28.970721+00:00] [INFO] @official_Yanke: Найдено новых твитов: 53/60
[2025-09-02T20:47:37.219541+00:00] [INFO] @official_Yanke: Найдено новых твитов: 57/60
[2025-09-02T20:47:39.798518+00:00] [INFO] @official_Yanke: Найдено новых твитов: 60/60
[2025-09-02T20:47:43.048282+00:00] [INFO] @official_Yanke: Найдено 60 новых твитов. Сохранение итогового результата...
[2025-09-02T20:47:43.049241+00:00] [INFO] ✅ @official_Yanke: Готово. Всего твитов в файле: 60.
[2025-09-02T20:47:43.049332+00:00] [INFO] --- Перерыв перед следующим аккаунтом ---
[2025-09-02T20:47:52.089255+00:00] [INFO] Начинаем парсинг @DryKhmaraa с режимом 'incremental'
[2025-09-02T20:48:01.504777+00:00] [INFO] Страница @DryKhmaraa успешно загружена.
[2025-09-02T20:48:01.574796+00:00] [INFO] @DryKhmaraa: Найдено новых твитов: 3/60
[2025-09-02T20:48:04.649024+00:00] [INFO] @DryKhmaraa: Найдено новых твитов: 8/60
[2025-09-02T20:48:08.663786+00:00] [INFO] @DryKhmaraa: Найдено новых твитов: 14/60
[2025-09-02T20:48:11.609015+00:00] [INFO] @DryKhmaraa: Найдено новых твитов: 19/60
[2025-09-02T20:48:14.614617+00:00] [INFO] @DryKhmaraa: Найдено новых твитов: 22/60
[2025-09-02T20:48:16.757759+00:00] [INFO] @DryKhmaraa: Найдено новых твитов: 27/60
[2025-09-02T20:48:20.637571+00:00] [INFO] @DryKhmaraa: Найдено новых твитов: 34/60
[2025-09-02T20:48:24.512332+00:00] [INFO] @DryKhmaraa: Найдено новых твитов: 39/60
[2025-09-02T20:48:27.562388+00:00] [INFO] @DryKhmaraa: Найдено новых твитов: 41/60
[2025-09-02T20:48:30.213545+00:00] [INFO] @DryKhmaraa: Найдено новых твитов: 46/60
[2025-09-02T20:48:33.224386+00:00] [INFO] @DryKhmaraa: Сохраняем промежуточный результат (50 новых твитов)...
[2025-09-02T20:48:33.245528+00:00] [INFO] @DryKhmaraa: Найдено новых твитов: 51/60
[2025-09-02T20:48:36.230109+00:00] [INFO] @DryKhmaraa: Найдено новых твитов: 56/60
[2025-09-02T20:48:39.236680+00:00] [INFO] @DryKhmaraa: Найдено новых твитов: 60/60
[2025-09-02T20:48:41.888092+00:00] [INFO] @DryKhmaraa: Найдено 60 новых твитов. Сохранение итогового результата...
[2025-09-02T20:48:41.889192+00:00] [INFO] ✅ @DryKhmaraa: Готово. Всего твитов в файле: 60.
[2025-09-02T20:48:41.889264+00:00] [INFO] --- Перерыв перед следующим аккаунтом ---
[2025-09-02T20:48:49.563365+00:00] [INFO] Начинаем парсинг @and_r1ch с режимом 'incremental'
[2025-09-02T20:48:55.859501+00:00] [INFO] Страница @and_r1ch успешно загружена.
[2025-09-02T20:49:26.008451+00:00] [INFO] @and_r1ch: Найдено новых твитов: 4/60
[2025-09-02T20:49:28.416220+00:00] [INFO] @and_r1ch: Найдено новых твитов: 7/60
[2025-09-02T20:49:32.454010+00:00] [INFO] @and_r1ch: Найдено новых твитов: 19/60
[2025-09-02T20:49:35.712232+00:00] [INFO] @and_r1ch: Найдено новых твитов: 28/60
[2025-09-02T20:49:38.010311+00:00] [INFO] @and_r1ch: Найдено новых твитов: 36/60
[2025-09-02T20:49:41.908252+00:00] [INFO] @and_r1ch: Найдено новых твитов: 45/60
[2025-09-02T20:49:45.535243+00:00] [INFO] @and_r1ch: Сохраняем промежуточный результат (50 новых твитов)...
[2025-09-02T20:49:45.538139+00:00] [INFO] @and_r1ch: Найдено новых твитов: 50/60
[2025-09-02T20:49:47.958907+00:00] [INFO] @and_r1ch: Найдено новых твитов: 54/60
[2025-09-02T20:49:56.595650+00:00] [INFO] @and_r1ch: Найдено новых твитов: 60/60
[2025-09-02T20:49:59.671873+00:00] [INFO] @and_r1ch: Найдено 60 новых твитов. Сохранение итогового результата...
[2025-09-02T20:49:59.673641+00:00] [INFO] ✅ @and_r1ch: Готово. Всего твитов в файле: 60.
[2025-09-02T20:49:59.673750+00:00] [INFO] --- Перерыв перед следующим аккаунтом ---
[2025-09-02T20:50:08.772995+00:00] [INFO] Начинаем парсинг @ItsIkhlaas с режимом 'incremental'
[2025-09-02T20:50:15.264548+00:00] [INFO] Страница @ItsIkhlaas успешно загружена.
[2025-09-02T20:50:15.422468+00:00] [INFO] @ItsIkhlaas: Найдено новых твитов: 5/60
[2025-09-02T20:50:19.426703+00:00] [INFO] @ItsIkhlaas: Найдено новых твитов: 10/60
[2025-09-02T20:50:22.155597+00:00] [INFO] @ItsIkhlaas: Найдено новых твитов: 19/60
[2025-09-02T20:50:30.994705+00:00] [INFO] @ItsIkhlaas: Найдено новых твитов: 27/60
[2025-09-02T20:51:04.952556+00:00] [INFO] @ItsIkhlaas: Найдено новых твитов: 33/60
[2025-09-02T20:51:13.663353+00:00] [INFO] @ItsIkhlaas: Найдено новых твитов: 41/60
[2025-09-02T20:51:17.001237+00:00] [INFO] @ItsIkhlaas: Найдено новых твитов: 48/60
[2025-09-02T20:51:24.595484+00:00] [INFO] @ItsIkhlaas: Сохраняем промежуточный результат (50 новых твитов)...
[2025-09-02T20:53:54.758039+00:00] [INFO] @ItsIkhlaas: Найдено новых твитов: 57/60
[2025-09-02T20:53:58.210741+00:00] [INFO] @ItsIkhlaas: Найдено новых твитов: 60/60
[2025-09-02T20:54:00.873818+00:00] [INFO] @ItsIkhlaas: Найдено 60 новых твитов. Сохранение итогового результата...
[2025-09-02T20:54:00.877155+00:00] [INFO] ✅ @ItsIkhlaas: Готово. Всего твитов в файле: 60.
[2025-09-02T20:54:00.877320+00:00] [INFO] --- Перерыв перед следующим аккаунтом ---
[2025-09-02T20:54:07.894252+00:00] [INFO] Начинаем парсинг @vllandr с режимом 'incremental'
[2025-09-02T20:54:15.641692+00:00] [INFO] Страница @vllandr успешно загружена.
[2025-09-02T20:54:45.774668+00:00] [INFO] @vllandr: Найдено новых твитов: 5/60
[2025-09-02T20:54:48.608193+00:00] [INFO] @vllandr: Найдено новых твитов: 10/60
[2025-09-02T20:54:51.946132+00:00] [INFO] @vllandr: Найдено новых твитов: 17/60
[2025-09-02T20:54:55.285034+00:00] [INFO] @vllandr: Найдено новых твитов: 22/60
[2025-09-02T20:54:59.262689+00:00] [INFO] @vllandr: Найдено новых твитов: 29/60
[2025-09-02T20:56:32.882355+00:00] [INFO] @vllandr: Найдено новых твитов: 38/60
[2025-09-02T20:56:36.586296+00:00] [INFO] @vllandr: Найдено новых твитов: 46/60
[2025-09-02T20:56:39.236535+00:00] [INFO] @vllandr: Сохраняем промежуточный результат (50 новых твитов)...
[2025-09-02T20:56:39.325085+00:00] [INFO] @vllandr: Найдено новых твитов: 55/60
[2025-09-02T20:56:43.482273+00:00] [INFO] @vllandr: Найдено новых твитов: 60/60
[2025-09-02T20:56:46.857193+00:00] [INFO] @vllandr: Найдено 60 новых твитов. Сохранение итогового результата...
[2025-09-02T20:56:46.858280+00:00] [INFO] ✅ @vllandr: Готово. Всего твитов в файле: 60.
[2025-09-02T20:56:46.858375+00:00] [INFO] --- Перерыв перед следующим аккаунтом ---
[2025-09-02T20:56:56.850824+00:00] [INFO] Начинаем парсинг @L99trax с режимом 'incremental'
[2025-09-02T20:57:03.643855+00:00] [INFO] Страница @L99trax успешно загружена.
[2025-09-02T20:57:03.806198+00:00] [INFO] @L99trax: Найдено новых твитов: 6/60
[2025-09-02T20:57:06.214754+00:00] [INFO] @L99trax: Найдено новых твитов: 11/60
[2025-09-02T20:57:09.092964+00:00] [INFO] @L99trax: Найдено новых твитов: 18/60
[2025-09-02T20:57:11.983234+00:00] [INFO] @L99trax: Найдено новых твитов: 22/60
[2025-09-02T20:57:15.674328+00:00] [INFO] @L99trax: Найдено новых твитов: 32/60
[2025-09-02T20:57:18.896213+00:00] [INFO] @L99trax: Найдено новых твитов: 41/60
[2025-09-02T20:57:21.812259+00:00] [INFO] @L99trax: Найдено новых твитов: 48/60
[2025-09-02T20:57:25.609900+00:00] [INFO] @L99trax: Сохраняем промежуточный результат (50 новых твитов)...
[2025-09-02T20:57:25.807291+00:00] [INFO] @L99trax: Найдено новых твитов: 60/60
[2025-09-02T20:57:29.870265+00:00] [INFO] @L99trax: Найдено 60 новых твитов. Сохранение итогового результата...
[2025-09-02T20:57:29.872386+00:00] [INFO] ✅ @L99trax: Готово. Всего твитов в файле: 60.
[2025-09-02T20:57:29.872471+00:00] [INFO] --- Перерыв перед следующим аккаунтом ---
[2025-09-02T20:57:38.202609+00:00] [INFO] Начинаем парсинг @0x777c с режимом 'incremental'
[2025-09-02T20:57:45.293759+00:00] [INFO] Страница @0x777c успешно загружена.
[2025-09-02T20:57:45.523166+00:00] [INFO] @0x777c: Найдено новых твитов: 2/60
[2025-09-02T20:57:49.465059+00:00] [INFO] @0x777c: Найдено новых твитов: 8/60
[2025-09-02T20:57:57.595164+00:00] [INFO] @0x777c: Найдено новых твитов: 14/60
[2025-09-02T20:58:01.487181+00:00] [INFO] @0x777c: Найдено новых твитов: 21/60
[2025-09-02T20:58:03.737542+00:00] [INFO] @0x777c: Найдено новых твитов: 27/60
[2025-09-02T20:58:37.561362+00:00] [INFO] @0x777c: Найдено новых твитов: 34/60
[2025-09-02T20:58:41.337272+00:00] [INFO] @0x777c: Найдено новых твитов: 39/60
[2025-09-02T20:58:44.371465+00:00] [INFO] @0x777c: Найдено новых твитов: 45/60
[2025-09-02T20:58:48.193776+00:00] [INFO] @0x777c: Сохраняем промежуточный результат (50 новых твитов)...
[2025-09-02T20:58:48.250400+00:00] [INFO] @0x777c: Найдено новых твитов: 53/60
[2025-09-02T20:58:52.343723+00:00] [INFO] @0x777c: Найдено новых твитов: 60/60
[2025-09-02T20:58:56.234627+00:00] [INFO] @0x777c: Найдено 60 новых твитов. Сохранение итогового результата...
[2025-09-02T20:58:56.236926+00:00] [INFO] ✅ @0x777c: Готово. Всего твитов в файле: 60.
[2025-09-02T20:58:56.237010+00:00] [INFO] --- Перерыв перед следующим аккаунтом ---
[2025-09-02T20:59:05.439496+00:00] [INFO] Начинаем парсинг @mali_q001 с режимом 'incremental'
[2025-09-02T20:59:11.939196+00:00] [INFO] Страница @mali_q001 успешно загружена.
[2025-09-02T20:59:12.058941+00:00] [INFO] @mali_q001: Найдено новых твитов: 6/60
[2025-09-02T20:59:15.770773+00:00] [INFO] @mali_q001: Найдено новых твитов: 16/60
[2025-09-02T20:59:19.627609+00:00] [INFO] @mali_q001: Найдено новых твитов: 29/60
[2025-09-02T20:59:22.474231+00:00] [INFO] @mali_q001: Найдено новых твитов: 36/60
[2025-09-02T20:59:24.757711+00:00] [INFO] @mali_q001: Найдено новых твитов: 42/60
[2025-09-02T20:59:28.734144+00:00] [INFO] @mali_q001: Сохраняем промежуточный результат (50 новых твитов)...
[2025-09-02T20:59:28.735781+00:00] [INFO] @mali_q001: Найдено новых твитов: 50/60
[2025-09-02T20:59:32.399592+00:00] [INFO] @mali_q001: Найдено новых твитов: 56/60
[2025-09-02T20:59:34.529326+00:00] [INFO] @mali_q001: Найдено новых твитов: 60/60
[2025-09-02T20:59:38.464616+00:00] [INFO] @mali_q001: Найдено 60 новых твитов. Сохранение итогового результата...
[2025-09-02T20:59:38.466680+00:00] [INFO] ✅ @mali_q001: Готово. Всего твитов в файле: 60.
[2025-09-02T20:59:38.466781+00:00] [INFO] --- Перерыв перед следующим аккаунтом ---
[2025-09-02T20:59:45.685878+00:00] [INFO] Начинаем парсинг @vizzy_easy с режимом 'incremental'
[2025-09-02T20:59:52.069091+00:00] [INFO] Страница @vizzy_easy успешно загружена.
[2025-09-02T20:59:52.147138+00:00] [INFO] @vizzy_easy: Найдено новых твитов: 2/60
[2025-09-02T20:59:55.759988+00:00] [INFO] @vizzy_easy: Найдено новых твитов: 8/60
[2025-09-02T20:59:59.697800+00:00] [INFO] @vizzy_easy: Найдено новых твитов: 13/60
[2025-09-02T21:00:02.130190+00:00] [INFO] @vizzy_easy: Найдено новых твитов: 19/60
[2025-09-02T21:00:05.950170+00:00] [INFO] @vizzy_easy: Найдено новых твитов: 25/60
[2025-09-02T21:00:08.932808+00:00] [INFO] @vizzy_easy: Найдено новых твитов: 29/60
[2025-09-02T21:00:11.941635+00:00] [INFO] @vizzy_easy: Найдено новых твитов: 32/60
[2025-09-02T21:00:15.246154+00:00] [INFO] @vizzy_easy: Найдено новых твитов: 35/60
[2025-09-02T21:00:18.464680+00:00] [INFO] @vizzy_easy: Найдено новых твитов: 39/60
[2025-09-02T21:00:20.653582+00:00] [INFO] @vizzy_easy: Найдено новых твитов: 41/60
[2025-09-02T21:00:23.913206+00:00] [INFO] @vizzy_easy: Найдено новых твитов: 43/60
[2025-09-02T21:00:27.031408+00:00] [INFO] @vizzy_easy: Найдено новых твитов: 48/60
[2025-09-02T21:00:30.031486+00:00] [INFO] @vizzy_easy: Сохраняем промежуточный результат (50 новых твитов)...
[2025-09-02T21:00:30.062610+00:00] [INFO] @vizzy_easy: Найдено новых твитов: 50/60
[2025-09-02T21:00:33.471978+00:00] [INFO] @vizzy_easy: Найдено новых твитов: 55/60
[2025-09-02T21:00:37.040371+00:00] [INFO] @vizzy_easy: Найдено новых твитов: 58/60
[2025-09-02T21:00:40.175585+00:00] [INFO] @vizzy_easy: Найдено новых твитов: 60/60
[2025-09-02T21:00:43.728218+00:00] [INFO] @vizzy_easy: Найдено 60 новых твитов. Сохранение итогового результата...
[2025-09-02T21:00:43.730246+00:00] [INFO] ✅ @vizzy_easy: Готово. Всего твитов в файле: 60.
[2025-09-02T21:00:43.730421+00:00] [INFO] --- Перерыв перед следующим аккаунтом ---
[2025-09-02T21:00:51.446628+00:00] [INFO] Начинаем парсинг @eth_falco с режимом 'incremental'
[2025-09-02T21:00:57.927307+00:00] [INFO] Страница @eth_falco успешно загружена.
[2025-09-02T21:00:57.983319+00:00] [INFO] @eth_falco: Найдено новых твитов: 2/60
[2025-09-02T21:01:01.011496+00:00] [INFO] @eth_falco: Найдено новых твитов: 8/60
[2025-09-02T21:01:03.334283+00:00] [INFO] @eth_falco: Найдено новых твитов: 13/60
[2025-09-02T21:01:06.568233+00:00] [INFO] @eth_falco: Найдено новых твитов: 18/60
[2025-09-02T21:01:09.527943+00:00] [INFO] @eth_falco: Найдено новых твитов: 23/60
[2025-09-02T21:01:12.653392+00:00] [INFO] @eth_falco: Найдено новых твитов: 29/60
[2025-09-02T21:01:15.310666+00:00] [INFO] @eth_falco: Найдено новых твитов: 35/60
[2025-09-02T21:01:17.472425+00:00] [INFO] @eth_falco: Найдено новых твитов: 40/60
[2025-09-02T21:01:20.083245+00:00] [INFO] @eth_falco: Найдено новых твитов: 47/60
[2025-09-02T21:01:22.960207+00:00] [INFO] @eth_falco: Сохраняем промежуточный результат (50 новых твитов)...
[2025-09-02T21:01:23.058866+00:00] [INFO] @eth_falco: Найдено новых твитов: 54/60
[2025-09-02T21:01:25.828799+00:00] [INFO] @eth_falco: Найдено новых твитов: 60/60
[2025-09-02T21:01:28.275660+00:00] [INFO] @eth_falco: Найдено 60 новых твитов. Сохранение итогового результата...
[2025-09-02T21:01:28.277276+00:00] [INFO] ✅ @eth_falco: Готово. Всего твитов в файле: 60.
[2025-09-02T21:01:28.277376+00:00] [INFO] --- Перерыв перед следующим аккаунтом ---
[2025-09-02T21:01:35.007417+00:00] [INFO] Начинаем парсинг @Darkwjq с режимом 'incremental'
[2025-09-02T21:01:42.105400+00:00] [INFO] Страница @Darkwjq успешно загружена.
[2025-09-02T21:01:42.231790+00:00] [INFO] @Darkwjq: Найдено новых твитов: 3/60
[2025-09-02T21:01:45.908606+00:00] [INFO] @Darkwjq: Найдено новых твитов: 9/60
[2025-09-02T21:01:49.890195+00:00] [INFO] @Darkwjq: Найдено новых твитов: 15/60
[2025-09-02T21:01:53.402267+00:00] [INFO] @Darkwjq: Найдено новых твитов: 21/60
[2025-09-02T21:01:57.319257+00:00] [INFO] @Darkwjq: Найдено новых твитов: 27/60
[2025-09-02T21:02:04.918560+00:00] [INFO] @Darkwjq: Найдено новых твитов: 33/60
[2025-09-02T21:02:13.345464+00:00] [INFO] @Darkwjq: Найдено новых твитов: 39/60
[2025-09-02T21:02:16.476733+00:00] [INFO] @Darkwjq: Найдено новых твитов: 45/60
[2025-09-02T21:02:20.477320+00:00] [INFO] @Darkwjq: Сохраняем промежуточный результат (50 новых твитов)...
[2025-09-02T21:02:20.517169+00:00] [INFO] @Darkwjq: Найдено новых твитов: 51/60
[2025-09-02T21:02:23.196414+00:00] [INFO] @Darkwjq: Найдено новых твитов: 57/60
[2025-09-02T21:02:25.859814+00:00] [INFO] @Darkwjq: Найдено новых твитов: 60/60
[2025-09-02T21:02:28.506446+00:00] [INFO] @Darkwjq: Найдено 60 новых твитов. Сохранение итогового результата...
[2025-09-02T21:02:28.508230+00:00] [INFO] ✅ @Darkwjq: Готово. Всего твитов в файле: 60.
[2025-09-02T21:02:28.508305+00:00] [INFO] --- Перерыв перед следующим аккаунтом ---
[2025-09-02T21:02:35.685641+00:00] [INFO] Начинаем парсинг @fantagenau с режимом 'incremental'
[2025-09-02T21:02:41.149137+00:00] [INFO] Страница @fantagenau успешно загружена.
[2025-09-02T21:03:11.410729+00:00] [INFO] @fantagenau: Найдено новых твитов: 6/60
[2025-09-02T21:03:14.755844+00:00] [INFO] @fantagenau: Найдено новых твитов: 16/60
[2025-09-02T21:03:18.241705+00:00] [INFO] @fantagenau: Найдено новых твитов: 22/60
[2025-09-02T21:03:21.618039+00:00] [INFO] @fantagenau: Найдено новых твитов: 33/60
[2025-09-02T21:03:24.678028+00:00] [INFO] @fantagenau: Найдено новых твитов: 42/60
[2025-09-02T21:03:27.884589+00:00] [INFO] @fantagenau: Сохраняем промежуточный результат (50 новых твитов)...
[2025-09-02T21:03:28.006622+00:00] [INFO] @fantagenau: Найдено новых твитов: 53/60
[2025-09-02T21:03:32.130863+00:00] [INFO] @fantagenau: Найдено новых твитов: 59/60
[2025-09-02T21:03:35.832186+00:00] [INFO] @fantagenau: Найдено новых твитов: 60/60
[2025-09-02T21:03:38.061247+00:00] [INFO] @fantagenau: Найдено 60 новых твитов. Сохранение итогового результата...
[2025-09-02T21:03:38.062215+00:00] [INFO] ✅ @fantagenau: Готово. Всего твитов в файле: 60.
[2025-09-02T21:03:38.062287+00:00] [INFO] --- Перерыв перед следующим аккаунтом ---
[2025-09-02T21:03:47.422475+00:00] [INFO] Начинаем парсинг @Callme_edris с режимом 'incremental'
[2025-09-02T21:03:54.816293+00:00] [INFO] Страница @Callme_edris успешно загружена.
[2025-09-02T21:03:54.947487+00:00] [INFO] @Callme_edris: Найдено новых твитов: 2/60
[2025-09-02T21:03:59.044531+00:00] [INFO] @Callme_edris: Найдено новых твитов: 9/60
[2025-09-02T21:04:03.017179+00:00] [INFO] @Callme_edris: Найдено новых твитов: 18/60
[2025-09-02T21:04:07.043252+00:00] [INFO] @Callme_edris: Найдено новых твитов: 23/60
[2025-09-02T21:04:10.430376+00:00] [INFO] @Callme_edris: Найдено новых твитов: 29/60
[2025-09-02T21:04:12.868917+00:00] [INFO] @Callme_edris: Найдено новых твитов: 36/60
[2025-09-02T21:04:16.550076+00:00] [INFO] @Callme_edris: Найдено новых твитов: 43/60
[2025-09-02T21:04:18.908874+00:00] [INFO] @Callme_edris: Найдено новых твитов: 49/60
[2025-09-02T21:04:21.589063+00:00] [INFO] @Callme_edris: Сохраняем промежуточный результат (50 новых твитов)...
[2025-09-02T21:04:21.725546+00:00] [INFO] @Callme_edris: Найдено новых твитов: 56/60
[2025-09-02T21:04:25.413761+00:00] [INFO] @Callme_edris: Найдено новых твитов: 60/60
[2025-09-02T21:04:29.289166+00:00] [INFO] @Callme_edris: Найдено 60 новых твитов. Сохранение итогового результата...
[2025-09-02T21:04:29.290709+00:00] [INFO] ✅ @Callme_edris: Готово. Всего твитов в файле: 60.
[2025-09-02T21:04:29.290809+00:00] [INFO] --- Перерыв перед следующим аккаунтом ---
[2025-09-02T21:04:35.778406+00:00] [INFO] Начинаем парсинг @sniperxfun с режимом 'incremental'
[2025-09-02T21:04:42.225246+00:00] [INFO] Страница @sniperxfun успешно загружена.
[2025-09-02T21:04:42.377330+00:00] [INFO] @sniperxfun: Найдено новых твитов: 5/60
[2025-09-02T21:04:45.517935+00:00] [INFO] @sniperxfun: Найдено новых твитов: 16/60
[2025-09-02T21:04:49.216446+00:00] [INFO] @sniperxfun: Найдено новых твитов: 28/60
[2025-09-02T21:04:52.926827+00:00] [INFO] @sniperxfun: Найдено новых твитов: 41/60
[2025-09-02T21:04:56.654226+00:00] [INFO] @sniperxfun: Сохраняем промежуточный результат (50 новых твитов)...
[2025-09-02T21:04:56.655807+00:00] [INFO] @sniperxfun: Найдено новых твитов: 50/60
[2025-09-02T21:04:59.173848+00:00] [INFO] @sniperxfun: Найдено новых твитов: 60/60
[2025-09-02T21:05:01.969983+00:00] [INFO] @sniperxfun: Найдено 60 новых твитов. Сохранение итогового результата...
[2025-09-02T21:05:01.971533+00:00] [INFO] ✅ @sniperxfun: Готово. Всего твитов в файле: 60.
[2025-09-02T21:05:01.971662+00:00] [INFO] --- Перерыв перед следующим аккаунтом ---
[2025-09-02T21:05:11.214486+00:00] [INFO] Начинаем парсинг @DareTunbosun с режимом 'incremental'
[2025-09-02T21:05:17.851542+00:00] [INFO] Страница @DareTunbosun успешно загружена.
[2025-09-02T21:05:17.912603+00:00] [INFO] @DareTunbosun: Найдено новых твитов: 2/60
[2025-09-02T21:05:20.870447+00:00] [INFO] @DareTunbosun: Найдено новых твитов: 8/60
[2025-09-02T21:05:53.096402+00:00] [INFO] @DareTunbosun: Найдено новых твитов: 14/60
[2025-09-02T21:05:56.747849+00:00] [INFO] @DareTunbosun: Найдено новых твитов: 21/60
[2025-09-02T21:06:00.116370+00:00] [INFO] @DareTunbosun: Найдено новых твитов: 26/60
[2025-09-02T21:06:04.064546+00:00] [INFO] @DareTunbosun: Найдено новых твитов: 33/60
[2025-09-02T21:06:07.098438+00:00] [INFO] @DareTunbosun: Найдено новых твитов: 38/60
[2025-09-02T21:06:10.218105+00:00] [INFO] @DareTunbosun: Найдено новых твитов: 42/60
[2025-09-02T21:06:12.883684+00:00] [INFO] @DareTunbosun: Найдено новых твитов: 48/60
[2025-09-02T21:06:15.286698+00:00] [INFO] @DareTunbosun: Сохраняем промежуточный результат (50 новых твитов)...
[2025-09-02T21:06:15.357011+00:00] [INFO] @DareTunbosun: Найдено новых твитов: 55/60
[2025-09-02T21:06:19.020349+00:00] [INFO] @DareTunbosun: Найдено новых твитов: 60/60
[2025-09-02T21:06:21.666255+00:00] [INFO] @DareTunbosun: Найдено 60 новых твитов. Сохранение итогового результата...
[2025-09-02T21:06:21.667821+00:00] [INFO] ✅ @DareTunbosun: Готово. Всего твитов в файле: 60.
[2025-09-02T21:06:21.667935+00:00] [INFO] --- Перерыв перед следующим аккаунтом ---
[2025-09-02T21:06:31.174028+00:00] [INFO] Начинаем парсинг @neirylab с режимом 'incremental'
[2025-09-02T21:06:37.619119+00:00] [INFO] Страница @neirylab успешно загружена.
[2025-09-02T21:06:37.659241+00:00] [INFO] @neirylab: Найдено новых твитов: 2/60
[2025-09-02T21:06:41.501275+00:00] [INFO] @neirylab: Найдено новых твитов: 13/60
[2025-09-02T21:06:44.155003+00:00] [INFO] @neirylab: Найдено новых твитов: 20/60
[2025-09-02T21:06:47.922516+00:00] [INFO] @neirylab: Найдено новых твитов: 27/60
[2025-09-02T21:06:51.396848+00:00] [INFO] @neirylab: Найдено новых твитов: 36/60
[2025-09-02T21:06:54.266718+00:00] [INFO] @neirylab: Найдено новых твитов: 39/60
[2025-09-02T21:06:57.324627+00:00] [INFO] @neirylab: Найдено новых твитов: 47/60
[2025-09-02T21:06:59.591801+00:00] [INFO] @neirylab: Сохраняем промежуточный результат (50 новых твитов)...
[2025-09-02T21:06:59.658396+00:00] [INFO] @neirylab: Найдено новых твитов: 54/60
[2025-09-02T21:07:02.712951+00:00] [INFO] @neirylab: Найдено новых твитов: 60/60
[2025-09-02T21:07:05.150259+00:00] [INFO] @neirylab: Найдено 60 новых твитов. Сохранение итогового результата...
[2025-09-02T21:07:05.152136+00:00] [INFO] ✅ @neirylab: Готово. Всего твитов в файле: 60.
[2025-09-02T21:07:05.152209+00:00] [INFO] --- Перерыв перед следующим аккаунтом ---
[2025-09-02T21:07:12.562660+00:00] [INFO] Начинаем парсинг @hdegrootvan с режимом 'incremental'
[2025-09-02T21:07:19.912591+00:00] [INFO] Страница @hdegrootvan успешно загружена.
[2025-09-02T21:07:20.013356+00:00] [INFO] @hdegrootvan: Найдено новых твитов: 4/60
[2025-09-02T21:07:23.873407+00:00] [INFO] @hdegrootvan: Найдено новых твитов: 9/60
[2025-09-02T21:07:26.883677+00:00] [INFO] @hdegrootvan: Найдено новых твитов: 19/60
[2025-09-02T21:07:29.034332+00:00] [INFO] @hdegrootvan: Найдено новых твитов: 20/60
[2025-09-02T21:07:32.746146+00:00] [INFO] @hdegrootvan: Найдено новых твитов: 20/60
[2025-09-02T21:07:32.746623+00:00] [INFO] @hdegrootvan: Прокрутка не дала результатов. Попытка 1/5
[2025-09-02T21:07:36.264335+00:00] [INFO] @hdegrootvan: Найдено новых твитов: 20/60
[2025-09-02T21:07:36.264536+00:00] [INFO] @hdegrootvan: Прокрутка не дала результатов. Попытка 2/5
[2025-09-02T21:07:39.689057+00:00] [INFO] @hdegrootvan: Найдено новых твитов: 20/60
[2025-09-02T21:07:39.690009+00:00] [INFO] @hdegrootvan: Прокрутка не дала результатов. Попытка 3/5
[2025-09-02T21:07:43.487181+00:00] [INFO] @hdegrootvan: Найдено новых твитов: 20/60
[2025-09-02T21:07:43.487397+00:00] [INFO] @hdegrootvan: Прокрутка не дала результатов. Попытка 4/5
[2025-09-02T21:07:45.650069+00:00] [INFO] @hdegrootvan: Найдено новых твитов: 20/60
[2025-09-02T21:07:45.650299+00:00] [INFO] @hdegrootvan: Прокрутка не дала результатов. Попытка 5/5
[2025-09-02T21:07:45.711003+00:00] [INFO] @hdegrootvan: Найдено 20 новых твитов. Сохранение итогового результата...
[2025-09-02T21:07:45.711765+00:00] [INFO] ✅ @hdegrootvan: Готово. Всего твитов в файле: 20.
[2025-09-02T21:07:45.711854+00:00] [INFO] --- Перерыв перед следующим аккаунтом ---
[2025-09-02T21:07:52.523097+00:00] [INFO] Начинаем парсинг @chjokkaxbt с режимом 'incremental'
[2025-09-02T21:08:15.493134+00:00] [ERROR] Таймаут при загрузке страницы @chjokkaxbt или не найдены твиты.
[2025-09-02T21:08:15.543494+00:00] [INFO] --- Перерыв перед следующим аккаунтом ---
[2025-09-02T21:08:25.219592+00:00] [INFO] Начинаем парсинг @croukwow1 с режимом 'incremental'
[2025-09-02T21:08:48.250653+00:00] [ERROR] Таймаут при загрузке страницы @croukwow1 или не найдены твиты.
[2025-09-02T21:08:48.335219+00:00] [INFO] --- Перерыв перед следующим аккаунтом ---
[2025-09-02T21:08:53.483579+00:00] [INFO] Начинаем парсинг @druzbtc с режимом 'incremental'
[2025-09-02T21:09:16.356693+00:00] [ERROR] Таймаут при загрузке страницы @druzbtc или не найдены твиты.
[2025-09-02T21:09:16.422213+00:00] [INFO] --- Перерыв перед следующим аккаунтом ---
[2025-09-02T21:09:25.176174+00:00] [INFO] Начинаем парсинг @Vega20032 с режимом 'incremental'
[2025-09-02T21:09:48.195577+00:00] [ERROR] Таймаут при загрузке страницы @Vega20032 или не найдены твиты.
[2025-09-02T21:09:48.254597+00:00] [INFO] --- Перерыв перед следующим аккаунтом ---
[2025-09-02T21:09:57.104970+00:00] [INFO] Начинаем парсинг @Big_Pharmai с режимом 'incremental'
[2025-09-02T21:10:20.803956+00:00] [ERROR] Таймаут при загрузке страницы @Big_Pharmai или не найдены твиты.
[2025-09-02T21:10:20.889382+00:00] [INFO] --- Перерыв перед следующим аккаунтом ---
[2025-09-02T21:10:27.682451+00:00] [INFO] Начинаем парсинг @CoinWingsAI с режимом 'incremental'
[2025-09-02T21:10:50.750841+00:00] [ERROR] Таймаут при загрузке страницы @CoinWingsAI или не найдены твиты.
[2025-09-02T21:10:50.831946+00:00] [INFO] --- Перерыв перед следующим аккаунтом ---
[2025-09-02T21:10:58.730801+00:00] [INFO] Начинаем парсинг @InsightsAlpha с режимом 'incremental'
[2025-09-02T21:11:21.876548+00:00] [ERROR] Таймаут при загрузке страницы @InsightsAlpha или не найдены твиты.
[2025-09-02T21:11:21.972017+00:00] [INFO] --- Перерыв перед следующим аккаунтом ---
[2025-09-02T21:11:28.762243+00:00] [INFO] Начинаем парсинг @Arya_web3 с режимом 'incremental'
[2025-09-02T21:11:51.764722+00:00] [ERROR] Таймаут при загрузке страницы @Arya_web3 или не найдены твиты.
[2025-09-02T21:11:51.830173+00:00] [INFO] --- Перерыв перед следующим аккаунтом ---
[2025-09-02T21:11:57.047873+00:00] [INFO] Начинаем парсинг @nhat710994 с режимом 'incremental'
[2025-09-02T21:12:04.998930+00:00] [INFO] Страница @nhat710994 успешно загружена.
[2025-09-02T21:12:05.122517+00:00] [INFO] @nhat710994: Найдено новых твитов: 4/60
[2025-09-02T21:12:08.136038+00:00] [INFO] @nhat710994: Найдено новых твитов: 9/60
[2025-09-02T21:12:11.167988+00:00] [INFO] @nhat710994: Найдено новых твитов: 15/60
[2025-09-02T21:12:13.352373+00:00] [INFO] @nhat710994: Найдено новых твитов: 24/60
[2025-09-02T21:12:15.583356+00:00] [INFO] @nhat710994: Найдено новых твитов: 33/60
[2025-09-02T21:12:19.668208+00:00] [INFO] @nhat710994: Найдено новых твитов: 42/60
[2025-09-02T21:12:23.098829+00:00] [INFO] @nhat710994: Сохраняем промежуточный результат (50 новых твитов)...
[2025-09-02T21:12:23.127437+00:00] [INFO] @nhat710994: Найдено новых твитов: 51/60
[2025-09-02T21:12:26.711285+00:00] [INFO] @nhat710994: Найдено новых твитов: 60/60
[2025-09-02T21:12:29.200800+00:00] [INFO] @nhat710994: Найдено 60 новых твитов. Сохранение итогового результата...
[2025-09-02T21:12:29.202490+00:00] [INFO] ✅ @nhat710994: Готово. Всего твитов в файле: 60.
[2025-09-02T21:12:29.202560+00:00] [INFO] --- Перерыв перед следующим аккаунтом ---
[2025-09-02T21:12:37.974391+00:00] [INFO] Начинаем парсинг @fexir1 с режимом 'incremental'
[2025-09-02T21:12:42.735516+00:00] [INFO] Страница @fexir1 успешно загружена.
[2025-09-02T21:12:42.872612+00:00] [INFO] @fexir1: Найдено новых твитов: 2/60
[2025-09-02T21:12:45.974988+00:00] [INFO] @fexir1: Найдено новых твитов: 14/60
[2025-09-02T21:12:48.587941+00:00] [INFO] @fexir1: Найдено новых твитов: 25/60
[2025-09-02T21:12:52.721143+00:00] [INFO] @fexir1: Найдено новых твитов: 34/60
[2025-09-02T21:12:55.319572+00:00] [INFO] @fexir1: Найдено новых твитов: 45/60
[2025-09-02T21:12:57.916177+00:00] [INFO] @fexir1: Сохраняем промежуточный результат (50 новых твитов)...
[2025-09-02T21:12:58.097125+00:00] [INFO] @fexir1: Найдено новых твитов: 60/60
[2025-09-02T21:13:02.125206+00:00] [INFO] @fexir1: Найдено 60 новых твитов. Сохранение итогового результата...
[2025-09-02T21:13:02.126369+00:00] [INFO] ✅ @fexir1: Готово. Всего твитов в файле: 60.
[2025-09-02T21:13:02.126435+00:00] [INFO] --- Перерыв перед следующим аккаунтом ---
[2025-09-02T21:13:07.668970+00:00] [INFO] Начинаем парсинг @Cna521 с режимом 'incremental'
[2025-09-02T21:13:13.964522+00:00] [INFO] Страница @Cna521 успешно загружена.
[2025-09-02T21:13:19.035829+00:00] [INFO] @Cna521: Найдено новых твитов: 2/60
[2025-09-02T21:13:22.868330+00:00] [INFO] @Cna521: Найдено новых твитов: 8/60
[2025-09-02T21:13:26.366942+00:00] [INFO] @Cna521: Найдено новых твитов: 14/60
[2025-09-02T21:13:29.715264+00:00] [INFO] @Cna521: Найдено новых твитов: 19/60
[2025-09-02T21:13:32.096076+00:00] [INFO] @Cna521: Найдено новых твитов: 25/60
[2025-09-02T21:13:35.235887+00:00] [INFO] @Cna521: Найдено новых твитов: 33/60
[2025-09-02T21:13:38.680196+00:00] [INFO] @Cna521: Найдено новых твитов: 38/60
[2025-09-02T21:13:42.788577+00:00] [INFO] @Cna521: Найдено новых твитов: 44/60
[2025-09-02T21:13:46.900191+00:00] [INFO] @Cna521: Найдено новых твитов: 49/60
[2025-09-02T21:13:50.502851+00:00] [INFO] @Cna521: Сохраняем промежуточный результат (50 новых твитов)...
[2025-09-02T21:13:50.791086+00:00] [INFO] @Cna521: Найдено новых твитов: 53/60
[2025-09-02T21:13:56.245762+00:00] [INFO] @Cna521: Найдено новых твитов: 59/60
[2025-09-02T21:14:00.278997+00:00] [INFO] @Cna521: Найдено новых твитов: 60/60
[2025-09-02T21:14:03.678183+00:00] [INFO] @Cna521: Найдено 60 новых твитов. Сохранение итогового результата...
[2025-09-02T21:14:03.681271+00:00] [INFO] ✅ @Cna521: Готово. Всего твитов в файле: 60.
[2025-09-02T21:14:03.681927+00:00] [INFO] --- Перерыв перед следующим аккаунтом ---
[2025-09-02T21:14:09.642706+00:00] [INFO] Начинаем парсинг @purume20922 с режимом 'incremental'
[2025-09-02T21:14:21.103293+00:00] [INFO] Страница @purume20922 успешно загружена.
[2025-09-02T21:14:21.378072+00:00] [INFO] @purume20922: Найдено новых твитов: 3/60
[2025-09-02T21:14:29.668557+00:00] [INFO] @purume20922: Найдено новых твитов: 9/60
[2025-09-02T21:14:33.291525+00:00] [INFO] @purume20922: Найдено новых твитов: 16/60
[2025-09-02T21:14:36.513338+00:00] [INFO] @purume20922: Найдено новых твитов: 21/60
[2025-09-02T21:14:55.180487+00:00] [INFO] @purume20922: Найдено новых твитов: 26/60
[2025-09-02T21:14:57.625290+00:00] [INFO] @purume20922: Найдено новых твитов: 32/60
[2025-09-02T21:15:10.883503+00:00] [INFO] @purume20922: Найдено новых твитов: 36/60
[2025-09-02T21:15:14.431115+00:00] [INFO] @purume20922: Найдено новых твитов: 42/60
[2025-09-02T21:15:21.828727+00:00] [INFO] @purume20922: Найдено новых твитов: 48/60
[2025-09-02T21:15:24.722706+00:00] [INFO] @purume20922: Сохраняем промежуточный результат (50 новых твитов)...
[2025-09-02T21:16:54.825819+00:00] [INFO] @purume20922: Найдено новых твитов: 55/60
[2025-09-02T21:16:58.093155+00:00] [INFO] @purume20922: Найдено новых твитов: 60/60
[2025-09-02T21:17:00.304175+00:00] [INFO] @purume20922: Найдено 60 новых твитов. Сохранение итогового результата...
[2025-09-02T21:17:00.306510+00:00] [INFO] ✅ @purume20922: Готово. Всего твитов в файле: 60.
[2025-09-02T21:17:00.306633+00:00] [INFO] --- Перерыв перед следующим аккаунтом ---
[2025-09-02T21:17:10.096120+00:00] [INFO] Начинаем парсинг @ihopkins_eth с режимом 'incremental'
[2025-09-02T21:17:17.640486+00:00] [INFO] Страница @ihopkins_eth успешно загружена.
[2025-09-02T21:17:17.784359+00:00] [INFO] @ihopkins_eth: Найдено новых твитов: 3/60
[2025-09-02T21:17:20.080058+00:00] [INFO] @ihopkins_eth: Найдено новых твитов: 8/60
[2025-09-02T21:17:23.642819+00:00] [INFO] @ihopkins_eth: Найдено новых твитов: 14/60
[2025-09-02T21:17:25.876048+00:00] [INFO] @ihopkins_eth: Найдено новых твитов: 18/60
[2025-09-02T21:17:29.983077+00:00] [INFO] @ihopkins_eth: Найдено новых твитов: 24/60
[2025-09-02T21:17:32.972699+00:00] [INFO] @ihopkins_eth: Найдено новых твитов: 30/60
[2025-09-02T21:17:35.689080+00:00] [INFO] @ihopkins_eth: Найдено новых твитов: 36/60
[2025-09-02T21:17:44.071919+00:00] [INFO] @ihopkins_eth: Найдено новых твитов: 40/60
[2025-09-02T21:17:47.422656+00:00] [INFO] @ihopkins_eth: Найдено новых твитов: 45/60
[2025-09-02T21:17:50.529976+00:00] [INFO] @ihopkins_eth: Сохраняем промежуточный результат (50 новых твитов)...
[2025-09-02T21:17:50.550899+00:00] [INFO] @ihopkins_eth: Найдено новых твитов: 51/60
[2025-09-02T21:17:53.224463+00:00] [INFO] @ihopkins_eth: Найдено новых твитов: 56/60
[2025-09-02T21:17:56.320403+00:00] [INFO] @ihopkins_eth: Найдено новых твитов: 60/60
[2025-09-02T21:17:59.550290+00:00] [INFO] @ihopkins_eth: Найдено 60 новых твитов. Сохранение итогового результата...
[2025-09-02T21:17:59.552028+00:00] [INFO] ✅ @ihopkins_eth: Готово. Всего твитов в файле: 60.
[2025-09-02T21:17:59.552124+00:00] [INFO] --- Перерыв перед следующим аккаунтом ---
[2025-09-02T21:18:09.023821+00:00] [INFO] Начинаем парсинг @LunaXmeta с режимом 'incremental'
[2025-09-02T21:18:16.092469+00:00] [INFO] Страница @LunaXmeta успешно загружена.
[2025-09-02T21:18:16.246617+00:00] [INFO] @LunaXmeta: Найдено новых твитов: 3/60
[2025-09-02T21:18:20.054436+00:00] [INFO] @LunaXmeta: Найдено новых твитов: 9/60
[2025-09-02T21:18:24.146890+00:00] [INFO] @LunaXmeta: Найдено новых твитов: 16/60
[2025-09-02T21:18:35.211352+00:00] [INFO] @LunaXmeta: Найдено новых твитов: 22/60
[2025-09-02T21:18:38.656246+00:00] [INFO] @LunaXmeta: Найдено новых твитов: 28/60
[2025-09-02T21:18:45.986908+00:00] [INFO] @LunaXmeta: Найдено новых твитов: 36/60
[2025-09-02T21:18:50.274976+00:00] [INFO] @LunaXmeta: Найдено новых твитов: 38/60
[2025-09-02T21:18:53.145415+00:00] [INFO] @LunaXmeta: Найдено новых твитов: 46/60
[2025-09-02T21:18:56.404690+00:00] [INFO] @LunaXmeta: Сохраняем промежуточный результат (50 новых твитов)...
[2025-09-02T21:18:56.576771+00:00] [INFO] @LunaXmeta: Найдено новых твитов: 51/60
[2025-09-02T21:18:59.488164+00:00] [INFO] @LunaXmeta: Найдено новых твитов: 57/60
[2025-09-02T21:19:02.309913+00:00] [INFO] @LunaXmeta: Найдено новых твитов: 60/60
[2025-09-02T21:19:04.984538+00:00] [INFO] @LunaXmeta: Найдено 60 новых твитов. Сохранение итогового результата...
[2025-09-02T21:19:04.986845+00:00] [INFO] ✅ @LunaXmeta: Готово. Всего твитов в файле: 60.
[2025-09-02T21:19:04.986999+00:00] [INFO] --- Перерыв перед следующим аккаунтом ---
[2025-09-02T21:19:11.265829+00:00] [INFO] Начинаем парсинг @Ryguy210x2 с режимом 'incremental'
[2025-09-02T21:19:19.895653+00:00] [INFO] Страница @Ryguy210x2 успешно загружена.
[2025-09-02T21:19:20.295169+00:00] [INFO] @Ryguy210x2: Найдено новых твитов: 5/60
[2025-09-02T21:19:28.391613+00:00] [INFO] @Ryguy210x2: Найдено новых твитов: 10/60
[2025-09-02T21:19:31.209497+00:00] [INFO] @Ryguy210x2: Найдено новых твитов: 18/60
[2025-09-02T21:19:34.869769+00:00] [INFO] @Ryguy210x2: Найдено новых твитов: 24/60
[2025-09-02T21:19:38.666850+00:00] [INFO] @Ryguy210x2: Найдено новых твитов: 30/60
[2025-09-02T21:19:41.260336+00:00] [INFO] @Ryguy210x2: Найдено новых твитов: 38/60
[2025-09-02T21:19:45.144943+00:00] [INFO] @Ryguy210x2: Найдено новых твитов: 42/60
[2025-09-02T21:19:48.562548+00:00] [INFO] @Ryguy210x2: Найдено новых твитов: 48/60
[2025-09-02T21:19:52.079635+00:00] [INFO] @Ryguy210x2: Сохраняем промежуточный результат (50 новых твитов)...
[2025-09-02T21:19:52.242756+00:00] [INFO] @Ryguy210x2: Найдено новых твитов: 55/60
[2025-09-02T21:19:55.915171+00:00] [INFO] @Ryguy210x2: Найдено новых твитов: 60/60
[2025-09-02T21:19:58.123193+00:00] [INFO] @Ryguy210x2: Найдено 60 новых твитов. Сохранение итогового результата...
[2025-09-02T21:19:58.124458+00:00] [INFO] ✅ @Ryguy210x2: Готово. Всего твитов в файле: 60.
[2025-09-02T21:19:58.124551+00:00] [INFO] --- Перерыв перед следующим аккаунтом ---
[2025-09-02T21:20:06.604721+00:00] [INFO] Начинаем парсинг @ailirone с режимом 'incremental'
[2025-09-02T21:20:13.646379+00:00] [INFO] Страница @ailirone успешно загружена.
[2025-09-02T21:20:13.810349+00:00] [INFO] @ailirone: Найдено новых твитов: 3/60
[2025-09-02T21:20:16.054844+00:00] [INFO] @ailirone: Найдено новых твитов: 10/60
[2025-09-02T21:20:18.937128+00:00] [INFO] @ailirone: Найдено новых твитов: 16/60
[2025-09-02T21:20:22.846806+00:00] [INFO] @ailirone: Найдено новых твитов: 20/60
[2025-09-02T21:20:26.496693+00:00] [INFO] @ailirone: Найдено новых твитов: 26/60
[2025-09-02T21:20:30.535974+00:00] [INFO] @ailirone: Найдено новых твитов: 32/60
[2025-09-02T21:20:33.370015+00:00] [INFO] @ailirone: Найдено новых твитов: 38/60
[2025-09-02T21:20:35.605746+00:00] [INFO] @ailirone: Найдено новых твитов: 44/60
[2025-09-02T21:20:39.606435+00:00] [INFO] @ailirone: Сохраняем промежуточный результат (50 новых твитов)...
[2025-09-02T21:20:39.608961+00:00] [INFO] @ailirone: Найдено новых твитов: 50/60
[2025-09-02T21:20:43.351961+00:00] [INFO] @ailirone: Найдено новых твитов: 56/60
[2025-09-02T21:20:47.001074+00:00] [INFO] @ailirone: Найдено новых твитов: 60/60
[2025-09-02T21:20:49.624476+00:00] [INFO] @ailirone: Найдено 60 новых твитов. Сохранение итогового результата...
[2025-09-02T21:20:49.627181+00:00] [INFO] ✅ @ailirone: Готово. Всего твитов в файле: 60.
[2025-09-02T21:20:49.627466+00:00] [INFO] --- Перерыв перед следующим аккаунтом ---
[2025-09-02T21:20:58.052385+00:00] [INFO] Начинаем парсинг @MA_YSNN с режимом 'incremental'
[2025-09-02T21:21:05.057407+00:00] [INFO] Страница @MA_YSNN успешно загружена.
[2025-09-02T21:21:05.166999+00:00] [INFO] @MA_YSNN: Найдено новых твитов: 3/60
[2025-09-02T21:21:07.781176+00:00] [INFO] @MA_YSNN: Найдено новых твитов: 9/60
[2025-09-02T21:21:10.383748+00:00] [INFO] @MA_YSNN: Найдено новых твитов: 16/60
[2025-09-02T21:21:14.023936+00:00] [INFO] @MA_YSNN: Найдено новых твитов: 21/60
[2025-09-02T21:21:17.585769+00:00] [INFO] @MA_YSNN: Найдено новых твитов: 28/60
[2025-09-02T21:21:20.692987+00:00] [INFO] @MA_YSNN: Найдено новых твитов: 35/60
[2025-09-02T21:21:24.061466+00:00] [INFO] @MA_YSNN: Найдено новых твитов: 40/60
[2025-09-02T21:21:28.066901+00:00] [INFO] @MA_YSNN: Найдено новых твитов: 47/60
[2025-09-02T21:21:31.072567+00:00] [INFO] @MA_YSNN: Сохраняем промежуточный результат (50 новых твитов)...
[2025-09-02T21:21:31.307892+00:00] [INFO] @MA_YSNN: Найдено новых твитов: 58/60
[2025-09-02T21:21:35.029965+00:00] [INFO] @MA_YSNN: Найдено новых твитов: 60/60
[2025-09-02T21:21:38.410302+00:00] [INFO] @MA_YSNN: Найдено 60 новых твитов. Сохранение итогового результата...
[2025-09-02T21:21:38.412144+00:00] [INFO] ✅ @MA_YSNN: Готово. Всего твитов в файле: 60.
[2025-09-02T21:21:38.412240+00:00] [INFO] --- Перерыв перед следующим аккаунтом ---
[2025-09-02T21:21:47.679038+00:00] [INFO] Начинаем парсинг @kejichaopao с режимом 'incremental'
[2025-09-02T21:21:54.825122+00:00] [INFO] Страница @kejichaopao успешно загружена.
[2025-09-02T21:21:54.931357+00:00] [INFO] @kejichaopao: Найдено новых твитов: 4/60
[2025-09-02T21:21:58.781638+00:00] [INFO] @kejichaopao: Найдено новых твитов: 12/60
[2025-09-02T21:22:01.863433+00:00] [INFO] @kejichaopao: Найдено новых твитов: 19/60
[2025-09-02T21:22:05.835583+00:00] [INFO] @kejichaopao: Найдено новых твитов: 25/60
[2025-09-02T21:22:14.305092+00:00] [INFO] @kejichaopao: Найдено новых твитов: 32/60
[2025-09-02T21:22:17.407002+00:00] [INFO] @kejichaopao: Найдено новых твитов: 39/60
[2025-09-02T21:22:19.735366+00:00] [INFO] @kejichaopao: Найдено новых твитов: 44/60
[2025-09-02T21:22:22.498957+00:00] [INFO] @kejichaopao: Сохраняем промежуточный результат (50 новых твитов)...
[2025-09-02T21:22:22.501304+00:00] [INFO] @kejichaopao: Найдено новых твитов: 50/60
[2025-09-02T21:22:26.392421+00:00] [INFO] @kejichaopao: Найдено новых твитов: 58/60
[2025-09-02T21:22:35.131306+00:00] [INFO] @kejichaopao: Найдено новых твитов: 60/60
[2025-09-02T21:22:38.318278+00:00] [INFO] @kejichaopao: Найдено 60 новых твитов. Сохранение итогового результата...
[2025-09-02T21:22:38.319585+00:00] [INFO] ✅ @kejichaopao: Готово. Всего твитов в файле: 60.
[2025-09-02T21:22:38.319688+00:00] [INFO] --- Перерыв перед следующим аккаунтом ---
[2025-09-02T21:22:45.924460+00:00] [INFO] Начинаем парсинг @zijingNFT с режимом 'incremental'
[2025-09-02T21:22:53.625923+00:00] [INFO] Страница @zijingNFT успешно загружена.
[2025-09-02T21:22:58.689960+00:00] [INFO] @zijingNFT: Найдено новых твитов: 0/60
[2025-09-02T21:22:58.690189+00:00] [INFO] @zijingNFT: Прокрутка не дала результатов. Попытка 1/5
[2025-09-02T21:23:02.453796+00:00] [INFO] @zijingNFT: Найдено новых твитов: 7/60
[2025-09-02T21:23:10.908738+00:00] [INFO] @zijingNFT: Найдено новых твитов: 13/60
[2025-09-02T21:23:14.298411+00:00] [INFO] @zijingNFT: Найдено новых твитов: 22/60
[2025-09-02T21:23:17.563665+00:00] [INFO] @zijingNFT: Найдено новых твитов: 29/60
[2025-09-02T21:23:26.359739+00:00] [INFO] @zijingNFT: Найдено новых твитов: 35/60
[2025-09-02T21:23:29.574748+00:00] [INFO] @zijingNFT: Найдено новых твитов: 43/60
[2025-09-02T21:23:32.063042+00:00] [INFO] @zijingNFT: Сохраняем промежуточный результат (50 новых твитов)...
[2025-09-02T21:23:32.094309+00:00] [INFO] @zijingNFT: Найдено новых твитов: 51/60
[2025-09-02T21:23:36.092616+00:00] [INFO] @zijingNFT: Найдено новых твитов: 58/60
[2025-09-02T21:23:39.074548+00:00] [INFO] @zijingNFT: Найдено новых твитов: 60/60
[2025-09-02T21:23:42.539852+00:00] [INFO] @zijingNFT: Найдено 60 новых твитов. Сохранение итогового результата...
[2025-09-02T21:23:42.542322+00:00] [INFO] ✅ @zijingNFT: Готово. Всего твитов в файле: 60.
[2025-09-02T21:23:42.542606+00:00] [INFO] --- Перерыв перед следующим аккаунтом ---
[2025-09-02T21:23:50.277054+00:00] [INFO] Начинаем парсинг @bigbigorang_yep с режимом 'incremental'
[2025-09-02T21:23:56.083589+00:00] [INFO] Страница @bigbigorang_yep успешно загружена.
[2025-09-02T21:23:56.191395+00:00] [INFO] @bigbigorang_yep: Найдено новых твитов: 5/60
[2025-09-02T21:23:59.861040+00:00] [INFO] @bigbigorang_yep: Найдено новых твитов: 12/60
[2025-09-02T21:24:03.457401+00:00] [INFO] @bigbigorang_yep: Найдено новых твитов: 19/60
[2025-09-02T21:24:05.814475+00:00] [INFO] @bigbigorang_yep: Найдено новых твитов: 27/60
[2025-09-02T21:24:08.107234+00:00] [INFO] @bigbigorang_yep: Найдено новых твитов: 34/60
[2025-09-02T21:24:10.440296+00:00] [INFO] @bigbigorang_yep: Найдено новых твитов: 39/60
[2025-09-02T21:24:13.069328+00:00] [INFO] @bigbigorang_yep: Найдено новых твитов: 47/60
[2025-09-02T21:24:16.275513+00:00] [INFO] @bigbigorang_yep: Сохраняем промежуточный результат (50 новых твитов)...
[2025-09-02T21:24:16.336999+00:00] [INFO] @bigbigorang_yep: Найдено новых твитов: 54/60
[2025-09-02T21:24:20.052199+00:00] [INFO] @bigbigorang_yep: Найдено новых твитов: 54/60
[2025-09-02T21:24:20.052483+00:00] [INFO] @bigbigorang_yep: Прокрутка не дала результатов. Попытка 1/5
[2025-09-02T21:24:22.302078+00:00] [INFO] @bigbigorang_yep: Найдено новых твитов: 54/60
[2025-09-02T21:24:22.302982+00:00] [INFO] @bigbigorang_yep: Прокрутка не дала результатов. Попытка 2/5
[2025-09-02T21:24:25.641913+00:00] [INFO] @bigbigorang_yep: Найдено новых твитов: 54/60
[2025-09-02T21:24:25.642127+00:00] [INFO] @bigbigorang_yep: Прокрутка не дала результатов. Попытка 3/5
[2025-09-02T21:24:27.737007+00:00] [INFO] @bigbigorang_yep: Найдено новых твитов: 54/60
[2025-09-02T21:24:27.737204+00:00] [INFO] @bigbigorang_yep: Прокрутка не дала результатов. Попытка 4/5
[2025-09-02T21:24:31.156450+00:00] [INFO] @bigbigorang_yep: Найдено новых твитов: 54/60
[2025-09-02T21:24:31.157552+00:00] [INFO] @bigbigorang_yep: Прокрутка не дала результатов. Попытка 5/5
[2025-09-02T21:24:31.252183+00:00] [INFO] @bigbigorang_yep: Найдено 54 новых твитов. Сохранение итогового результата...
[2025-09-02T21:24:31.253685+00:00] [INFO] ✅ @bigbigorang_yep: Готово. Всего твитов в файле: 54.
[2025-09-02T21:24:31.253789+00:00] [INFO] --- Перерыв перед следующим аккаунтом ---
[2025-09-02T21:24:39.925801+00:00] [INFO] Начинаем парсинг @BitGodjnr с режимом 'incremental'
[2025-09-02T21:25:03.352665+00:00] [ERROR] Таймаут при загрузке страницы @BitGodjnr или не найдены твиты.
[2025-09-02T21:25:03.454252+00:00] [INFO] --- Перерыв перед следующим аккаунтом ---
[2025-09-02T21:25:12.378828+00:00] [INFO] Начинаем парсинг @Ziam123_ с режимом 'incremental'
[2025-09-02T21:25:35.307246+00:00] [ERROR] Таймаут при загрузке страницы @Ziam123_ или не найдены твиты.
[2025-09-02T21:25:35.385515+00:00] [INFO] --- Перерыв перед следующим аккаунтом ---
[2025-09-02T21:25:44.689997+00:00] [INFO] Начинаем парсинг @PeppeJnr с режимом 'incremental'
[2025-09-02T21:42:59.407109+00:00] [ERROR] Таймаут при загрузке страницы @PeppeJnr или не найдены твиты.
[2025-09-02T21:42:59.813273+00:00] [INFO] --- Перерыв перед следующим аккаунтом ---
[2025-09-02T21:43:09.677703+00:00] [INFO] Начинаем парсинг @and40506 с режимом 'incremental'
[2025-09-02T21:43:16.608586+00:00] [INFO] Страница @and40506 успешно загружена.
[2025-09-02T21:43:16.664838+00:00] [INFO] @and40506: Найдено новых твитов: 3/60
[2025-09-02T21:43:50.181637+00:00] [INFO] @and40506: Найдено новых твитов: 10/60
[2025-09-02T21:44:22.697252+00:00] [INFO] @and40506: Найдено новых твитов: 17/60
[2025-09-02T21:44:26.352189+00:00] [INFO] @and40506: Найдено новых твитов: 23/60
[2025-09-02T21:44:28.985218+00:00] [INFO] @and40506: Найдено новых твитов: 29/60
[2025-09-02T22:00:40.364778+00:00] [INFO] @and40506: Найдено новых твитов: 40/60
[2025-09-02T22:16:01.526424+00:00] [INFO] @and40506: Найдено новых твитов: 44/60
[2025-09-02T22:16:33.867689+00:00] [INFO] @and40506: Сохраняем промежуточный результат (50 новых твитов)...
[2025-09-02T22:16:33.892770+00:00] [INFO] @and40506: Найдено новых твитов: 52/60
[2025-09-02T22:16:36.752287+00:00] [INFO] @and40506: Найдено новых твитов: 60/60
[2025-09-02T22:16:39.666230+00:00] [INFO] @and40506: Найдено 60 новых твитов. Сохранение итогового результата...
[2025-09-02T22:16:39.667019+00:00] [INFO] ✅ @and40506: Готово. Всего твитов в файле: 60.
[2025-09-02T22:16:39.667076+00:00] [INFO] --- Перерыв перед следующим аккаунтом ---
[2025-09-02T22:16:45.290797+00:00] [INFO] Начинаем парсинг @coinmun с режимом 'incremental'
[2025-09-02T22:16:51.948733+00:00] [INFO] Страница @coinmun успешно загружена.
[2025-09-02T22:16:52.062650+00:00] [INFO] @coinmun: Найдено новых твитов: 1/60
[2025-09-02T22:16:56.004453+00:00] [INFO] @coinmun: Найдено новых твитов: 8/60
[2025-09-02T22:16:58.849912+00:00] [INFO] @coinmun: Найдено новых твитов: 15/60
[2025-09-02T22:17:02.448483+00:00] [INFO] @coinmun: Найдено новых твитов: 21/60
[2025-09-02T22:17:06.023739+00:00] [INFO] @coinmun: Найдено новых твитов: 27/60
[2025-09-02T22:17:09.222460+00:00] [INFO] @coinmun: Найдено новых твитов: 34/60
[2025-09-02T22:17:12.013077+00:00] [INFO] @coinmun: Найдено новых твитов: 39/60
[2025-09-02T22:17:14.500660+00:00] [INFO] @coinmun: Найдено новых твитов: 46/60
[2025-09-02T22:17:17.903305+00:00] [INFO] @coinmun: Сохраняем промежуточный результат (50 новых твитов)...
[2025-09-02T22:17:17.929679+00:00] [INFO] @coinmun: Найдено новых твитов: 52/60
[2025-09-02T22:17:21.193833+00:00] [INFO] @coinmun: Найдено новых твитов: 59/60
[2025-09-02T22:17:24.432804+00:00] [INFO] @coinmun: Найдено новых твитов: 60/60
[2025-09-02T22:17:27.059411+00:00] [INFO] @coinmun: Найдено 60 новых твитов. Сохранение итогового результата...
[2025-09-02T22:17:27.061035+00:00] [INFO] ✅ @coinmun: Готово. Всего твитов в файле: 60.
[2025-09-02T22:17:27.061094+00:00] [INFO] --- Перерыв перед следующим аккаунтом ---
[2025-09-02T22:17:34.636114+00:00] [INFO] Начинаем парсинг @apeinapp с режимом 'incremental'
[2025-09-02T22:17:39.443774+00:00] [INFO] Страница @apeinapp успешно загружена.
[2025-09-02T22:17:39.516931+00:00] [INFO] @apeinapp: Найдено новых твитов: 2/60
[2025-09-02T22:17:43.092748+00:00] [INFO] @apeinapp: Найдено новых твитов: 10/60
[2025-09-02T22:17:52.123214+00:00] [INFO] @apeinapp: Найдено новых твитов: 17/60
[2025-09-02T22:17:54.618037+00:00] [INFO] @apeinapp: Найдено новых твитов: 23/60
[2025-09-02T22:18:02.789577+00:00] [INFO] @apeinapp: Найдено новых твитов: 29/60
[2025-09-02T22:18:06.753052+00:00] [INFO] @apeinapp: Найдено новых твитов: 37/60
[2025-09-02T22:18:09.532856+00:00] [INFO] @apeinapp: Найдено новых твитов: 43/60
[2025-09-02T22:18:11.982499+00:00] [INFO] @apeinapp: Найдено новых твитов: 49/60
[2025-09-02T22:18:14.120364+00:00] [INFO] @apeinapp: Сохраняем промежуточный результат (50 новых твитов)...
[2025-09-02T22:18:14.215717+00:00] [INFO] @apeinapp: Найдено новых твитов: 55/60
[2025-09-02T22:18:17.309287+00:00] [INFO] @apeinapp: Найдено новых твитов: 60/60
[2025-09-02T22:34:09.095652+00:00] [INFO] @apeinapp: Найдено 60 новых твитов. Сохранение итогового результата...
[2025-09-02T22:34:09.097258+00:00] [INFO] ✅ @apeinapp: Готово. Всего твитов в файле: 60.
[2025-09-02T22:34:09.097323+00:00] [INFO] --- Перерыв перед следующим аккаунтом ---
[2025-09-02T22:34:17.618408+00:00] [INFO] Начинаем парсинг @cryptonirvana_2 с режимом 'incremental'
[2025-09-02T22:34:25.315082+00:00] [INFO] Страница @cryptonirvana_2 успешно загружена.
[2025-09-02T22:34:25.383836+00:00] [INFO] @cryptonirvana_2: Найдено новых твитов: 5/60
[2025-09-02T22:34:27.619359+00:00] [INFO] @cryptonirvana_2: Найдено новых твитов: 12/60
[2025-09-02T22:34:30.700608+00:00] [INFO] @cryptonirvana_2: Найдено новых твитов: 19/60
[2025-09-02T22:34:33.707326+00:00] [INFO] @cryptonirvana_2: Найдено новых твитов: 27/60
[2025-09-02T22:34:37.218966+00:00] [INFO] @cryptonirvana_2: Найдено новых твитов: 33/60
[2025-09-02T22:34:40.339080+00:00] [INFO] @cryptonirvana_2: Найдено новых твитов: 40/60
[2025-09-02T22:34:44.458742+00:00] [INFO] @cryptonirvana_2: Найдено новых твитов: 46/60
[2025-09-02T22:34:51.538949+00:00] [INFO] @cryptonirvana_2: Сохраняем промежуточный результат (50 новых твитов)...
[2025-09-02T22:34:51.563711+00:00] [INFO] @cryptonirvana_2: Найдено новых твитов: 52/60
[2025-09-02T22:34:53.744757+00:00] [INFO] @cryptonirvana_2: Найдено новых твитов: 55/60
[2025-09-02T22:34:57.032762+00:00] [INFO] @cryptonirvana_2: Найдено новых твитов: 59/60
[2025-09-02T22:34:59.718073+00:00] [INFO] @cryptonirvana_2: Найдено новых твитов: 60/60
[2025-09-02T22:35:03.669654+00:00] [INFO] @cryptonirvana_2: Найдено 60 новых твитов. Сохранение итогового результата...
[2025-09-02T22:35:03.671044+00:00] [INFO] ✅ @cryptonirvana_2: Готово. Всего твитов в файле: 60.
[2025-09-02T22:35:03.671172+00:00] [INFO] --- Перерыв перед следующим аккаунтом ---
[2025-09-02T22:35:12.699083+00:00] [INFO] Начинаем парсинг @anrui886 с режимом 'incremental'
[2025-09-02T22:35:18.771164+00:00] [INFO] Страница @anrui886 успешно загружена.
[2025-09-02T22:35:18.826309+00:00] [INFO] @anrui886: Найдено новых твитов: 3/60
[2025-09-02T22:35:21.171996+00:00] [INFO] @anrui886: Найдено новых твитов: 9/60
[2025-09-02T22:35:24.155852+00:00] [INFO] @anrui886: Найдено новых твитов: 17/60
[2025-09-02T22:35:32.021505+00:00] [INFO] @anrui886: Найдено новых твитов: 23/60
[2025-09-02T22:35:35.057713+00:00] [INFO] @anrui886: Найдено новых твитов: 32/60
[2025-09-02T22:35:38.705738+00:00] [INFO] @anrui886: Найдено новых твитов: 42/60
[2025-09-02T22:35:51.984792+00:00] [INFO] @anrui886: Сохраняем промежуточный результат (50 новых твитов)...
[2025-09-02T22:35:52.010986+00:00] [INFO] @anrui886: Найдено новых твитов: 52/60
[2025-09-02T22:35:54.618848+00:00] [INFO] @anrui886: Найдено новых твитов: 60/60
[2025-09-02T22:35:58.173312+00:00] [INFO] @anrui886: Найдено 60 новых твитов. Сохранение итогового результата...
[2025-09-02T22:35:58.175119+00:00] [INFO] ✅ @anrui886: Готово. Всего твитов в файле: 60.
[2025-09-02T22:35:58.175191+00:00] [INFO] --- Перерыв перед следующим аккаунтом ---
[2025-09-02T22:36:07.974546+00:00] [INFO] Начинаем парсинг @jeansonlau с режимом 'incremental'
[2025-09-02T22:36:14.274507+00:00] [INFO] Страница @jeansonlau успешно загружена.
[2025-09-02T22:36:14.410907+00:00] [INFO] @jeansonlau: Найдено новых твитов: 2/60
[2025-09-02T22:36:18.149355+00:00] [INFO] @jeansonlau: Найдено новых твитов: 7/60
[2025-09-02T22:36:21.093677+00:00] [INFO] @jeansonlau: Найдено новых твитов: 13/60
[2025-09-02T22:51:38.154797+00:00] [INFO] @jeansonlau: Найдено новых твитов: 16/60
[2025-09-02T22:51:40.306407+00:00] [INFO] @jeansonlau: Найдено новых твитов: 16/60
[2025-09-02T22:51:40.307612+00:00] [INFO] @jeansonlau: Прокрутка не дала результатов. Попытка 1/5
[2025-09-02T22:51:44.142426+00:00] [INFO] @jeansonlau: Найдено новых твитов: 16/60
[2025-09-02T22:51:44.142620+00:00] [INFO] @jeansonlau: Прокрутка не дала результатов. Попытка 2/5
[2025-09-02T22:51:47.920989+00:00] [INFO] @jeansonlau: Найдено новых твитов: 16/60
[2025-09-02T22:51:47.921252+00:00] [INFO] @jeansonlau: Прокрутка не дала результатов. Попытка 3/5
[2025-09-02T22:51:50.037407+00:00] [INFO] @jeansonlau: Найдено новых твитов: 16/60
[2025-09-02T22:51:50.037618+00:00] [INFO] @jeansonlau: Прокрутка не дала результатов. Попытка 4/5
[2025-09-02T22:51:53.102850+00:00] [INFO] @jeansonlau: Найдено новых твитов: 16/60
[2025-09-02T22:51:53.103005+00:00] [INFO] @jeansonlau: Прокрутка не дала результатов. Попытка 5/5
[2025-09-02T22:51:53.167249+00:00] [INFO] @jeansonlau: Найдено 16 новых твитов. Сохранение итогового результата...
[2025-09-02T22:51:53.168133+00:00] [INFO] ✅ @jeansonlau: Готово. Всего твитов в файле: 16.
[2025-09-02T22:51:53.168203+00:00] [INFO] --- Перерыв перед следующим аккаунтом ---
