[2025-08-31T13:02:43.862972+00:00] [INFO] Загружен конфиг: {'headless': True, 'max_new_tweets': 200, 'parse_mode': 'incremental', 'since_date': '2024-01-01', 'max_stale_scrolls': 5, 'save_every_n_tweets': 50}
[2025-08-31T13:02:43.864971+00:00] [INFO] Загружено аккаунтов: 90 из accounts_CAESAR.txt
[2025-08-31T13:02:43.865198+00:00] [INFO] Начинаем парсинг @bestfriend369 с режимом 'incremental'
[2025-08-31T13:03:45.760025+00:00] [ERROR] Таймаут при загрузке страницы @bestfriend369 или не найдены твиты.
[2025-08-31T13:03:45.866387+00:00] [INFO] --- Перерыв перед следующим аккаунтом ---
[2025-08-31T13:03:50.944873+00:00] [INFO] Начинаем парсинг @alascryptogmi с режимом 'incremental'
[2025-08-31T13:04:52.106682+00:00] [ERROR] Таймаут при загрузке страницы @alascryptogmi или не найдены твиты.
[2025-08-31T13:04:52.192611+00:00] [INFO] --- Перерыв перед следующим аккаунтом ---
[2025-08-31T13:05:00.511589+00:00] [INFO] Начинаем парсинг @Daniel_StotheC с режимом 'incremental'
[2025-08-31T13:06:01.415823+00:00] [ERROR] Таймаут при загрузке страницы @Daniel_StotheC или не найдены твиты.
[2025-08-31T13:06:01.506114+00:00] [INFO] --- Перерыв перед следующим аккаунтом ---
[2025-08-31T13:06:09.695838+00:00] [INFO] Начинаем парсинг @0xleegenz с режимом 'incremental'
[2025-08-31T13:16:26.318384+00:00] [INFO] Загружен конфиг: {'headless': True, 'max_new_tweets': 200, 'parse_mode': 'incremental', 'since_date': '2024-01-01', 'max_stale_scrolls': 5, 'save_every_n_tweets': 50}
[2025-08-31T13:16:26.319424+00:00] [INFO] Загружено аккаунтов: 90 из accounts_CAESAR.txt
[2025-08-31T13:16:26.319535+00:00] [INFO] Начинаем парсинг @TheMadDrLazarus с режимом 'incremental'
[2025-08-31T13:16:34.612940+00:00] [INFO] Страница @TheMadDrLazarus успешно загружена.
[2025-08-31T13:16:34.747723+00:00] [INFO] @TheMadDrLazarus: Найдено новых твитов: 5/200
[2025-08-31T13:16:38.892627+00:00] [INFO] @TheMadDrLazarus: Найдено новых твитов: 11/200
[2025-08-31T13:16:43.010820+00:00] [INFO] @TheMadDrLazarus: Найдено новых твитов: 19/200
[2025-08-31T13:16:45.948934+00:00] [INFO] @TheMadDrLazarus: Найдено новых твитов: 28/200
[2025-08-31T13:16:49.250253+00:00] [INFO] @TheMadDrLazarus: Найдено новых твитов: 38/200
[2025-08-31T13:16:52.120501+00:00] [INFO] @TheMadDrLazarus: Найдено новых твитов: 42/200
[2025-08-31T13:16:54.675948+00:00] [INFO] @TheMadDrLazarus: Сохраняем промежуточный результат (50 новых твитов)...
[2025-08-31T13:16:54.677630+00:00] [INFO] @TheMadDrLazarus: Найдено новых твитов: 50/200
[2025-08-31T13:16:58.510110+00:00] [INFO] @TheMadDrLazarus: Найдено новых твитов: 57/200
[2025-08-31T13:17:02.403365+00:00] [INFO] @TheMadDrLazarus: Найдено новых твитов: 62/200
[2025-08-31T13:17:05.405063+00:00] [INFO] @TheMadDrLazarus: Найдено новых твитов: 70/200
[2025-08-31T13:17:08.521190+00:00] [INFO] @TheMadDrLazarus: Найдено новых твитов: 78/200
[2025-08-31T13:17:11.242593+00:00] [INFO] @TheMadDrLazarus: Найдено новых твитов: 84/200
[2025-08-31T13:17:15.116105+00:00] [INFO] @TheMadDrLazarus: Найдено новых твитов: 92/200
[2025-08-31T13:17:17.570459+00:00] [INFO] @TheMadDrLazarus: Найдено новых твитов: 98/200
[2025-08-31T13:17:21.034727+00:00] [INFO] @TheMadDrLazarus: Сохраняем промежуточный результат (100 новых твитов)...
[2025-08-31T13:17:21.133507+00:00] [INFO] @TheMadDrLazarus: Найдено новых твитов: 103/200
[2025-08-31T13:17:28.500763+00:00] [INFO] @TheMadDrLazarus: Найдено новых твитов: 111/200
[2025-08-31T13:17:31.529076+00:00] [INFO] @TheMadDrLazarus: Найдено новых твитов: 118/200
[2025-08-31T13:17:35.402158+00:00] [INFO] @TheMadDrLazarus: Найдено новых твитов: 122/200
[2025-08-31T13:17:39.072677+00:00] [INFO] @TheMadDrLazarus: Найдено новых твитов: 129/200
[2025-08-31T13:17:41.787513+00:00] [INFO] @TheMadDrLazarus: Найдено новых твитов: 136/200
[2025-08-31T13:17:43.999855+00:00] [INFO] @TheMadDrLazarus: Найдено новых твитов: 142/200
[2025-08-31T13:17:46.405480+00:00] [INFO] @TheMadDrLazarus: Сохраняем промежуточный результат (150 новых твитов)...
[2025-08-31T13:17:46.408962+00:00] [INFO] @TheMadDrLazarus: Найдено новых твитов: 150/200
[2025-08-31T13:17:50.138613+00:00] [INFO] @TheMadDrLazarus: Найдено новых твитов: 158/200
[2025-08-31T13:17:52.800965+00:00] [INFO] @TheMadDrLazarus: Найдено новых твитов: 161/200
[2025-08-31T13:17:56.855059+00:00] [INFO] @TheMadDrLazarus: Найдено новых твитов: 170/200
[2025-08-31T13:18:00.309808+00:00] [INFO] @TheMadDrLazarus: Найдено новых твитов: 178/200
[2025-08-31T13:18:03.274614+00:00] [INFO] @TheMadDrLazarus: Найдено новых твитов: 183/200
[2025-08-31T13:18:05.736716+00:00] [INFO] @TheMadDrLazarus: Найдено новых твитов: 192/200
[2025-08-31T13:18:09.185710+00:00] [INFO] @TheMadDrLazarus: Сохраняем промежуточный результат (200 новых твитов)...
[2025-08-31T13:18:09.188319+00:00] [INFO] @TheMadDrLazarus: Найдено новых твитов: 200/200
[2025-08-31T13:18:11.656193+00:00] [INFO] @TheMadDrLazarus: Найдено 200 новых твитов. Сохранение итогового результата...
[2025-08-31T13:18:11.658665+00:00] [INFO] ✅ @TheMadDrLazarus: Готово. Всего твитов в файле: 200.
[2025-08-31T13:18:11.658747+00:00] [INFO] --- Перерыв перед следующим аккаунтом ---
[2025-08-31T13:18:16.758453+00:00] [INFO] Начинаем парсинг @DeltronBurro с режимом 'incremental'
[2025-08-31T13:18:24.615891+00:00] [INFO] Страница @DeltronBurro успешно загружена.
[2025-08-31T13:18:24.736600+00:00] [INFO] @DeltronBurro: Найдено новых твитов: 5/200
[2025-08-31T13:18:28.800693+00:00] [INFO] @DeltronBurro: Найдено новых твитов: 12/200
[2025-08-31T13:18:31.761074+00:00] [INFO] @DeltronBurro: Найдено новых твитов: 21/200
[2025-08-31T13:18:34.168765+00:00] [INFO] @DeltronBurro: Найдено новых твитов: 26/200
[2025-08-31T13:18:37.592895+00:00] [INFO] @DeltronBurro: Найдено новых твитов: 35/200
[2025-08-31T13:18:40.782344+00:00] [INFO] @DeltronBurro: Найдено новых твитов: 44/200
[2025-08-31T13:18:49.736038+00:00] [INFO] @DeltronBurro: Сохраняем промежуточный результат (50 новых твитов)...
[2025-08-31T13:18:49.853810+00:00] [INFO] @DeltronBurro: Найдено новых твитов: 54/200
[2025-08-31T13:19:23.425978+00:00] [INFO] @DeltronBurro: Найдено новых твитов: 65/200
[2025-08-31T13:19:25.908933+00:00] [INFO] @DeltronBurro: Найдено новых твитов: 75/200
[2025-08-31T13:20:29.060586+00:00] [INFO] @DeltronBurro: Найдено новых твитов: 84/200
[2025-08-31T13:21:01.782094+00:00] [INFO] @DeltronBurro: Найдено новых твитов: 94/200
[2025-08-31T13:21:05.748195+00:00] [INFO] @DeltronBurro: Сохраняем промежуточный результат (100 новых твитов)...
[2025-08-31T13:21:05.785612+00:00] [INFO] @DeltronBurro: Найдено новых твитов: 102/200
[2025-08-31T13:21:13.595069+00:00] [INFO] @DeltronBurro: Найдено новых твитов: 109/200
[2025-08-31T13:21:17.692915+00:00] [INFO] @DeltronBurro: Найдено новых твитов: 118/200
[2025-08-31T13:21:20.445096+00:00] [INFO] @DeltronBurro: Найдено новых твитов: 125/200
[2025-08-31T13:21:23.610438+00:00] [INFO] @DeltronBurro: Найдено новых твитов: 135/200
[2025-08-31T13:21:27.653416+00:00] [INFO] @DeltronBurro: Найдено новых твитов: 144/200
[2025-08-31T13:21:31.268607+00:00] [INFO] @DeltronBurro: Сохраняем промежуточный результат (150 новых твитов)...
[2025-08-31T13:21:31.343945+00:00] [INFO] @DeltronBurro: Найдено новых твитов: 154/200
[2025-08-31T13:21:39.319037+00:00] [INFO] @DeltronBurro: Найдено новых твитов: 163/200
[2025-08-31T13:21:42.010302+00:00] [INFO] @DeltronBurro: Найдено новых твитов: 170/200
[2025-08-31T13:23:15.540401+00:00] [INFO] @DeltronBurro: Найдено новых твитов: 185/200
[2025-08-31T13:23:19.770597+00:00] [INFO] @DeltronBurro: Найдено новых твитов: 194/200
[2025-08-31T13:23:22.047835+00:00] [INFO] @DeltronBurro: Сохраняем промежуточный результат (200 новых твитов)...
[2025-08-31T13:23:22.051861+00:00] [INFO] @DeltronBurro: Найдено новых твитов: 200/200
[2025-08-31T13:23:25.786601+00:00] [INFO] @DeltronBurro: Найдено 200 новых твитов. Сохранение итогового результата...
[2025-08-31T13:23:25.789004+00:00] [INFO] ✅ @DeltronBurro: Готово. Всего твитов в файле: 200.
[2025-08-31T13:23:25.789088+00:00] [INFO] --- Перерыв перед следующим аккаунтом ---
[2025-08-31T13:23:34.420725+00:00] [INFO] Начинаем парсинг @Guy4sol с режимом 'incremental'
[2025-08-31T13:23:42.631809+00:00] [INFO] Страница @Guy4sol успешно загружена.
[2025-08-31T13:23:47.756709+00:00] [INFO] @Guy4sol: Найдено новых твитов: 4/200
[2025-08-31T13:23:50.273573+00:00] [INFO] @Guy4sol: Найдено новых твитов: 13/200
[2025-08-31T13:23:52.908235+00:00] [INFO] @Guy4sol: Найдено новых твитов: 21/200
[2025-08-31T13:23:56.060457+00:00] [INFO] @Guy4sol: Найдено новых твитов: 29/200
[2025-08-31T13:24:00.076322+00:00] [INFO] @Guy4sol: Найдено новых твитов: 38/200
[2025-08-31T13:24:18.458486+00:00] [INFO] @Guy4sol: Найдено новых твитов: 42/200
[2025-08-31T13:24:22.540264+00:00] [INFO] @Guy4sol: Сохраняем промежуточный результат (50 новых твитов)...
[2025-08-31T13:24:22.542276+00:00] [INFO] @Guy4sol: Найдено новых твитов: 50/200
[2025-08-31T13:24:30.244664+00:00] [INFO] @Guy4sol: Найдено новых твитов: 56/200
[2025-08-31T13:24:32.700859+00:00] [INFO] @Guy4sol: Найдено новых твитов: 62/200
[2025-08-31T13:24:35.310493+00:00] [INFO] @Guy4sol: Найдено новых твитов: 71/200
[2025-08-31T13:24:39.116819+00:00] [INFO] @Guy4sol: Найдено новых твитов: 79/200
[2025-08-31T13:25:11.619798+00:00] [INFO] @Guy4sol: Найдено новых твитов: 92/200
[2025-08-31T13:25:44.406834+00:00] [INFO] @Guy4sol: Найдено новых твитов: 96/200
[2025-08-31T13:25:47.361294+00:00] [INFO] @Guy4sol: Сохраняем промежуточный результат (100 новых твитов)...
[2025-08-31T13:25:47.437371+00:00] [INFO] @Guy4sol: Найдено новых твитов: 104/200
[2025-08-31T13:25:50.143372+00:00] [INFO] @Guy4sol: Найдено новых твитов: 112/200
[2025-08-31T13:25:52.979286+00:00] [INFO] @Guy4sol: Найдено новых твитов: 117/200
[2025-08-31T13:25:56.015229+00:00] [INFO] @Guy4sol: Найдено новых твитов: 125/200
[2025-08-31T13:26:03.877297+00:00] [INFO] @Guy4sol: Найдено новых твитов: 131/200
[2025-08-31T13:26:17.611339+00:00] [INFO] @Guy4sol: Найдено новых твитов: 139/200
[2025-08-31T13:26:20.560417+00:00] [INFO] @Guy4sol: Найдено новых твитов: 147/200
[2025-08-31T13:26:24.262258+00:00] [INFO] @Guy4sol: Сохраняем промежуточный результат (150 новых твитов)...
[2025-08-31T13:26:24.302792+00:00] [INFO] @Guy4sol: Найдено новых твитов: 152/200
[2025-08-31T13:26:32.475146+00:00] [INFO] @Guy4sol: Найдено новых твитов: 160/200
[2025-08-31T13:26:41.592529+00:00] [INFO] @Guy4sol: Найдено новых твитов: 166/200
[2025-08-31T13:26:50.419407+00:00] [INFO] @Guy4sol: Найдено новых твитов: 170/200
[2025-08-31T13:26:52.826802+00:00] [INFO] @Guy4sol: Найдено новых твитов: 178/200
[2025-08-31T13:26:55.577923+00:00] [INFO] @Guy4sol: Найдено новых твитов: 190/200
[2025-08-31T13:26:59.621399+00:00] [INFO] @Guy4sol: Найдено новых твитов: 198/200
[2025-08-31T13:27:02.389114+00:00] [INFO] @Guy4sol: Сохраняем промежуточный результат (200 новых твитов)...
[2025-08-31T13:27:02.392940+00:00] [INFO] @Guy4sol: Найдено новых твитов: 200/200
[2025-08-31T13:27:04.889262+00:00] [INFO] @Guy4sol: Найдено 200 новых твитов. Сохранение итогового результата...
[2025-08-31T13:27:04.891841+00:00] [INFO] ✅ @Guy4sol: Готово. Всего твитов в файле: 200.
[2025-08-31T13:27:04.891954+00:00] [INFO] --- Перерыв перед следующим аккаунтом ---
[2025-08-31T13:27:12.725298+00:00] [INFO] Начинаем парсинг @amn_buzz с режимом 'incremental'
[2025-08-31T13:27:20.273288+00:00] [INFO] Страница @amn_buzz успешно загружена.
[2025-08-31T13:27:20.371838+00:00] [INFO] @amn_buzz: Найдено новых твитов: 4/200
[2025-08-31T13:27:24.058568+00:00] [INFO] @amn_buzz: Найдено новых твитов: 14/200
[2025-08-31T13:27:28.468066+00:00] [INFO] @amn_buzz: Найдено новых твитов: 31/200
[2025-08-31T13:27:32.350738+00:00] [INFO] @amn_buzz: Найдено новых твитов: 47/200
[2025-08-31T13:27:35.508596+00:00] [INFO] @amn_buzz: Сохраняем промежуточный результат (50 новых твитов)...
[2025-08-31T13:27:35.717367+00:00] [INFO] @amn_buzz: Найдено новых твитов: 61/200
[2025-08-31T13:27:38.640667+00:00] [INFO] @amn_buzz: Найдено новых твитов: 71/200
[2025-08-31T13:27:41.388197+00:00] [INFO] @amn_buzz: Найдено новых твитов: 81/200
[2025-08-31T13:27:44.053890+00:00] [INFO] @amn_buzz: Найдено новых твитов: 92/200
[2025-08-31T13:27:47.550390+00:00] [INFO] @amn_buzz: Сохраняем промежуточный результат (100 новых твитов)...
[2025-08-31T13:27:47.619822+00:00] [INFO] @amn_buzz: Найдено новых твитов: 103/200
[2025-08-31T13:27:51.832597+00:00] [INFO] @amn_buzz: Найдено новых твитов: 115/200
[2025-08-31T13:27:54.862995+00:00] [INFO] @amn_buzz: Найдено новых твитов: 119/200
[2025-08-31T13:27:58.847101+00:00] [INFO] @amn_buzz: Найдено новых твитов: 119/200
[2025-08-31T13:27:58.847425+00:00] [INFO] @amn_buzz: Прокрутка не дала результатов. Попытка 1/5
[2025-08-31T13:28:01.409801+00:00] [INFO] @amn_buzz: Найдено новых твитов: 119/200
[2025-08-31T13:28:01.410046+00:00] [INFO] @amn_buzz: Прокрутка не дала результатов. Попытка 2/5
[2025-08-31T13:28:03.580934+00:00] [INFO] @amn_buzz: Найдено новых твитов: 119/200
[2025-08-31T13:28:03.581199+00:00] [INFO] @amn_buzz: Прокрутка не дала результатов. Попытка 3/5
[2025-08-31T13:28:05.864971+00:00] [INFO] @amn_buzz: Найдено новых твитов: 119/200
[2025-08-31T13:28:05.865310+00:00] [INFO] @amn_buzz: Прокрутка не дала результатов. Попытка 4/5
[2025-08-31T13:28:08.287136+00:00] [INFO] @amn_buzz: Найдено новых твитов: 119/200
[2025-08-31T13:28:08.287376+00:00] [INFO] @amn_buzz: Прокрутка не дала результатов. Попытка 5/5
[2025-08-31T13:28:08.337412+00:00] [INFO] @amn_buzz: Найдено 119 новых твитов. Сохранение итогового результата...
[2025-08-31T13:28:08.339072+00:00] [INFO] ✅ @amn_buzz: Готово. Всего твитов в файле: 119.
[2025-08-31T13:28:08.339151+00:00] [INFO] --- Перерыв перед следующим аккаунтом ---
[2025-08-31T13:28:16.951377+00:00] [INFO] Начинаем парсинг @nyeffz с режимом 'incremental'
[2025-08-31T13:28:24.435151+00:00] [INFO] Страница @nyeffz успешно загружена.
[2025-08-31T13:28:24.492559+00:00] [INFO] @nyeffz: Найдено новых твитов: 2/200
[2025-08-31T13:28:27.963922+00:00] [INFO] @nyeffz: Найдено новых твитов: 9/200
[2025-08-31T13:28:30.942239+00:00] [INFO] @nyeffz: Найдено новых твитов: 19/200
[2025-08-31T13:28:34.092944+00:00] [INFO] @nyeffz: Найдено новых твитов: 23/200
[2025-08-31T13:28:36.559156+00:00] [INFO] @nyeffz: Найдено новых твитов: 31/200
[2025-08-31T13:28:40.583057+00:00] [INFO] @nyeffz: Найдено новых твитов: 38/200
[2025-08-31T13:28:43.133205+00:00] [INFO] @nyeffz: Найдено новых твитов: 43/200
[2025-08-31T13:28:46.526424+00:00] [INFO] @nyeffz: Сохраняем промежуточный результат (50 новых твитов)...
[2025-08-31T13:28:46.527970+00:00] [INFO] @nyeffz: Найдено новых твитов: 50/200
[2025-08-31T13:28:49.560496+00:00] [INFO] @nyeffz: Найдено новых твитов: 57/200
[2025-08-31T13:28:52.534839+00:00] [INFO] @nyeffz: Найдено новых твитов: 63/200
[2025-08-31T13:28:55.482463+00:00] [INFO] @nyeffz: Найдено новых твитов: 72/200
[2025-08-31T13:28:58.857121+00:00] [INFO] @nyeffz: Найдено новых твитов: 80/200
[2025-08-31T13:29:02.886544+00:00] [INFO] @nyeffz: Найдено новых твитов: 87/200
[2025-08-31T13:29:10.764864+00:00] [INFO] @nyeffz: Найдено новых твитов: 94/200
[2025-08-31T13:29:19.585300+00:00] [INFO] @nyeffz: Найдено новых твитов: 99/200
[2025-08-31T13:29:22.047288+00:00] [INFO] @nyeffz: Сохраняем промежуточный результат (100 новых твитов)...
[2025-08-31T13:29:22.191747+00:00] [INFO] @nyeffz: Найдено новых твитов: 108/200
[2025-08-31T13:29:24.558110+00:00] [INFO] @nyeffz: Найдено новых твитов: 118/200
[2025-08-31T13:29:26.968869+00:00] [INFO] @nyeffz: Найдено новых твитов: 124/200
[2025-08-31T13:29:31.109526+00:00] [INFO] @nyeffz: Найдено новых твитов: 131/200
[2025-08-31T13:29:33.444389+00:00] [INFO] @nyeffz: Найдено новых твитов: 135/200
[2025-08-31T13:29:36.718197+00:00] [INFO] @nyeffz: Найдено новых твитов: 135/200
[2025-08-31T13:29:36.718491+00:00] [INFO] @nyeffz: Прокрутка не дала результатов. Попытка 1/5
[2025-08-31T13:29:40.076022+00:00] [INFO] @nyeffz: Найдено новых твитов: 135/200
[2025-08-31T13:29:40.076266+00:00] [INFO] @nyeffz: Прокрутка не дала результатов. Попытка 2/5
[2025-08-31T13:29:43.194215+00:00] [INFO] @nyeffz: Найдено новых твитов: 135/200
[2025-08-31T13:29:43.194720+00:00] [INFO] @nyeffz: Прокрутка не дала результатов. Попытка 3/5
[2025-08-31T13:29:45.965421+00:00] [INFO] @nyeffz: Найдено новых твитов: 135/200
[2025-08-31T13:29:45.965674+00:00] [INFO] @nyeffz: Прокрутка не дала результатов. Попытка 4/5
[2025-08-31T13:29:49.608570+00:00] [INFO] @nyeffz: Найдено новых твитов: 135/200
[2025-08-31T13:29:49.608803+00:00] [INFO] @nyeffz: Прокрутка не дала результатов. Попытка 5/5
[2025-08-31T13:29:49.673969+00:00] [INFO] @nyeffz: Найдено 135 новых твитов. Сохранение итогового результата...
[2025-08-31T13:29:49.675926+00:00] [INFO] ✅ @nyeffz: Готово. Всего твитов в файле: 135.
[2025-08-31T13:29:49.676011+00:00] [INFO] --- Перерыв перед следующим аккаунтом ---
[2025-08-31T13:29:59.599289+00:00] [INFO] Начинаем парсинг @TraitTrader_TT с режимом 'incremental'
[2025-08-31T13:30:27.041641+00:00] [ERROR] Таймаут при загрузке страницы @TraitTrader_TT или не найдены твиты.
[2025-08-31T13:30:27.077225+00:00] [INFO] --- Перерыв перед следующим аккаунтом ---
[2025-08-31T13:30:35.439181+00:00] [INFO] Начинаем парсинг @0xDith с режимом 'incremental'
[2025-08-31T13:30:58.505943+00:00] [ERROR] Таймаут при загрузке страницы @0xDith или не найдены твиты.
[2025-08-31T13:30:58.549638+00:00] [INFO] --- Перерыв перед следующим аккаунтом ---
[2025-08-31T13:31:04.898707+00:00] [INFO] Начинаем парсинг @sezorock с режимом 'incremental'
[2025-08-31T13:31:28.058683+00:00] [ERROR] Таймаут при загрузке страницы @sezorock или не найдены твиты.
[2025-08-31T13:31:28.098748+00:00] [INFO] --- Перерыв перед следующим аккаунтом ---
[2025-08-31T13:31:37.445831+00:00] [INFO] Начинаем парсинг @CoinWingsAI с режимом 'incremental'
[2025-08-31T13:31:44.284580+00:00] [INFO] Страница @CoinWingsAI успешно загружена.
[2025-08-31T13:31:44.389046+00:00] [INFO] @CoinWingsAI: Найдено новых твитов: 5/200
[2025-08-31T13:31:47.162377+00:00] [INFO] @CoinWingsAI: Найдено новых твитов: 18/200
[2025-08-31T13:31:50.945751+00:00] [INFO] @CoinWingsAI: Найдено новых твитов: 29/200
[2025-08-31T13:31:54.414869+00:00] [INFO] @CoinWingsAI: Найдено новых твитов: 45/200
[2025-08-31T13:31:58.138606+00:00] [INFO] @CoinWingsAI: Сохраняем промежуточный результат (50 новых твитов)...
[2025-08-31T13:31:58.298276+00:00] [INFO] @CoinWingsAI: Найдено новых твитов: 59/200
[2025-08-31T13:32:01.957759+00:00] [INFO] @CoinWingsAI: Найдено новых твитов: 70/200
[2025-08-31T13:32:04.192392+00:00] [INFO] @CoinWingsAI: Найдено новых твитов: 81/200
[2025-08-31T13:32:07.614013+00:00] [INFO] @CoinWingsAI: Найдено новых твитов: 90/200
[2025-08-31T13:32:10.055410+00:00] [INFO] @CoinWingsAI: Сохраняем промежуточный результат (100 новых твитов)...
[2025-08-31T13:32:10.156970+00:00] [INFO] @CoinWingsAI: Найдено новых твитов: 104/200
[2025-08-31T13:32:13.946171+00:00] [INFO] @CoinWingsAI: Найдено новых твитов: 120/200
[2025-08-31T13:32:16.442434+00:00] [INFO] @CoinWingsAI: Найдено новых твитов: 130/200
[2025-08-31T13:32:20.007106+00:00] [INFO] @CoinWingsAI: Найдено новых твитов: 145/200
[2025-08-31T13:32:22.893913+00:00] [INFO] @CoinWingsAI: Сохраняем промежуточный результат (150 новых твитов)...
[2025-08-31T13:32:23.083620+00:00] [INFO] @CoinWingsAI: Найдено новых твитов: 161/200
[2025-08-31T13:32:26.847762+00:00] [INFO] @CoinWingsAI: Найдено новых твитов: 169/200
[2025-08-31T13:32:30.680802+00:00] [INFO] @CoinWingsAI: Найдено новых твитов: 181/200
[2025-08-31T13:32:33.401632+00:00] [INFO] @CoinWingsAI: Найдено новых твитов: 190/200
[2025-08-31T13:32:36.947460+00:00] [INFO] @CoinWingsAI: Сохраняем промежуточный результат (200 новых твитов)...
[2025-08-31T13:32:36.953696+00:00] [INFO] @CoinWingsAI: Найдено новых твитов: 200/200
[2025-08-31T13:32:40.794696+00:00] [INFO] @CoinWingsAI: Найдено 200 новых твитов. Сохранение итогового результата...
[2025-08-31T13:32:40.797301+00:00] [INFO] ✅ @CoinWingsAI: Готово. Всего твитов в файле: 200.
[2025-08-31T13:32:40.797387+00:00] [INFO] --- Перерыв перед следующим аккаунтом ---
[2025-08-31T13:32:49.795163+00:00] [INFO] Начинаем парсинг @JPStanleyX с режимом 'incremental'
[2025-08-31T13:32:58.875555+00:00] [INFO] Страница @JPStanleyX успешно загружена.
[2025-08-31T13:32:59.115748+00:00] [INFO] @JPStanleyX: Найдено новых твитов: 4/200
[2025-08-31T13:33:07.157832+00:00] [INFO] @JPStanleyX: Найдено новых твитов: 9/200
[2025-08-31T13:33:11.253201+00:00] [INFO] @JPStanleyX: Найдено новых твитов: 16/200
[2025-08-31T13:33:14.701546+00:00] [INFO] @JPStanleyX: Найдено новых твитов: 24/200
[2025-08-31T13:33:17.485176+00:00] [INFO] @JPStanleyX: Найдено новых твитов: 32/200
[2025-08-31T13:33:21.546663+00:00] [INFO] @JPStanleyX: Найдено новых твитов: 42/200
[2025-08-31T13:33:24.361418+00:00] [INFO] @JPStanleyX: Найдено новых твитов: 49/200
[2025-08-31T13:33:27.277133+00:00] [INFO] @JPStanleyX: Сохраняем промежуточный результат (50 новых твитов)...
[2025-08-31T13:33:27.450468+00:00] [INFO] @JPStanleyX: Найдено новых твитов: 58/200
[2025-08-31T13:33:30.324417+00:00] [INFO] @JPStanleyX: Найдено новых твитов: 67/200
[2025-08-31T13:33:32.655520+00:00] [INFO] @JPStanleyX: Найдено новых твитов: 74/200
[2025-08-31T13:33:41.260781+00:00] [INFO] @JPStanleyX: Найдено новых твитов: 77/200
[2025-08-31T13:33:43.710714+00:00] [INFO] @JPStanleyX: Найдено новых твитов: 87/200
[2025-08-31T13:33:46.643045+00:00] [INFO] @JPStanleyX: Найдено новых твитов: 96/200
[2025-08-31T13:33:50.340721+00:00] [INFO] @JPStanleyX: Сохраняем промежуточный результат (100 новых твитов)...
[2025-08-31T13:33:50.416379+00:00] [INFO] @JPStanleyX: Найдено новых твитов: 104/200
[2025-08-31T13:34:02.792743+00:00] [INFO] @JPStanleyX: Найдено новых твитов: 111/200
[2025-08-31T13:34:05.432699+00:00] [INFO] @JPStanleyX: Найдено новых твитов: 116/200
[2025-08-31T13:34:08.207780+00:00] [INFO] @JPStanleyX: Найдено новых твитов: 124/200
[2025-08-31T13:34:12.368164+00:00] [INFO] @JPStanleyX: Найдено новых твитов: 133/200
[2025-08-31T13:34:14.781742+00:00] [INFO] @JPStanleyX: Найдено новых твитов: 144/200
[2025-08-31T13:34:28.963040+00:00] [INFO] @JPStanleyX: Сохраняем промежуточный результат (150 новых твитов)...
[2025-08-31T13:34:28.966122+00:00] [INFO] @JPStanleyX: Найдено новых твитов: 150/200
[2025-08-31T13:34:41.546671+00:00] [INFO] @JPStanleyX: Найдено новых твитов: 157/200
[2025-08-31T13:34:45.421522+00:00] [INFO] @JPStanleyX: Найдено новых твитов: 165/200
[2025-08-31T13:34:48.275875+00:00] [INFO] @JPStanleyX: Найдено новых твитов: 168/200
[2025-08-31T13:34:55.785533+00:00] [INFO] @JPStanleyX: Найдено новых твитов: 175/200
[2025-08-31T13:35:09.143833+00:00] [INFO] @JPStanleyX: Найдено новых твитов: 183/200
[2025-08-31T13:35:13.210675+00:00] [INFO] @JPStanleyX: Найдено новых твитов: 188/200
[2025-08-31T13:35:16.879451+00:00] [INFO] @JPStanleyX: Найдено новых твитов: 195/200
[2025-08-31T13:35:20.271845+00:00] [INFO] @JPStanleyX: Сохраняем промежуточный результат (200 новых твитов)...
[2025-08-31T13:35:20.275164+00:00] [INFO] @JPStanleyX: Найдено новых твитов: 200/200
[2025-08-31T13:35:23.048120+00:00] [INFO] @JPStanleyX: Найдено 200 новых твитов. Сохранение итогового результата...
[2025-08-31T13:35:23.052570+00:00] [INFO] ✅ @JPStanleyX: Готово. Всего твитов в файле: 200.
[2025-08-31T13:35:23.053019+00:00] [INFO] --- Перерыв перед следующим аккаунтом ---
[2025-08-31T13:35:31.608026+00:00] [INFO] Начинаем парсинг @alascryptogmi с режимом 'incremental'
[2025-08-31T13:35:39.437463+00:00] [INFO] Страница @alascryptogmi успешно загружена.
[2025-08-31T13:35:39.508935+00:00] [INFO] @alascryptogmi: Найдено новых твитов: 3/200
[2025-08-31T13:35:42.860183+00:00] [INFO] @alascryptogmi: Найдено новых твитов: 10/200
[2025-08-31T13:35:45.194034+00:00] [INFO] @alascryptogmi: Найдено новых твитов: 18/200
[2025-08-31T13:35:48.994591+00:00] [INFO] @alascryptogmi: Найдено новых твитов: 23/200
[2025-08-31T13:35:51.426860+00:00] [INFO] @alascryptogmi: Найдено новых твитов: 31/200
[2025-08-31T13:35:54.679553+00:00] [INFO] @alascryptogmi: Найдено новых твитов: 38/200
[2025-08-31T13:35:57.984411+00:00] [INFO] @alascryptogmi: Найдено новых твитов: 43/200
[2025-08-31T13:36:00.209788+00:00] [INFO] @alascryptogmi: Сохраняем промежуточный результат (50 новых твитов)...
[2025-08-31T13:36:00.210950+00:00] [INFO] @alascryptogmi: Найдено новых твитов: 50/200
[2025-08-31T13:36:03.825074+00:00] [INFO] @alascryptogmi: Найдено новых твитов: 57/200
[2025-08-31T13:36:12.486844+00:00] [INFO] @alascryptogmi: Найдено новых твитов: 61/200
[2025-08-31T13:36:16.679981+00:00] [INFO] @alascryptogmi: Найдено новых твитов: 69/200
[2025-08-31T13:36:20.556403+00:00] [INFO] @alascryptogmi: Найдено новых твитов: 77/200
[2025-08-31T13:36:24.657967+00:00] [INFO] @alascryptogmi: Найдено новых твитов: 84/200
[2025-08-31T13:36:27.128386+00:00] [INFO] @alascryptogmi: Найдено новых твитов: 92/200
[2025-08-31T13:36:30.545380+00:00] [INFO] @alascryptogmi: Найдено новых твитов: 99/200
[2025-08-31T13:36:33.876515+00:00] [INFO] @alascryptogmi: Сохраняем промежуточный результат (100 новых твитов)...
[2025-08-31T13:36:33.981507+00:00] [INFO] @alascryptogmi: Найдено новых твитов: 106/200
[2025-08-31T13:36:36.362219+00:00] [INFO] @alascryptogmi: Найдено новых твитов: 113/200
[2025-08-31T13:36:40.265778+00:00] [INFO] @alascryptogmi: Найдено новых твитов: 120/200
[2025-08-31T13:36:43.556289+00:00] [INFO] @alascryptogmi: Найдено новых твитов: 127/200
[2025-08-31T13:36:46.881042+00:00] [INFO] @alascryptogmi: Найдено новых твитов: 133/200
[2025-08-31T13:36:49.719530+00:00] [INFO] @alascryptogmi: Найдено новых твитов: 144/200
[2025-08-31T13:36:53.798415+00:00] [INFO] @alascryptogmi: Сохраняем промежуточный результат (150 новых твитов)...
[2025-08-31T13:36:53.869879+00:00] [INFO] @alascryptogmi: Найдено новых твитов: 153/200
[2025-08-31T13:36:57.867649+00:00] [INFO] @alascryptogmi: Найдено новых твитов: 159/200
[2025-08-31T13:37:00.758439+00:00] [INFO] @alascryptogmi: Найдено новых твитов: 168/200
[2025-08-31T13:37:04.248191+00:00] [INFO] @alascryptogmi: Найдено новых твитов: 175/200
[2025-08-31T13:37:37.380569+00:00] [INFO] @alascryptogmi: Найдено новых твитов: 185/200
[2025-08-31T13:37:39.921828+00:00] [INFO] @alascryptogmi: Найдено новых твитов: 192/200
[2025-08-31T13:37:43.102264+00:00] [INFO] @alascryptogmi: Сохраняем промежуточный результат (200 новых твитов)...
[2025-08-31T13:37:43.104926+00:00] [INFO] @alascryptogmi: Найдено новых твитов: 200/200
[2025-08-31T13:37:46.042770+00:00] [INFO] @alascryptogmi: Найдено 200 новых твитов. Сохранение итогового результата...
[2025-08-31T13:37:46.045252+00:00] [INFO] ✅ @alascryptogmi: Готово. Всего твитов в файле: 200.
[2025-08-31T13:37:46.045340+00:00] [INFO] --- Перерыв перед следующим аккаунтом ---
[2025-08-31T13:37:53.054250+00:00] [INFO] Начинаем парсинг @dexsignals с режимом 'incremental'
[2025-08-31T13:38:08.279522+00:00] [INFO] Страница @dexsignals успешно загружена.
[2025-08-31T13:38:08.360368+00:00] [INFO] @dexsignals: Найдено новых твитов: 5/200
[2025-08-31T13:38:12.265609+00:00] [INFO] @dexsignals: Найдено новых твитов: 19/200
[2025-08-31T13:38:16.017584+00:00] [INFO] @dexsignals: Найдено новых твитов: 27/200
[2025-08-31T13:38:19.886199+00:00] [INFO] @dexsignals: Найдено новых твитов: 41/200
[2025-08-31T13:38:22.617093+00:00] [INFO] @dexsignals: Сохраняем промежуточный результат (50 новых твитов)...
[2025-08-31T13:38:22.617903+00:00] [INFO] @dexsignals: Найдено новых твитов: 50/200
[2025-08-31T13:38:24.968958+00:00] [INFO] @dexsignals: Найдено новых твитов: 61/200
[2025-08-31T13:38:29.015832+00:00] [INFO] @dexsignals: Найдено новых твитов: 67/200
[2025-08-31T13:38:31.463428+00:00] [INFO] @dexsignals: Найдено новых твитов: 81/200
[2025-08-31T13:38:34.226531+00:00] [INFO] @dexsignals: Найдено новых твитов: 90/200
[2025-08-31T13:38:38.057121+00:00] [INFO] @dexsignals: Сохраняем промежуточный результат (100 новых твитов)...
[2025-08-31T13:38:38.116179+00:00] [INFO] @dexsignals: Найдено новых твитов: 105/200
[2025-08-31T13:38:42.182353+00:00] [INFO] @dexsignals: Найдено новых твитов: 118/200
[2025-08-31T13:38:45.445685+00:00] [INFO] @dexsignals: Найдено новых твитов: 128/200
[2025-08-31T13:38:48.677675+00:00] [INFO] @dexsignals: Найдено новых твитов: 140/200
[2025-08-31T13:38:51.142810+00:00] [INFO] @dexsignals: Найдено новых твитов: 147/200
[2025-08-31T13:38:54.518582+00:00] [INFO] @dexsignals: Сохраняем промежуточный результат (150 новых твитов)...
[2025-08-31T13:38:54.656808+00:00] [INFO] @dexsignals: Найдено новых твитов: 162/200
[2025-08-31T13:38:58.134443+00:00] [INFO] @dexsignals: Найдено новых твитов: 176/200
[2025-08-31T13:39:01.059148+00:00] [INFO] @dexsignals: Найдено новых твитов: 188/200
[2025-08-31T13:39:03.798782+00:00] [INFO] @dexsignals: Сохраняем промежуточный результат (200 новых твитов)...
[2025-08-31T13:39:03.800395+00:00] [INFO] @dexsignals: Найдено новых твитов: 200/200
[2025-08-31T13:39:06.880511+00:00] [INFO] @dexsignals: Найдено 200 новых твитов. Сохранение итогового результата...
[2025-08-31T13:39:06.883432+00:00] [INFO] ✅ @dexsignals: Готово. Всего твитов в файле: 200.
[2025-08-31T13:39:06.883539+00:00] [INFO] --- Перерыв перед следующим аккаунтом ---
[2025-08-31T13:39:14.590726+00:00] [INFO] Начинаем парсинг @vickydiamond21 с режимом 'incremental'
[2025-08-31T13:39:21.883830+00:00] [INFO] Страница @vickydiamond21 успешно загружена.
[2025-08-31T13:39:21.962291+00:00] [INFO] @vickydiamond21: Найдено новых твитов: 3/200
[2025-08-31T13:39:25.299880+00:00] [INFO] @vickydiamond21: Найдено новых твитов: 10/200
[2025-08-31T13:39:29.239207+00:00] [INFO] @vickydiamond21: Найдено новых твитов: 19/200
[2025-08-31T13:39:31.522408+00:00] [INFO] @vickydiamond21: Найдено новых твитов: 24/200
[2025-08-31T13:39:34.078627+00:00] [INFO] @vickydiamond21: Найдено новых твитов: 30/200
[2025-08-31T13:39:43.073194+00:00] [INFO] @vickydiamond21: Найдено новых твитов: 37/200
[2025-08-31T13:39:52.242432+00:00] [INFO] @vickydiamond21: Найдено новых твитов: 42/200
[2025-08-31T13:39:56.081134+00:00] [INFO] @vickydiamond21: Сохраняем промежуточный результат (50 новых твитов)...
[2025-08-31T13:39:56.081937+00:00] [INFO] @vickydiamond21: Найдено новых твитов: 50/200
[2025-08-31T13:39:58.638986+00:00] [INFO] @vickydiamond21: Найдено новых твитов: 57/200
[2025-08-31T13:40:01.562957+00:00] [INFO] @vickydiamond21: Найдено новых твитов: 63/200
[2025-08-31T13:40:04.352874+00:00] [INFO] @vickydiamond21: Найдено новых твитов: 72/200
[2025-08-31T13:40:08.100286+00:00] [INFO] @vickydiamond21: Найдено новых твитов: 78/200
[2025-08-31T13:40:11.217510+00:00] [INFO] @vickydiamond21: Найдено новых твитов: 78/200
[2025-08-31T13:40:11.217884+00:00] [INFO] @vickydiamond21: Прокрутка не дала результатов. Попытка 1/5
[2025-08-31T13:40:14.214213+00:00] [INFO] @vickydiamond21: Найдено новых твитов: 78/200
[2025-08-31T13:40:14.214367+00:00] [INFO] @vickydiamond21: Прокрутка не дала результатов. Попытка 2/5
[2025-08-31T13:40:17.823906+00:00] [INFO] @vickydiamond21: Найдено новых твитов: 78/200
[2025-08-31T13:40:17.839110+00:00] [INFO] @vickydiamond21: Прокрутка не дала результатов. Попытка 3/5
[2025-08-31T13:40:20.745757+00:00] [INFO] @vickydiamond21: Найдено новых твитов: 78/200
[2025-08-31T13:40:20.746021+00:00] [INFO] @vickydiamond21: Прокрутка не дала результатов. Попытка 4/5
[2025-08-31T13:40:23.064410+00:00] [INFO] @vickydiamond21: Найдено новых твитов: 78/200
[2025-08-31T13:40:23.064612+00:00] [INFO] @vickydiamond21: Прокрутка не дала результатов. Попытка 5/5
[2025-08-31T13:40:23.113623+00:00] [INFO] @vickydiamond21: Найдено 78 новых твитов. Сохранение итогового результата...
[2025-08-31T13:40:23.114595+00:00] [INFO] ✅ @vickydiamond21: Готово. Всего твитов в файле: 78.
[2025-08-31T13:40:23.114657+00:00] [INFO] --- Перерыв перед следующим аккаунтом ---
[2025-08-31T13:40:31.714499+00:00] [INFO] Начинаем парсинг @Shohei205 с режимом 'incremental'
[2025-08-31T13:40:54.484549+00:00] [ERROR] Таймаут при загрузке страницы @Shohei205 или не найдены твиты.
[2025-08-31T13:40:54.532058+00:00] [INFO] --- Перерыв перед следующим аккаунтом ---
[2025-08-31T13:41:04.342733+00:00] [INFO] Начинаем парсинг @Web3__Youth с режимом 'incremental'
[2025-08-31T13:41:27.202670+00:00] [ERROR] Таймаут при загрузке страницы @Web3__Youth или не найдены твиты.
[2025-08-31T13:41:27.252770+00:00] [INFO] --- Перерыв перед следующим аккаунтом ---
[2025-08-31T13:41:36.057860+00:00] [INFO] Начинаем парсинг @Gautamguptagg с режимом 'incremental'
[2025-08-31T13:41:58.805204+00:00] [ERROR] Таймаут при загрузке страницы @Gautamguptagg или не найдены твиты.
[2025-08-31T13:41:58.861902+00:00] [INFO] --- Перерыв перед следующим аккаунтом ---
[2025-08-31T13:42:07.722523+00:00] [INFO] Начинаем парсинг @bondobull с режимом 'incremental'
[2025-08-31T13:42:30.629626+00:00] [ERROR] Таймаут при загрузке страницы @bondobull или не найдены твиты.
[2025-08-31T13:42:30.674341+00:00] [INFO] --- Перерыв перед следующим аккаунтом ---
[2025-08-31T13:42:38.398251+00:00] [INFO] Начинаем парсинг @MovinduCrypto с режимом 'incremental'
[2025-08-31T13:59:05.361190+00:00] [INFO] Страница @MovinduCrypto успешно загружена.
[2025-08-31T13:59:05.414744+00:00] [INFO] @MovinduCrypto: Найдено новых твитов: 3/200
[2025-08-31T13:59:09.438149+00:00] [INFO] @MovinduCrypto: Найдено новых твитов: 9/200
[2025-08-31T13:59:13.063283+00:00] [INFO] @MovinduCrypto: Найдено новых твитов: 16/200
[2025-08-31T13:59:15.318749+00:00] [INFO] @MovinduCrypto: Найдено новых твитов: 22/200
[2025-08-31T13:59:18.686180+00:00] [INFO] @MovinduCrypto: Найдено новых твитов: 27/200
[2025-08-31T13:59:21.948501+00:00] [INFO] @MovinduCrypto: Найдено новых твитов: 36/200
[2025-08-31T13:59:24.787136+00:00] [INFO] @MovinduCrypto: Найдено новых твитов: 41/200
[2025-08-31T13:59:28.919718+00:00] [INFO] @MovinduCrypto: Найдено новых твитов: 48/200
[2025-08-31T13:59:32.959347+00:00] [INFO] @MovinduCrypto: Сохраняем промежуточный результат (50 новых твитов)...
[2025-08-31T13:59:33.024905+00:00] [INFO] @MovinduCrypto: Найдено новых твитов: 55/200
[2025-08-31T13:59:36.622174+00:00] [INFO] @MovinduCrypto: Найдено новых твитов: 64/200
[2025-08-31T13:59:39.690924+00:00] [INFO] @MovinduCrypto: Найдено новых твитов: 73/200
[2025-08-31T13:59:42.836050+00:00] [INFO] @MovinduCrypto: Найдено новых твитов: 78/200
[2025-08-31T13:59:46.578131+00:00] [INFO] @MovinduCrypto: Найдено новых твитов: 90/200
[2025-08-31T13:59:49.083842+00:00] [INFO] @MovinduCrypto: Сохраняем промежуточный результат (100 новых твитов)...
[2025-08-31T13:59:49.107535+00:00] [INFO] @MovinduCrypto: Найдено новых твитов: 102/200
[2025-08-31T13:59:51.497498+00:00] [INFO] @MovinduCrypto: Найдено новых твитов: 111/200
[2025-08-31T13:59:54.692337+00:00] [INFO] @MovinduCrypto: Найдено новых твитов: 119/200
[2025-08-31T13:59:58.117498+00:00] [INFO] @MovinduCrypto: Найдено новых твитов: 131/200
[2025-08-31T14:00:00.570446+00:00] [INFO] @MovinduCrypto: Найдено новых твитов: 138/200
[2025-08-31T14:00:04.218173+00:00] [INFO] @MovinduCrypto: Сохраняем промежуточный результат (150 новых твитов)...
[2025-08-31T14:00:04.244386+00:00] [INFO] @MovinduCrypto: Найдено новых твитов: 152/200
[2025-08-31T14:00:06.972470+00:00] [INFO] @MovinduCrypto: Найдено новых твитов: 159/200
[2025-08-31T14:00:10.968237+00:00] [INFO] @MovinduCrypto: Найдено новых твитов: 168/200
[2025-08-31T14:00:13.817749+00:00] [INFO] @MovinduCrypto: Найдено новых твитов: 176/200
[2025-08-31T14:00:16.465719+00:00] [INFO] @MovinduCrypto: Найдено новых твитов: 188/200
[2025-08-31T14:00:19.359097+00:00] [INFO] @MovinduCrypto: Сохраняем промежуточный результат (200 новых твитов)...
[2025-08-31T14:00:19.362036+00:00] [INFO] @MovinduCrypto: Найдено новых твитов: 200/200
[2025-08-31T14:00:22.339977+00:00] [INFO] @MovinduCrypto: Найдено 200 новых твитов. Сохранение итогового результата...
[2025-08-31T14:00:22.342267+00:00] [INFO] ✅ @MovinduCrypto: Готово. Всего твитов в файле: 200.
[2025-08-31T14:00:22.342423+00:00] [INFO] --- Перерыв перед следующим аккаунтом ---
[2025-08-31T14:00:32.117294+00:00] [INFO] Начинаем парсинг @_JHoff с режимом 'incremental'
[2025-08-31T14:00:39.362478+00:00] [INFO] Страница @_JHoff успешно загружена.
[2025-08-31T14:00:39.422891+00:00] [INFO] @_JHoff: Найдено новых твитов: 4/200
[2025-08-31T14:00:43.007201+00:00] [INFO] @_JHoff: Найдено новых твитов: 15/200
[2025-08-31T14:00:46.436855+00:00] [INFO] @_JHoff: Найдено новых твитов: 23/200
[2025-08-31T14:00:48.680916+00:00] [INFO] @_JHoff: Найдено новых твитов: 29/200
[2025-08-31T14:00:50.953904+00:00] [INFO] @_JHoff: Найдено новых твитов: 40/200
[2025-08-31T14:00:53.442864+00:00] [INFO] @_JHoff: Сохраняем промежуточный результат (50 новых твитов)...
[2025-08-31T14:00:53.443654+00:00] [INFO] @_JHoff: Найдено новых твитов: 50/200
[2025-08-31T14:00:56.088563+00:00] [INFO] @_JHoff: Найдено новых твитов: 58/200
[2025-08-31T14:00:58.719941+00:00] [INFO] @_JHoff: Найдено новых твитов: 66/200
[2025-08-31T14:01:01.198069+00:00] [INFO] @_JHoff: Найдено новых твитов: 75/200
[2025-08-31T14:01:03.886508+00:00] [INFO] @_JHoff: Найдено новых твитов: 83/200
[2025-08-31T14:01:11.627611+00:00] [INFO] @_JHoff: Найдено новых твитов: 98/200
[2025-08-31T14:01:14.468186+00:00] [INFO] @_JHoff: Сохраняем промежуточный результат (100 новых твитов)...
[2025-08-31T14:01:14.672227+00:00] [INFO] @_JHoff: Найдено новых твитов: 111/200
[2025-08-31T14:01:17.418982+00:00] [INFO] @_JHoff: Найдено новых твитов: 116/200
[2025-08-31T14:01:21.390161+00:00] [INFO] @_JHoff: Найдено новых твитов: 123/200
[2025-08-31T14:01:23.679906+00:00] [INFO] @_JHoff: Найдено новых твитов: 132/200
[2025-08-31T14:01:26.515731+00:00] [INFO] @_JHoff: Найдено новых твитов: 144/200
[2025-08-31T14:01:29.981195+00:00] [INFO] @_JHoff: Сохраняем промежуточный результат (150 новых твитов)...
[2025-08-31T14:01:29.994706+00:00] [INFO] @_JHoff: Найдено новых твитов: 151/200
[2025-08-31T14:01:32.519609+00:00] [INFO] @_JHoff: Найдено новых твитов: 162/200
[2025-08-31T14:01:36.613963+00:00] [INFO] @_JHoff: Найдено новых твитов: 169/200
[2025-08-31T14:01:39.207654+00:00] [INFO] @_JHoff: Найдено новых твитов: 175/200
[2025-08-31T14:01:43.164884+00:00] [INFO] @_JHoff: Найдено новых твитов: 184/200
[2025-08-31T14:01:46.617898+00:00] [INFO] @_JHoff: Найдено новых твитов: 195/200
[2025-08-31T14:01:50.399506+00:00] [INFO] @_JHoff: Сохраняем промежуточный результат (200 новых твитов)...
[2025-08-31T14:01:50.401921+00:00] [INFO] @_JHoff: Найдено новых твитов: 200/200
[2025-08-31T14:01:54.280801+00:00] [INFO] @_JHoff: Найдено 200 новых твитов. Сохранение итогового результата...
[2025-08-31T14:01:54.283061+00:00] [INFO] ✅ @_JHoff: Готово. Всего твитов в файле: 200.
[2025-08-31T14:01:54.283149+00:00] [INFO] --- Перерыв перед следующим аккаунтом ---
[2025-08-31T14:02:02.933162+00:00] [INFO] Начинаем парсинг @CarlCapital с режимом 'incremental'
[2025-08-31T14:02:09.663962+00:00] [INFO] Страница @CarlCapital успешно загружена.
[2025-08-31T14:02:09.755383+00:00] [INFO] @CarlCapital: Найдено новых твитов: 5/200
[2025-08-31T14:02:12.474542+00:00] [INFO] @CarlCapital: Найдено новых твитов: 12/200
[2025-08-31T14:02:45.903910+00:00] [INFO] @CarlCapital: Найдено новых твитов: 20/200
[2025-08-31T14:03:19.274919+00:00] [INFO] @CarlCapital: Найдено новых твитов: 27/200
[2025-08-31T14:03:28.083348+00:00] [INFO] @CarlCapital: Найдено новых твитов: 39/200
[2025-08-31T14:03:37.191888+00:00] [INFO] @CarlCapital: Найдено новых твитов: 45/200
[2025-08-31T14:03:45.281495+00:00] [INFO] @CarlCapital: Сохраняем промежуточный результат (50 новых твитов)...
[2025-08-31T14:03:45.388618+00:00] [INFO] @CarlCapital: Найдено новых твитов: 58/200
[2025-08-31T14:03:53.124821+00:00] [INFO] @CarlCapital: Найдено новых твитов: 67/200
[2025-08-31T14:03:56.121095+00:00] [INFO] @CarlCapital: Найдено новых твитов: 82/200
[2025-08-31T14:03:58.995560+00:00] [INFO] @CarlCapital: Найдено новых твитов: 93/200
[2025-08-31T14:04:01.150555+00:00] [INFO] @CarlCapital: Сохраняем промежуточный результат (100 новых твитов)...
[2025-08-31T14:04:01.163904+00:00] [INFO] @CarlCapital: Найдено новых твитов: 101/200
[2025-08-31T14:04:04.690941+00:00] [INFO] @CarlCapital: Найдено новых твитов: 109/200
[2025-08-31T14:04:07.296468+00:00] [INFO] @CarlCapital: Найдено новых твитов: 118/200
[2025-08-31T14:04:10.515918+00:00] [INFO] @CarlCapital: Найдено новых твитов: 127/200
[2025-08-31T14:04:13.517641+00:00] [INFO] @CarlCapital: Найдено новых твитов: 137/200
[2025-08-31T14:04:17.634226+00:00] [INFO] @CarlCapital: Найдено новых твитов: 145/200
[2025-08-31T14:04:20.629699+00:00] [INFO] @CarlCapital: Сохраняем промежуточный результат (150 новых твитов)...
[2025-08-31T14:04:20.678206+00:00] [INFO] @CarlCapital: Найдено новых твитов: 154/200
[2025-08-31T14:04:24.345282+00:00] [INFO] @CarlCapital: Найдено новых твитов: 161/200
[2025-08-31T14:04:26.754943+00:00] [INFO] @CarlCapital: Найдено новых твитов: 168/200
[2025-08-31T14:04:30.814310+00:00] [INFO] @CarlCapital: Найдено новых твитов: 177/200
[2025-08-31T14:04:34.890227+00:00] [INFO] @CarlCapital: Найдено новых твитов: 185/200
[2025-08-31T14:04:38.008859+00:00] [INFO] @CarlCapital: Найдено новых твитов: 192/200
[2025-08-31T14:04:41.157556+00:00] [INFO] @CarlCapital: Найдено новых твитов: 198/200
[2025-08-31T14:04:44.931869+00:00] [INFO] @CarlCapital: Сохраняем промежуточный результат (200 новых твитов)...
[2025-08-31T14:04:44.935996+00:00] [INFO] @CarlCapital: Найдено новых твитов: 200/200
[2025-08-31T14:04:48.198154+00:00] [INFO] @CarlCapital: Найдено 200 новых твитов. Сохранение итогового результата...
[2025-08-31T14:04:48.200292+00:00] [INFO] ✅ @CarlCapital: Готово. Всего твитов в файле: 200.
[2025-08-31T14:04:48.200357+00:00] [INFO] --- Перерыв перед следующим аккаунтом ---
[2025-08-31T14:04:53.306606+00:00] [INFO] Начинаем парсинг @AdemolaWealth_ с режимом 'incremental'
[2025-08-31T14:04:59.436148+00:00] [INFO] Страница @AdemolaWealth_ успешно загружена.
[2025-08-31T14:04:59.502239+00:00] [INFO] @AdemolaWealth_: Найдено новых твитов: 2/200
[2025-08-31T14:05:01.770349+00:00] [INFO] @AdemolaWealth_: Найдено новых твитов: 9/200
[2025-08-31T14:05:05.380539+00:00] [INFO] @AdemolaWealth_: Найдено новых твитов: 18/200
[2025-08-31T14:05:09.394652+00:00] [INFO] @AdemolaWealth_: Найдено новых твитов: 25/200
[2025-08-31T14:05:13.525727+00:00] [INFO] @AdemolaWealth_: Найдено новых твитов: 32/200
[2025-08-31T14:05:15.961760+00:00] [INFO] @AdemolaWealth_: Найдено новых твитов: 38/200
[2025-08-31T14:05:18.843467+00:00] [INFO] @AdemolaWealth_: Найдено новых твитов: 44/200
[2025-08-31T14:05:21.038940+00:00] [INFO] @AdemolaWealth_: Сохраняем промежуточный результат (50 новых твитов)...
[2025-08-31T14:05:21.106734+00:00] [INFO] @AdemolaWealth_: Найдено новых твитов: 56/200
[2025-08-31T14:05:29.388040+00:00] [INFO] @AdemolaWealth_: Найдено новых твитов: 65/200
[2025-08-31T14:05:41.986425+00:00] [INFO] @AdemolaWealth_: Найдено новых твитов: 71/200
[2025-08-31T14:05:44.246080+00:00] [INFO] @AdemolaWealth_: Найдено новых твитов: 78/200
[2025-08-31T14:05:47.106897+00:00] [INFO] @AdemolaWealth_: Найдено новых твитов: 87/200
[2025-08-31T14:05:55.567971+00:00] [INFO] @AdemolaWealth_: Найдено новых твитов: 94/200
[2025-08-31T14:05:58.591785+00:00] [INFO] @AdemolaWealth_: Сохраняем промежуточный результат (100 новых твитов)...
[2025-08-31T14:05:58.614098+00:00] [INFO] @AdemolaWealth_: Найдено новых твитов: 102/200
[2025-08-31T14:06:07.818385+00:00] [INFO] @AdemolaWealth_: Найдено новых твитов: 112/200
[2025-08-31T14:06:11.894331+00:00] [INFO] @AdemolaWealth_: Найдено новых твитов: 118/200
[2025-08-31T14:06:14.833297+00:00] [INFO] @AdemolaWealth_: Найдено новых твитов: 126/200
[2025-08-31T14:06:17.053829+00:00] [INFO] @AdemolaWealth_: Найдено новых твитов: 135/200
[2025-08-31T14:06:21.001993+00:00] [INFO] @AdemolaWealth_: Найдено новых твитов: 140/200
[2025-08-31T14:06:23.309526+00:00] [INFO] @AdemolaWealth_: Сохраняем промежуточный результат (150 новых твитов)...
[2025-08-31T14:06:23.353400+00:00] [INFO] @AdemolaWealth_: Найдено новых твитов: 154/200
[2025-08-31T14:06:27.375072+00:00] [INFO] @AdemolaWealth_: Найдено новых твитов: 162/200
[2025-08-31T14:06:34.967555+00:00] [INFO] @AdemolaWealth_: Найдено новых твитов: 171/200
[2025-08-31T14:06:43.405203+00:00] [INFO] @AdemolaWealth_: Найдено новых твитов: 179/200
[2025-08-31T14:06:52.079241+00:00] [INFO] @AdemolaWealth_: Найдено новых твитов: 190/200
[2025-08-31T14:06:59.441320+00:00] [INFO] @AdemolaWealth_: Найдено новых твитов: 198/200
[2025-08-31T14:07:01.812349+00:00] [INFO] @AdemolaWealth_: Сохраняем промежуточный результат (200 новых твитов)...
[2025-08-31T14:07:01.814078+00:00] [INFO] @AdemolaWealth_: Найдено новых твитов: 200/200
[2025-08-31T14:07:04.829392+00:00] [INFO] @AdemolaWealth_: Найдено 200 новых твитов. Сохранение итогового результата...
[2025-08-31T14:07:04.831417+00:00] [INFO] ✅ @AdemolaWealth_: Готово. Всего твитов в файле: 200.
[2025-08-31T14:07:04.831486+00:00] [INFO] --- Перерыв перед следующим аккаунтом ---
[2025-08-31T14:07:12.012506+00:00] [INFO] Начинаем парсинг @Captain_HYPE_ с режимом 'incremental'
[2025-08-31T14:07:34.726769+00:00] [ERROR] Таймаут при загрузке страницы @Captain_HYPE_ или не найдены твиты.
[2025-08-31T14:07:34.765685+00:00] [INFO] --- Перерыв перед следующим аккаунтом ---
[2025-08-31T14:07:42.902296+00:00] [INFO] Начинаем парсинг @assetdash с режимом 'incremental'
[2025-08-31T14:08:05.771341+00:00] [ERROR] Таймаут при загрузке страницы @assetdash или не найдены твиты.
[2025-08-31T14:08:05.809991+00:00] [INFO] --- Перерыв перед следующим аккаунтом ---
[2025-08-31T14:08:14.599277+00:00] [INFO] Начинаем парсинг @NFTCHESUS с режимом 'incremental'
[2025-08-31T14:08:37.678758+00:00] [ERROR] Таймаут при загрузке страницы @NFTCHESUS или не найдены твиты.
[2025-08-31T14:08:37.710638+00:00] [INFO] --- Перерыв перед следующим аккаунтом ---
[2025-08-31T14:08:45.981834+00:00] [INFO] Начинаем парсинг @cryptoyipster с режимом 'incremental'
[2025-08-31T14:09:08.884839+00:00] [ERROR] Таймаут при загрузке страницы @cryptoyipster или не найдены твиты.
[2025-08-31T14:09:08.924402+00:00] [INFO] --- Перерыв перед следующим аккаунтом ---
[2025-08-31T14:09:15.014996+00:00] [INFO] Начинаем парсинг @BurritoJon69 с режимом 'incremental'
[2025-08-31T14:09:37.750353+00:00] [ERROR] Таймаут при загрузке страницы @BurritoJon69 или не найдены твиты.
[2025-08-31T14:09:37.782840+00:00] [INFO] --- Перерыв перед следующим аккаунтом ---
[2025-08-31T14:09:46.762444+00:00] [INFO] Начинаем парсинг @0x_nomAI с режимом 'incremental'
[2025-08-31T14:10:09.515647+00:00] [ERROR] Таймаут при загрузке страницы @0x_nomAI или не найдены твиты.
[2025-08-31T14:10:09.552799+00:00] [INFO] --- Перерыв перед следующим аккаунтом ---
[2025-08-31T14:10:19.271806+00:00] [INFO] Начинаем парсинг @Crypto_dhanda с режимом 'incremental'
[2025-08-31T14:10:42.008339+00:00] [ERROR] Таймаут при загрузке страницы @Crypto_dhanda или не найдены твиты.
[2025-08-31T14:10:42.048482+00:00] [INFO] --- Перерыв перед следующим аккаунтом ---
[2025-08-31T14:10:48.188641+00:00] [INFO] Начинаем парсинг @SacDaddy17 с режимом 'incremental'
[2025-08-31T14:11:11.410389+00:00] [ERROR] Таймаут при загрузке страницы @SacDaddy17 или не найдены твиты.
[2025-08-31T14:11:11.442290+00:00] [INFO] --- Перерыв перед следующим аккаунтом ---
[2025-08-31T14:11:19.676105+00:00] [INFO] Начинаем парсинг @Bokiko_io с режимом 'incremental'
[2025-08-31T14:11:42.437865+00:00] [ERROR] Таймаут при загрузке страницы @Bokiko_io или не найдены твиты.
[2025-08-31T14:11:42.475731+00:00] [INFO] --- Перерыв перед следующим аккаунтом ---
[2025-08-31T14:11:49.037576+00:00] [INFO] Начинаем парсинг @indigonft_stx с режимом 'incremental'
[2025-08-31T14:12:11.820655+00:00] [ERROR] Таймаут при загрузке страницы @indigonft_stx или не найдены твиты.
[2025-08-31T14:12:11.863457+00:00] [INFO] --- Перерыв перед следующим аккаунтом ---
[2025-08-31T14:12:17.614379+00:00] [INFO] Начинаем парсинг @godfred_xcuz с режимом 'incremental'
[2025-08-31T14:12:40.382721+00:00] [ERROR] Таймаут при загрузке страницы @godfred_xcuz или не найдены твиты.
[2025-08-31T14:12:40.418444+00:00] [INFO] --- Перерыв перед следующим аккаунтом ---
[2025-08-31T14:12:47.287986+00:00] [INFO] Начинаем парсинг @ScoobyDCrypto с режимом 'incremental'
[2025-08-31T14:13:10.172485+00:00] [ERROR] Таймаут при загрузке страницы @ScoobyDCrypto или не найдены твиты.
[2025-08-31T14:13:10.216586+00:00] [INFO] --- Перерыв перед следующим аккаунтом ---
[2025-08-31T14:13:15.304658+00:00] [INFO] Начинаем парсинг @SimpleSwing с режимом 'incremental'
[2025-08-31T14:13:38.076955+00:00] [ERROR] Таймаут при загрузке страницы @SimpleSwing или не найдены твиты.
[2025-08-31T14:13:38.107860+00:00] [INFO] --- Перерыв перед следующим аккаунтом ---
[2025-08-31T14:13:47.030141+00:00] [INFO] Начинаем парсинг @VladCryptov с режимом 'incremental'
[2025-08-31T14:14:09.897337+00:00] [ERROR] Таймаут при загрузке страницы @VladCryptov или не найдены твиты.
[2025-08-31T14:14:09.943289+00:00] [INFO] --- Перерыв перед следующим аккаунтом ---
[2025-08-31T14:14:17.827511+00:00] [INFO] Начинаем парсинг @noble__legend с режимом 'incremental'
[2025-08-31T14:14:22.953885+00:00] [INFO] Страница @noble__legend успешно загружена.
[2025-08-31T14:14:22.996514+00:00] [INFO] @noble__legend: Найдено новых твитов: 3/200
[2025-08-31T14:14:26.530175+00:00] [INFO] @noble__legend: Найдено новых твитов: 8/200
[2025-08-31T14:14:29.237218+00:00] [INFO] @noble__legend: Найдено новых твитов: 16/200
[2025-08-31T14:14:32.199200+00:00] [INFO] @noble__legend: Найдено новых твитов: 21/200
[2025-08-31T14:14:35.827269+00:00] [INFO] @noble__legend: Найдено новых твитов: 31/200
[2025-08-31T14:14:39.422709+00:00] [INFO] @noble__legend: Найдено новых твитов: 36/200
[2025-08-31T14:14:41.817869+00:00] [INFO] @noble__legend: Найдено новых твитов: 40/200
[2025-08-31T14:14:45.639929+00:00] [INFO] @noble__legend: Найдено новых твитов: 47/200
[2025-08-31T14:14:48.914552+00:00] [INFO] @noble__legend: Сохраняем промежуточный результат (50 новых твитов)...
[2025-08-31T14:14:48.971397+00:00] [INFO] @noble__legend: Найдено новых твитов: 55/200
[2025-08-31T14:14:51.899850+00:00] [INFO] @noble__legend: Найдено новых твитов: 63/200
[2025-08-31T14:14:54.670873+00:00] [INFO] @noble__legend: Найдено новых твитов: 73/200
[2025-08-31T14:14:57.292512+00:00] [INFO] @noble__legend: Найдено новых твитов: 79/200
[2025-08-31T14:15:01.120534+00:00] [INFO] @noble__legend: Найдено новых твитов: 87/200
[2025-08-31T14:15:03.711849+00:00] [INFO] @noble__legend: Сохраняем промежуточный результат (100 новых твитов)...
[2025-08-31T14:15:03.713386+00:00] [INFO] @noble__legend: Найдено новых твитов: 100/200
[2025-08-31T14:15:07.157916+00:00] [INFO] @noble__legend: Найдено новых твитов: 111/200
[2025-08-31T14:15:10.201362+00:00] [INFO] @noble__legend: Найдено новых твитов: 118/200
[2025-08-31T14:15:13.773129+00:00] [INFO] @noble__legend: Найдено новых твитов: 126/200
[2025-08-31T14:15:16.881515+00:00] [INFO] @noble__legend: Найдено новых твитов: 133/200
[2025-08-31T14:15:19.391537+00:00] [INFO] @noble__legend: Найдено новых твитов: 143/200
[2025-08-31T14:15:23.422724+00:00] [INFO] @noble__legend: Сохраняем промежуточный результат (150 новых твитов)...
[2025-08-31T14:15:23.469305+00:00] [INFO] @noble__legend: Найдено новых твитов: 154/200
[2025-08-31T14:15:27.302877+00:00] [INFO] @noble__legend: Найдено новых твитов: 162/200
[2025-08-31T14:15:30.375646+00:00] [INFO] @noble__legend: Найдено новых твитов: 172/200
[2025-08-31T14:15:33.249109+00:00] [INFO] @noble__legend: Найдено новых твитов: 179/200
[2025-08-31T14:15:37.094311+00:00] [INFO] @noble__legend: Найдено новых твитов: 186/200
[2025-08-31T14:15:40.473187+00:00] [INFO] @noble__legend: Найдено новых твитов: 193/200
[2025-08-31T14:15:42.672050+00:00] [INFO] @noble__legend: Найдено новых твитов: 198/200
[2025-08-31T14:15:45.239391+00:00] [INFO] @noble__legend: Сохраняем промежуточный результат (200 новых твитов)...
[2025-08-31T14:15:45.242758+00:00] [INFO] @noble__legend: Найдено новых твитов: 200/200
[2025-08-31T14:15:47.933112+00:00] [INFO] @noble__legend: Найдено 200 новых твитов. Сохранение итогового результата...
[2025-08-31T14:15:47.935396+00:00] [INFO] ✅ @noble__legend: Готово. Всего твитов в файле: 200.
[2025-08-31T14:15:47.935469+00:00] [INFO] --- Перерыв перед следующим аккаунтом ---
[2025-08-31T14:15:52.982263+00:00] [INFO] Начинаем парсинг @DZdoski с режимом 'incremental'
[2025-08-31T14:16:00.902786+00:00] [INFO] Страница @DZdoski успешно загружена.
[2025-08-31T14:16:00.989146+00:00] [INFO] @DZdoski: Найдено новых твитов: 4/200
[2025-08-31T14:16:03.750643+00:00] [INFO] @DZdoski: Найдено новых твитов: 10/200
[2025-08-31T14:16:07.357916+00:00] [INFO] @DZdoski: Найдено новых твитов: 18/200
[2025-08-31T14:16:11.366120+00:00] [INFO] @DZdoski: Найдено новых твитов: 23/200
[2025-08-31T14:16:13.956628+00:00] [INFO] @DZdoski: Найдено новых твитов: 30/200
[2025-08-31T14:16:17.832919+00:00] [INFO] @DZdoski: Найдено новых твитов: 39/200
[2025-08-31T14:16:21.181517+00:00] [INFO] @DZdoski: Найдено новых твитов: 43/200
[2025-08-31T14:16:30.162399+00:00] [INFO] @DZdoski: Найдено новых твитов: 49/200
[2025-08-31T14:16:33.256799+00:00] [INFO] @DZdoski: Сохраняем промежуточный результат (50 новых твитов)...
[2025-08-31T14:16:33.340801+00:00] [INFO] @DZdoski: Найдено новых твитов: 57/200
[2025-08-31T14:16:37.043199+00:00] [INFO] @DZdoski: Найдено новых твитов: 61/200
[2025-08-31T14:16:44.556510+00:00] [INFO] @DZdoski: Найдено новых твитов: 69/200
[2025-08-31T14:16:48.445109+00:00] [INFO] @DZdoski: Найдено новых твитов: 77/200
[2025-08-31T14:16:51.966031+00:00] [INFO] @DZdoski: Найдено новых твитов: 81/200
[2025-08-31T14:16:56.066533+00:00] [INFO] @DZdoski: Найдено новых твитов: 93/200
[2025-08-31T14:16:58.264879+00:00] [INFO] @DZdoski: Сохраняем промежуточный результат (100 новых твитов)...
[2025-08-31T14:16:58.266341+00:00] [INFO] @DZdoski: Найдено новых твитов: 100/200
[2025-08-31T14:17:01.348539+00:00] [INFO] @DZdoski: Найдено новых твитов: 108/200
[2025-08-31T14:17:09.313744+00:00] [INFO] @DZdoski: Найдено новых твитов: 116/200
[2025-08-31T14:17:12.943344+00:00] [INFO] @DZdoski: Найдено новых твитов: 122/200
[2025-08-31T14:17:15.935846+00:00] [INFO] @DZdoski: Найдено новых твитов: 130/200
[2025-08-31T14:17:19.867357+00:00] [INFO] @DZdoski: Найдено новых твитов: 135/200
[2025-08-31T14:17:28.777965+00:00] [INFO] @DZdoski: Найдено новых твитов: 140/200
[2025-08-31T14:17:31.905992+00:00] [INFO] @DZdoski: Найдено новых твитов: 147/200
[2025-08-31T14:17:34.303940+00:00] [INFO] @DZdoski: Сохраняем промежуточный результат (150 новых твитов)...
[2025-08-31T14:17:34.326845+00:00] [INFO] @DZdoski: Найдено новых твитов: 152/200
[2025-08-31T14:17:37.669247+00:00] [INFO] @DZdoski: Найдено новых твитов: 157/200
[2025-08-31T14:17:40.639194+00:00] [INFO] @DZdoski: Найдено новых твитов: 164/200
[2025-08-31T14:17:43.337116+00:00] [INFO] @DZdoski: Найдено новых твитов: 171/200
[2025-08-31T14:17:46.071858+00:00] [INFO] @DZdoski: Найдено новых твитов: 178/200
[2025-08-31T14:17:48.671479+00:00] [INFO] @DZdoski: Найдено новых твитов: 185/200
[2025-08-31T14:17:51.210308+00:00] [INFO] @DZdoski: Найдено новых твитов: 190/200
[2025-08-31T14:17:53.708720+00:00] [INFO] @DZdoski: Найдено новых твитов: 197/200
[2025-08-31T14:17:55.945222+00:00] [INFO] @DZdoski: Сохраняем промежуточный результат (200 новых твитов)...
[2025-08-31T14:17:55.947182+00:00] [INFO] @DZdoski: Найдено новых твитов: 200/200
[2025-08-31T14:17:58.477353+00:00] [INFO] @DZdoski: Найдено 200 новых твитов. Сохранение итогового результата...
[2025-08-31T14:17:58.479183+00:00] [INFO] ✅ @DZdoski: Готово. Всего твитов в файле: 200.
[2025-08-31T14:17:58.479242+00:00] [INFO] --- Перерыв перед следующим аккаунтом ---
[2025-08-31T14:18:07.336386+00:00] [INFO] Начинаем парсинг @TheSantiagoVoss с режимом 'incremental'
[2025-08-31T14:18:12.564804+00:00] [INFO] Страница @TheSantiagoVoss успешно загружена.
[2025-08-31T14:18:12.694859+00:00] [INFO] @TheSantiagoVoss: Найдено новых твитов: 3/200
[2025-08-31T14:18:16.801822+00:00] [INFO] @TheSantiagoVoss: Найдено новых твитов: 19/200
[2025-08-31T14:18:20.211181+00:00] [INFO] @TheSantiagoVoss: Найдено новых твитов: 24/200
[2025-08-31T14:18:22.825977+00:00] [INFO] @TheSantiagoVoss: Найдено новых твитов: 32/200
[2025-08-31T14:18:26.864677+00:00] [INFO] @TheSantiagoVoss: Найдено новых твитов: 42/200
[2025-08-31T14:18:29.270702+00:00] [INFO] @TheSantiagoVoss: Сохраняем промежуточный результат (50 новых твитов)...
[2025-08-31T14:18:29.309438+00:00] [INFO] @TheSantiagoVoss: Найдено новых твитов: 53/200
[2025-08-31T14:18:31.661552+00:00] [INFO] @TheSantiagoVoss: Найдено новых твитов: 61/200
[2025-08-31T14:18:34.026261+00:00] [INFO] @TheSantiagoVoss: Найдено новых твитов: 71/200
[2025-08-31T14:18:36.730913+00:00] [INFO] @TheSantiagoVoss: Найдено новых твитов: 76/200
[2025-08-31T14:18:39.282515+00:00] [INFO] @TheSantiagoVoss: Найдено новых твитов: 85/200
[2025-08-31T14:18:48.402663+00:00] [INFO] @TheSantiagoVoss: Найдено новых твитов: 94/200
[2025-08-31T14:18:51.408823+00:00] [INFO] @TheSantiagoVoss: Сохраняем промежуточный результат (100 новых твитов)...
[2025-08-31T14:18:51.450666+00:00] [INFO] @TheSantiagoVoss: Найдено новых твитов: 102/200
[2025-08-31T14:18:55.377472+00:00] [INFO] @TheSantiagoVoss: Найдено новых твитов: 110/200
[2025-08-31T14:18:59.103891+00:00] [INFO] @TheSantiagoVoss: Найдено новых твитов: 116/200
[2025-08-31T14:19:02.832893+00:00] [INFO] @TheSantiagoVoss: Найдено новых твитов: 126/200
[2025-08-31T14:19:06.939259+00:00] [INFO] @TheSantiagoVoss: Найдено новых твитов: 133/200
[2025-08-31T14:19:10.274837+00:00] [INFO] @TheSantiagoVoss: Найдено новых твитов: 142/200
[2025-08-31T14:19:12.532652+00:00] [INFO] @TheSantiagoVoss: Сохраняем промежуточный результат (150 новых твитов)...
[2025-08-31T14:19:12.558066+00:00] [INFO] @TheSantiagoVoss: Найдено новых твитов: 152/200
[2025-08-31T14:19:15.017224+00:00] [INFO] @TheSantiagoVoss: Найдено новых твитов: 161/200
[2025-08-31T14:19:47.887207+00:00] [INFO] @TheSantiagoVoss: Найдено новых твитов: 170/200
[2025-08-31T14:19:51.221935+00:00] [INFO] @TheSantiagoVoss: Найдено новых твитов: 179/200
[2025-08-31T14:19:53.935352+00:00] [INFO] @TheSantiagoVoss: Найдено новых твитов: 189/200
[2025-08-31T14:19:56.696875+00:00] [INFO] @TheSantiagoVoss: Найдено новых твитов: 195/200
[2025-08-31T14:19:58.871757+00:00] [INFO] @TheSantiagoVoss: Сохраняем промежуточный результат (200 новых твитов)...
[2025-08-31T14:19:58.873858+00:00] [INFO] @TheSantiagoVoss: Найдено новых твитов: 200/200
[2025-08-31T14:20:01.051719+00:00] [INFO] @TheSantiagoVoss: Найдено 200 новых твитов. Сохранение итогового результата...
[2025-08-31T14:20:01.053370+00:00] [INFO] ✅ @TheSantiagoVoss: Готово. Всего твитов в файле: 200.
[2025-08-31T14:20:01.053427+00:00] [INFO] --- Перерыв перед следующим аккаунтом ---
[2025-08-31T14:20:06.886904+00:00] [INFO] Начинаем парсинг @aicryptopattern с режимом 'incremental'
[2025-08-31T14:20:12.511567+00:00] [INFO] Страница @aicryptopattern успешно загружена.
[2025-08-31T14:20:12.602949+00:00] [INFO] @aicryptopattern: Найдено новых твитов: 5/200
[2025-08-31T14:20:15.170109+00:00] [INFO] @aicryptopattern: Найдено новых твитов: 15/200
[2025-08-31T14:20:19.226985+00:00] [INFO] @aicryptopattern: Найдено новых твитов: 24/200
[2025-08-31T14:20:23.338190+00:00] [INFO] @aicryptopattern: Найдено новых твитов: 33/200
[2025-08-31T14:20:26.226874+00:00] [INFO] @aicryptopattern: Найдено новых твитов: 43/200
[2025-08-31T14:20:28.594610+00:00] [INFO] @aicryptopattern: Сохраняем промежуточный результат (50 новых твитов)...
[2025-08-31T14:20:28.641517+00:00] [INFO] @aicryptopattern: Найдено новых твитов: 54/200
[2025-08-31T14:20:32.216627+00:00] [INFO] @aicryptopattern: Найдено новых твитов: 64/200
[2025-08-31T14:20:35.801040+00:00] [INFO] @aicryptopattern: Найдено новых твитов: 75/200
[2025-08-31T14:20:38.909046+00:00] [INFO] @aicryptopattern: Найдено новых твитов: 84/200
[2025-08-31T14:20:42.766570+00:00] [INFO] @aicryptopattern: Найдено новых твитов: 94/200
[2025-08-31T14:20:46.429946+00:00] [INFO] @aicryptopattern: Сохраняем промежуточный результат (100 новых твитов)...
[2025-08-31T14:20:46.464404+00:00] [INFO] @aicryptopattern: Найдено новых твитов: 103/200
[2025-08-31T14:20:49.438925+00:00] [INFO] @aicryptopattern: Найдено новых твитов: 115/200
[2025-08-31T14:20:51.903194+00:00] [INFO] @aicryptopattern: Найдено новых твитов: 124/200
[2025-08-31T14:20:55.803075+00:00] [INFO] @aicryptopattern: Найдено новых твитов: 133/200
[2025-08-31T14:20:58.935318+00:00] [INFO] @aicryptopattern: Найдено новых твитов: 144/200
[2025-08-31T14:21:02.358954+00:00] [INFO] @aicryptopattern: Сохраняем промежуточный результат (150 новых твитов)...
[2025-08-31T14:21:02.432936+00:00] [INFO] @aicryptopattern: Найдено новых твитов: 156/200
[2025-08-31T14:21:06.021192+00:00] [INFO] @aicryptopattern: Найдено новых твитов: 162/200
[2025-08-31T14:21:08.328114+00:00] [INFO] @aicryptopattern: Найдено новых твитов: 173/200
[2025-08-31T14:21:12.061852+00:00] [INFO] @aicryptopattern: Найдено новых твитов: 183/200
[2025-08-31T14:21:14.979199+00:00] [INFO] @aicryptopattern: Найдено новых твитов: 194/200
[2025-08-31T14:21:18.801697+00:00] [INFO] @aicryptopattern: Сохраняем промежуточный результат (200 новых твитов)...
[2025-08-31T14:21:18.803381+00:00] [INFO] @aicryptopattern: Найдено новых твитов: 200/200
[2025-08-31T14:21:21.700189+00:00] [INFO] @aicryptopattern: Найдено 200 новых твитов. Сохранение итогового результата...
[2025-08-31T14:21:21.702831+00:00] [INFO] ✅ @aicryptopattern: Готово. Всего твитов в файле: 200.
[2025-08-31T14:21:21.702912+00:00] [INFO] --- Перерыв перед следующим аккаунтом ---
[2025-08-31T14:21:29.281301+00:00] [INFO] Начинаем парсинг @pokee_guru с режимом 'incremental'
[2025-08-31T14:21:34.394681+00:00] [INFO] Страница @pokee_guru успешно загружена.
[2025-08-31T14:21:34.440011+00:00] [INFO] @pokee_guru: Найдено новых твитов: 3/200
[2025-08-31T14:21:37.055030+00:00] [INFO] @pokee_guru: Найдено новых твитов: 9/200
[2025-08-31T14:21:39.876739+00:00] [INFO] @pokee_guru: Найдено новых твитов: 14/200
[2025-08-31T14:21:43.170393+00:00] [INFO] @pokee_guru: Найдено новых твитов: 19/200
[2025-08-31T14:21:45.751691+00:00] [INFO] @pokee_guru: Найдено новых твитов: 23/200
[2025-08-31T14:21:48.151361+00:00] [INFO] @pokee_guru: Найдено новых твитов: 28/200
[2025-08-31T14:21:50.461358+00:00] [INFO] @pokee_guru: Найдено новых твитов: 34/200
[2025-08-31T14:21:53.243493+00:00] [INFO] @pokee_guru: Найдено новых твитов: 40/200
[2025-08-31T14:21:55.665907+00:00] [INFO] @pokee_guru: Найдено новых твитов: 44/200
[2025-08-31T14:21:59.469948+00:00] [INFO] @pokee_guru: Найдено новых твитов: 49/200
[2025-08-31T14:22:01.874176+00:00] [INFO] @pokee_guru: Сохраняем промежуточный результат (50 новых твитов)...
[2025-08-31T14:22:01.943255+00:00] [INFO] @pokee_guru: Найдено новых твитов: 55/200
[2025-08-31T14:22:05.269609+00:00] [INFO] @pokee_guru: Найдено новых твитов: 59/200
[2025-08-31T14:22:08.229757+00:00] [INFO] @pokee_guru: Найдено новых твитов: 59/200
[2025-08-31T14:22:08.229962+00:00] [INFO] @pokee_guru: Прокрутка не дала результатов. Попытка 1/5
[2025-08-31T14:22:12.099807+00:00] [INFO] @pokee_guru: Найдено новых твитов: 59/200
[2025-08-31T14:22:12.100009+00:00] [INFO] @pokee_guru: Прокрутка не дала результатов. Попытка 2/5
[2025-08-31T14:22:15.775261+00:00] [INFO] @pokee_guru: Найдено новых твитов: 59/200
[2025-08-31T14:22:15.775914+00:00] [INFO] @pokee_guru: Прокрутка не дала результатов. Попытка 3/5
[2025-08-31T14:22:18.973933+00:00] [INFO] @pokee_guru: Найдено новых твитов: 59/200
[2025-08-31T14:22:18.974157+00:00] [INFO] @pokee_guru: Прокрутка не дала результатов. Попытка 4/5
[2025-08-31T14:22:22.582480+00:00] [INFO] @pokee_guru: Найдено новых твитов: 59/200
[2025-08-31T14:22:22.582714+00:00] [INFO] @pokee_guru: Прокрутка не дала результатов. Попытка 5/5
[2025-08-31T14:22:22.613940+00:00] [INFO] @pokee_guru: Найдено 59 новых твитов. Сохранение итогового результата...
[2025-08-31T14:22:22.614693+00:00] [INFO] ✅ @pokee_guru: Готово. Всего твитов в файле: 59.
[2025-08-31T14:22:22.614747+00:00] [INFO] --- Перерыв перед следующим аккаунтом ---
[2025-08-31T14:22:27.640870+00:00] [INFO] Начинаем парсинг @lordjpeg_ с режимом 'incremental'
[2025-08-31T14:22:50.376841+00:00] [ERROR] Таймаут при загрузке страницы @lordjpeg_ или не найдены твиты.
[2025-08-31T14:22:50.414162+00:00] [INFO] --- Перерыв перед следующим аккаунтом ---
[2025-08-31T14:22:58.841961+00:00] [INFO] Начинаем парсинг @xiacalls с режимом 'incremental'
[2025-08-31T14:23:21.583800+00:00] [ERROR] Таймаут при загрузке страницы @xiacalls или не найдены твиты.
[2025-08-31T14:23:21.620406+00:00] [INFO] --- Перерыв перед следующим аккаунтом ---
[2025-08-31T14:23:29.979585+00:00] [INFO] Начинаем парсинг @reubs_btc с режимом 'incremental'
[2025-08-31T14:23:52.749904+00:00] [ERROR] Таймаут при загрузке страницы @reubs_btc или не найдены твиты.
[2025-08-31T14:23:52.783750+00:00] [INFO] --- Перерыв перед следующим аккаунтом ---
[2025-08-31T14:24:01.787693+00:00] [INFO] Начинаем парсинг @wronguser000 с режимом 'incremental'
[2025-08-31T14:24:24.529648+00:00] [ERROR] Таймаут при загрузке страницы @wronguser000 или не найдены твиты.
[2025-08-31T14:24:24.573070+00:00] [INFO] --- Перерыв перед следующим аккаунтом ---
[2025-08-31T14:24:31.736371+00:00] [INFO] Начинаем парсинг @MtroX207 с режимом 'incremental'
[2025-08-31T14:24:54.602596+00:00] [ERROR] Таймаут при загрузке страницы @MtroX207 или не найдены твиты.
[2025-08-31T14:24:54.644836+00:00] [INFO] --- Перерыв перед следующим аккаунтом ---
[2025-08-31T14:25:01.835605+00:00] [INFO] Начинаем парсинг @superbnormal с режимом 'incremental'
[2025-08-31T14:25:24.579870+00:00] [ERROR] Таймаут при загрузке страницы @superbnormal или не найдены твиты.
[2025-08-31T14:25:24.624935+00:00] [INFO] --- Перерыв перед следующим аккаунтом ---
[2025-08-31T14:25:31.341745+00:00] [INFO] Начинаем парсинг @hodlandmotivate с режимом 'incremental'
[2025-08-31T14:25:54.298754+00:00] [ERROR] Таймаут при загрузке страницы @hodlandmotivate или не найдены твиты.
[2025-08-31T14:25:54.339635+00:00] [INFO] --- Перерыв перед следующим аккаунтом ---
[2025-08-31T14:26:00.283436+00:00] [INFO] Начинаем парсинг @Rjelly_ с режимом 'incremental'
[2025-08-31T14:26:23.232819+00:00] [ERROR] Таймаут при загрузке страницы @Rjelly_ или не найдены твиты.
[2025-08-31T14:26:23.271036+00:00] [INFO] --- Перерыв перед следующим аккаунтом ---
[2025-08-31T14:26:29.429936+00:00] [INFO] Начинаем парсинг @OkraSF с режимом 'incremental'
[2025-08-31T14:26:52.264407+00:00] [ERROR] Таймаут при загрузке страницы @OkraSF или не найдены твиты.
[2025-08-31T14:26:52.302775+00:00] [INFO] --- Перерыв перед следующим аккаунтом ---
[2025-08-31T14:27:01.979776+00:00] [INFO] Начинаем парсинг @caesar_data с режимом 'incremental'
[2025-08-31T14:27:24.732646+00:00] [ERROR] Таймаут при загрузке страницы @caesar_data или не найдены твиты.
[2025-08-31T14:27:24.765222+00:00] [INFO] --- Перерыв перед следующим аккаунтом ---
[2025-08-31T14:27:29.941729+00:00] [INFO] Начинаем парсинг @SkullcoinBTC с режимом 'incremental'
[2025-08-31T14:27:52.843487+00:00] [ERROR] Таймаут при загрузке страницы @SkullcoinBTC или не найдены твиты.
[2025-08-31T14:27:52.883605+00:00] [INFO] --- Перерыв перед следующим аккаунтом ---
[2025-08-31T14:27:59.272590+00:00] [INFO] Начинаем парсинг @soltaicho с режимом 'incremental'
[2025-08-31T14:28:28.095909+00:00] [ERROR] Таймаут при загрузке страницы @soltaicho или не найдены твиты.
[2025-08-31T14:28:28.138592+00:00] [INFO] --- Перерыв перед следующим аккаунтом ---
[2025-08-31T14:28:37.165679+00:00] [INFO] Начинаем парсинг @Nalsenrud с режимом 'incremental'
[2025-08-31T14:28:59.927068+00:00] [ERROR] Таймаут при загрузке страницы @Nalsenrud или не найдены твиты.
[2025-08-31T14:28:59.966142+00:00] [INFO] --- Перерыв перед следующим аккаунтом ---
[2025-08-31T14:29:21.780414+00:00] [INFO] Начинаем парсинг @ryanwb44 с режимом 'incremental'
[2025-08-31T14:29:29.730249+00:00] [INFO] Страница @ryanwb44 успешно загружена.
[2025-08-31T14:29:29.830827+00:00] [INFO] @ryanwb44: Найдено новых твитов: 4/200
[2025-08-31T14:29:32.198463+00:00] [INFO] @ryanwb44: Найдено новых твитов: 10/200
[2025-08-31T14:29:35.421925+00:00] [INFO] @ryanwb44: Найдено новых твитов: 18/200
[2025-08-31T14:29:38.019043+00:00] [INFO] @ryanwb44: Найдено новых твитов: 23/200
[2025-08-31T14:29:41.464096+00:00] [INFO] @ryanwb44: Найдено новых твитов: 30/200
[2025-08-31T14:29:45.690854+00:00] [INFO] @ryanwb44: Найдено новых твитов: 39/200
[2025-08-31T14:29:53.157600+00:00] [INFO] @ryanwb44: Найдено новых твитов: 45/200
[2025-08-31T14:29:56.305316+00:00] [INFO] @ryanwb44: Сохраняем промежуточный результат (50 новых твитов)...
[2025-08-31T14:30:26.402033+00:00] [INFO] @ryanwb44: Найдено новых твитов: 55/200
[2025-08-31T14:31:00.531041+00:00] [INFO] @ryanwb44: Найдено новых твитов: 60/200
[2025-08-31T14:31:32.738885+00:00] [INFO] @ryanwb44: Найдено новых твитов: 66/200
[2025-08-31T14:31:35.081555+00:00] [INFO] @ryanwb44: Найдено новых твитов: 72/200
[2025-08-31T14:31:37.533121+00:00] [INFO] @ryanwb44: Найдено новых твитов: 78/200
[2025-08-31T14:31:41.223337+00:00] [INFO] @ryanwb44: Найдено новых твитов: 85/200
[2025-08-31T14:31:43.578655+00:00] [INFO] @ryanwb44: Найдено новых твитов: 93/200
[2025-08-31T14:31:47.233103+00:00] [INFO] @ryanwb44: Найдено новых твитов: 99/200
[2025-08-31T14:31:49.753202+00:00] [INFO] @ryanwb44: Сохраняем промежуточный результат (100 новых твитов)...
[2025-08-31T14:31:49.882163+00:00] [INFO] @ryanwb44: Найдено новых твитов: 106/200
[2025-08-31T14:31:53.431004+00:00] [INFO] @ryanwb44: Найдено новых твитов: 112/200
[2025-08-31T14:31:56.387816+00:00] [INFO] @ryanwb44: Найдено новых твитов: 120/200
[2025-08-31T14:32:00.069608+00:00] [INFO] @ryanwb44: Найдено новых твитов: 126/200
[2025-08-31T14:32:02.765083+00:00] [INFO] @ryanwb44: Найдено новых твитов: 133/200
[2025-08-31T14:32:06.050645+00:00] [INFO] @ryanwb44: Найдено новых твитов: 139/200
[2025-08-31T14:32:08.367251+00:00] [INFO] @ryanwb44: Найдено новых твитов: 144/200
[2025-08-31T14:32:11.426120+00:00] [INFO] @ryanwb44: Сохраняем промежуточный результат (150 новых твитов)...
[2025-08-31T14:32:11.449738+00:00] [INFO] @ryanwb44: Найдено новых твитов: 151/200
[2025-08-31T14:32:14.420459+00:00] [INFO] @ryanwb44: Найдено новых твитов: 157/200
[2025-08-31T14:32:18.098839+00:00] [INFO] @ryanwb44: Найдено новых твитов: 164/200
[2025-08-31T14:32:20.403646+00:00] [INFO] @ryanwb44: Найдено новых твитов: 171/200
[2025-08-31T14:32:28.507037+00:00] [INFO] @ryanwb44: Найдено новых твитов: 175/200
[2025-08-31T14:32:31.603232+00:00] [INFO] @ryanwb44: Найдено новых твитов: 183/200
[2025-08-31T14:32:34.115637+00:00] [INFO] @ryanwb44: Найдено новых твитов: 190/200
[2025-08-31T14:32:37.484346+00:00] [INFO] @ryanwb44: Найдено новых твитов: 196/200
[2025-08-31T14:32:39.618742+00:00] [INFO] @ryanwb44: Сохраняем промежуточный результат (200 новых твитов)...
[2025-08-31T14:32:39.621425+00:00] [INFO] @ryanwb44: Найдено новых твитов: 200/200
[2025-08-31T14:32:43.703676+00:00] [INFO] @ryanwb44: Найдено 200 новых твитов. Сохранение итогового результата...
[2025-08-31T14:32:43.706313+00:00] [INFO] ✅ @ryanwb44: Готово. Всего твитов в файле: 200.
[2025-08-31T14:32:43.706447+00:00] [INFO] --- Перерыв перед следующим аккаунтом ---
[2025-08-31T14:32:49.846279+00:00] [INFO] Начинаем парсинг @TheEugeneCrypto с режимом 'incremental'
[2025-08-31T14:32:57.604275+00:00] [INFO] Страница @TheEugeneCrypto успешно загружена.
[2025-08-31T14:32:57.822070+00:00] [INFO] @TheEugeneCrypto: Найдено новых твитов: 1/200
[2025-08-31T14:33:00.319275+00:00] [INFO] @TheEugeneCrypto: Найдено новых твитов: 10/200
